#
# There is insufficient memory for the Java Runtime Environment to continue.
# Native memory allocation (malloc) failed to allocate 1598416 bytes for Chunk::new
# Possible reasons:
#   The system is out of physical RAM or swap space
#   The process is running with CompressedOops enabled, and the Java Heap may be blocking the growth of the native heap
# Possible solutions:
#   Reduce memory load on the system
#   Increase physical memory or swap space
#   Check if swap backing store is full
#   Decrease Java heap size (-Xmx/-Xms)
#   Decrease number of Java threads
#   Decrease Java thread stack sizes (-Xss)
#   Set larger code cache with -XX:ReservedCodeCacheSize=
#   JVM is running with Unscaled Compressed Oops mode in which the Java heap is
#     placed in the first 4GB address space. The Java Heap base address is the
#     maximum limit for the native heap growth. Please use -XX:HeapBaseMinAddress
#     to set the Java Heap base and to place the Java Heap above 4GB virtual address.
# This output file may be truncated or incomplete.
#
#  Out of Memory Error (arena.cpp:189), pid=46780, tid=36296
#
# JRE version: OpenJDK Runtime Environment (17.0.7) (build 17.0.7+0-b2043.56-10550314)
# Java VM: OpenJDK 64-Bit Server VM (17.0.7+0-b2043.56-10550314, mixed mode, tiered, compressed oops, compressed class ptrs, g1 gc, windows-amd64)
# No core dump will be written. Minidumps are not enabled by default on client versions of Windows
#

---------------  S U M M A R Y ------------

Command Line: --add-opens=java.base/java.util=ALL-UNNAMED --add-opens=java.base/java.lang=ALL-UNNAMED --add-opens=java.base/java.lang.invoke=ALL-UNNAMED --add-opens=java.prefs/java.util.prefs=ALL-UNNAMED --add-opens=java.base/java.nio.charset=ALL-UNNAMED --add-opens=java.base/java.net=ALL-UNNAMED --add-opens=java.base/java.util.concurrent.atomic=ALL-UNNAMED -Xmx2048m -Dfile.encoding=UTF-8 -Duser.country=KR -Duser.language=ko -Duser.variant -javaagent:C:\Users\82104\.gradle\wrapper\dists\gradle-8.2-bin\bbg7u40eoinfdyxsxr3z4i7ta\gradle-8.2\lib\agents\gradle-instrumentation-agent-8.2.jar org.gradle.launcher.daemon.bootstrap.GradleDaemon 8.2

Host: 11th Gen Intel(R) Core(TM) i5-1135G7 @ 2.40GHz, 8 cores, 7G,  Windows 11 , 64 bit Build 22621 (10.0.22621.4391)
Time: Tue Dec 10 17:37:13 2024  Windows 11 , 64 bit Build 22621 (10.0.22621.4391) elapsed time: 29.902493 seconds (0d 0h 0m 29s)

---------------  T H R E A D  ---------------

Current thread (0x0000015f3350bb40):  JavaThread "C2 CompilerThread0" daemon [_thread_in_native, id=36296, stack(0x0000003881700000,0x0000003881800000)]


Current CompileTask:
C2:  29902 13052       4       java.net.URLClassLoader$1::run (5 bytes)

Stack: [0x0000003881700000,0x0000003881800000]
Native frames: (J=compiled Java code, j=interpreted, Vv=VM code, C=native code)
V  [jvm.dll+0x683bfa]
V  [jvm.dll+0x8430a4]
V  [jvm.dll+0x8449be]
V  [jvm.dll+0x845023]
V  [jvm.dll+0x24ad2f]
V  [jvm.dll+0xac25c]
V  [jvm.dll+0xac82c]
V  [jvm.dll+0x36a132]
V  [jvm.dll+0x334821]
V  [jvm.dll+0x333cca]
V  [jvm.dll+0x21d251]
V  [jvm.dll+0x21c671]
V  [jvm.dll+0x1a605d]
V  [jvm.dll+0x22c148]
V  [jvm.dll+0x22a209]
V  [jvm.dll+0x7f858c]
V  [jvm.dll+0x7f2aea]
V  [jvm.dll+0x682a35]
C  [ucrtbase.dll+0x29333]
C  [KERNEL32.DLL+0x1259d]
C  [ntdll.dll+0x5af38]


---------------  P R O C E S S  ---------------

Threads class SMR info:
_java_thread_list=0x0000015f39909ab0, length=136, elements={
0x0000015f194e01d0, 0x0000015f3338e020, 0x0000015f333612b0, 0x0000015f334d7ec0,
0x0000015f334d8880, 0x0000015f334d9330, 0x0000015f3350a890, 0x0000015f3350bb40,
0x0000015f33515000, 0x0000015f3352e0f0, 0x0000015f335b0870, 0x0000015f337c1170,
0x0000015f390a1340, 0x0000015f39754540, 0x0000015f39aa3380, 0x0000015f39d715c0,
0x0000015f39311200, 0x0000015f39d079c0, 0x0000015f39d07e90, 0x0000015f39497c10,
0x0000015f394d3ee0, 0x0000015f394d43b0, 0x0000015f394d4880, 0x0000015f394d4d50,
0x0000015f394d3070, 0x0000015f394d5220, 0x0000015f394d6560, 0x0000015f394d56f0,
0x0000015f394d3540, 0x0000015f394d6a30, 0x0000015f394d5bc0, 0x0000015f394d3a10,
0x0000015f394d6090, 0x0000015f3aefb960, 0x0000015f3aef8e10, 0x0000015f3aefbe30,
0x0000015f3aef9c80, 0x0000015f3aefc7d0, 0x0000015f3aef7600, 0x0000015f3aefa150,
0x0000015f3aef7fa0, 0x0000015f3aefa620, 0x0000015f3aefc300, 0x0000015f3aefaaf0,
0x0000015f3aefcca0, 0x0000015f3aefd170, 0x0000015f3aef7ad0, 0x0000015f3aef8470,
0x0000015f3aefd640, 0x0000015f3aefb490, 0x0000015f3aef8940, 0x0000015f381f3960,
0x0000015f381f4ca0, 0x0000015f381f6e50, 0x0000015f381f5640, 0x0000015f381f2af0,
0x0000015f381f5b10, 0x0000015f381f3e30, 0x0000015f381f0e10, 0x0000015f381f2fc0,
0x0000015f381f5fe0, 0x0000015f381f3490, 0x0000015f381f0940, 0x0000015f381f17b0,
0x0000015f381f4300, 0x0000015f381effa0, 0x0000015f381f0470, 0x0000015f381f12e0,
0x0000015f381f47d0, 0x0000015f381f5170, 0x0000015f381f2150, 0x0000015f381f6980,
0x0000015f3bf22770, 0x0000015f3bf205c0, 0x0000015f3bf20a90, 0x0000015f3bf24920,
0x0000015f3bf26130, 0x0000015f3bf252c0, 0x0000015f3bf23110, 0x0000015f3bf25790,
0x0000015f3bf25c60, 0x0000015f3bf26600, 0x0000015f3bf26ad0, 0x0000015f3bf24df0,
0x0000015f3bf26fa0, 0x0000015f3bf27470, 0x0000015f3bf23f80, 0x0000015f3bf27940,
0x0000015f3bf27e10, 0x0000015f3bf20f60, 0x0000015f3bf24450, 0x0000015f3bf235e0,
0x0000015f3bf21900, 0x0000015f3bf21430, 0x0000015f3bf21dd0, 0x0000015f3bf222a0,
0x0000015f3bf23ab0, 0x0000015f3c3cc290, 0x0000015f3c3d0120, 0x0000015f3c3ce440,
0x0000015f3c3ccc30, 0x0000015f3c3d1930, 0x0000015f3c3d05f0, 0x0000015f3c3cc760,
0x0000015f3c3cd5d0, 0x0000015f3c3cb8f0, 0x0000015f3c3cd100, 0x0000015f3c3cdaa0,
0x0000015f3c3d1e00, 0x0000015f3c3d22d0, 0x0000015f3c3ce910, 0x0000015f3c3cede0,
0x0000015f3c3cdf70, 0x0000015f3c3d27a0, 0x0000015f3c3d0ac0, 0x0000015f3c3cf2b0,
0x0000015f3c3cf780, 0x0000015f3c3d2c70, 0x0000015f3c3cfc50, 0x0000015f3c3d0f90,
0x0000015f3c3cbdc0, 0x0000015f3c442550, 0x0000015f3c441210, 0x0000015f3c442a20,
0x0000015f3c43d380, 0x0000015f3c43c510, 0x0000015f3c43e6c0, 0x0000015f3c43bb70,
0x0000015f3c43fed0, 0x0000015f3c43f530, 0x0000015f3c440d40, 0x0000015f3c442ef0,
0x0000015f3c43e1f0, 0x0000015f3c43c040, 0x0000015f3c4433c0, 0x0000015f3c4416e0
}

Java Threads: ( => current thread )
  0x0000015f194e01d0 JavaThread "main" [_thread_blocked, id=34836, stack(0x0000003880a00000,0x0000003880b00000)]
  0x0000015f3338e020 JavaThread "Reference Handler" daemon [_thread_blocked, id=32276, stack(0x0000003881100000,0x0000003881200000)]
  0x0000015f333612b0 JavaThread "Finalizer" daemon [_thread_blocked, id=28180, stack(0x0000003881200000,0x0000003881300000)]
  0x0000015f334d7ec0 JavaThread "Signal Dispatcher" daemon [_thread_blocked, id=4312, stack(0x0000003881300000,0x0000003881400000)]
  0x0000015f334d8880 JavaThread "Attach Listener" daemon [_thread_blocked, id=35252, stack(0x0000003881400000,0x0000003881500000)]
  0x0000015f334d9330 JavaThread "Service Thread" daemon [_thread_blocked, id=1260, stack(0x0000003881500000,0x0000003881600000)]
  0x0000015f3350a890 JavaThread "Monitor Deflation Thread" daemon [_thread_blocked, id=36440, stack(0x0000003881600000,0x0000003881700000)]
=>0x0000015f3350bb40 JavaThread "C2 CompilerThread0" daemon [_thread_in_native, id=36296, stack(0x0000003881700000,0x0000003881800000)]
  0x0000015f33515000 JavaThread "C1 CompilerThread0" daemon [_thread_blocked, id=46616, stack(0x0000003881800000,0x0000003881900000)]
  0x0000015f3352e0f0 JavaThread "Sweeper thread" daemon [_thread_blocked, id=43680, stack(0x0000003881900000,0x0000003881a00000)]
  0x0000015f335b0870 JavaThread "Common-Cleaner" daemon [_thread_blocked, id=10616, stack(0x0000003881a00000,0x0000003881b00000)]
  0x0000015f337c1170 JavaThread "Notification Thread" daemon [_thread_blocked, id=51176, stack(0x0000003881b00000,0x0000003881c00000)]
  0x0000015f390a1340 JavaThread "Daemon health stats" [_thread_blocked, id=47460, stack(0x0000003882200000,0x0000003882300000)]
  0x0000015f39754540 JavaThread "Incoming local TCP Connector on port 64181" [_thread_in_native, id=12372, stack(0x0000003882300000,0x0000003882400000)]
  0x0000015f39aa3380 JavaThread "Daemon periodic checks" [_thread_blocked, id=21184, stack(0x0000003882400000,0x0000003882500000)]
  0x0000015f39d715c0 JavaThread "Daemon" [_thread_blocked, id=8132, stack(0x0000003882500000,0x0000003882600000)]
  0x0000015f39311200 JavaThread "Handler for socket connection from /127.0.0.1:64181 to /127.0.0.1:64182" [_thread_in_native, id=2136, stack(0x0000003882600000,0x0000003882700000)]
  0x0000015f39d079c0 JavaThread "Cancel handler" [_thread_blocked, id=13896, stack(0x0000003882700000,0x0000003882800000)]
  0x0000015f39d07e90 JavaThread "Daemon worker" [_thread_blocked, id=31244, stack(0x0000003882800000,0x0000003882900000)]
  0x0000015f39497c10 JavaThread "Asynchronous log dispatcher for DefaultDaemonConnection: socket connection from /127.0.0.1:64181 to /127.0.0.1:64182" [_thread_blocked, id=26792, stack(0x0000003882900000,0x0000003882a00000)]
  0x0000015f394d3ee0 JavaThread "Stdin handler" [_thread_blocked, id=37968, stack(0x0000003882a00000,0x0000003882b00000)]
  0x0000015f394d43b0 JavaThread "Daemon client event forwarder" [_thread_blocked, id=16572, stack(0x0000003882b00000,0x0000003882c00000)]
  0x0000015f394d4880 JavaThread "Cache worker for journal cache (C:\Users\82104\.gradle\caches\journal-1)" [_thread_blocked, id=43820, stack(0x0000003883000000,0x0000003883100000)]
  0x0000015f394d4d50 JavaThread "File lock request listener" [_thread_in_native, id=30712, stack(0x0000003883100000,0x0000003883200000)]
  0x0000015f394d3070 JavaThread "Cache worker for file hash cache (C:\Users\82104\.gradle\caches\8.2\fileHashes)" [_thread_blocked, id=40220, stack(0x0000003883200000,0x0000003883300000)]
  0x0000015f394d5220 JavaThread "File watcher server" daemon [_thread_in_native, id=39572, stack(0x0000003883300000,0x0000003883400000)]
  0x0000015f394d6560 JavaThread "File watcher consumer" daemon [_thread_blocked, id=28072, stack(0x0000003883400000,0x0000003883500000)]
  0x0000015f394d56f0 JavaThread "Cache worker for checksums cache (C:\Users\82104\AndroidStudioProjects\petopia11\.gradle\8.2\checksums)" [_thread_blocked, id=21868, stack(0x0000003883500000,0x0000003883600000)]
  0x0000015f394d3540 JavaThread "Cache worker for cache directory md-rule (C:\Users\82104\.gradle\caches\8.2\md-rule)" [_thread_blocked, id=10164, stack(0x0000003883600000,0x0000003883700000)]
  0x0000015f394d6a30 JavaThread "Cache worker for file content cache (C:\Users\82104\.gradle\caches\8.2\fileContent)" [_thread_blocked, id=37160, stack(0x0000003883700000,0x0000003883800000)]
  0x0000015f394d5bc0 JavaThread "Cache worker for file hash cache (C:\Users\82104\AndroidStudioProjects\petopia11\.gradle\8.2\fileHashes)" [_thread_blocked, id=21428, stack(0x0000003883800000,0x0000003883900000)]
  0x0000015f394d3a10 JavaThread "Cache worker for cache directory md-supplier (C:\Users\82104\.gradle\caches\8.2\md-supplier)" [_thread_blocked, id=15012, stack(0x0000003883900000,0x0000003883a00000)]
  0x0000015f394d6090 JavaThread "Cache worker for execution history cache (C:\Users\82104\.gradle\caches\8.2\executionHistory)" [_thread_blocked, id=46908, stack(0x0000003882100000,0x0000003882200000)]
  0x0000015f3aefb960 JavaThread "jar transforms" [_thread_blocked, id=18804, stack(0x0000003883c00000,0x0000003883d00000)]
  0x0000015f3aef8e10 JavaThread "jar transforms Thread 2" [_thread_blocked, id=45556, stack(0x0000003883d00000,0x0000003883e00000)]
  0x0000015f3aefbe30 JavaThread "Cache worker for kotlin-dsl (C:\Users\82104\.gradle\caches\8.2\kotlin-dsl)" [_thread_blocked, id=33656, stack(0x0000003883e00000,0x0000003883f00000)]
  0x0000015f3aef9c80 JavaThread "jar transforms Thread 3" [_thread_blocked, id=14432, stack(0x0000003883f00000,0x0000003884000000)]
  0x0000015f3aefc7d0 JavaThread "jar transforms Thread 4" [_thread_blocked, id=2764, stack(0x0000003884000000,0x0000003884100000)]
  0x0000015f3aef7600 JavaThread "jar transforms Thread 5" [_thread_blocked, id=48500, stack(0x0000003884100000,0x0000003884200000)]
  0x0000015f3aefa150 JavaThread "jar transforms Thread 6" [_thread_blocked, id=25552, stack(0x0000003884200000,0x0000003884300000)]
  0x0000015f3aef7fa0 JavaThread "Cache worker for dependencies-accessors (C:\Users\82104\AndroidStudioProjects\petopia11\.gradle\8.2\dependencies-accessors)" [_thread_blocked, id=37548, stack(0x0000003884300000,0x0000003884400000)]
  0x0000015f3aefa620 JavaThread "Cache worker for Build Output Cleanup Cache (C:\Users\82104\AndroidStudioProjects\petopia11\.gradle\buildOutputCleanup)" [_thread_blocked, id=37684, stack(0x0000003884400000,0x0000003884500000)]
  0x0000015f3aefc300 JavaThread "jar transforms Thread 7" [_thread_blocked, id=2104, stack(0x0000003884500000,0x0000003884600000)]
  0x0000015f3aefaaf0 JavaThread "jar transforms Thread 8" [_thread_blocked, id=16900, stack(0x0000003884600000,0x0000003884700000)]
  0x0000015f3aefcca0 JavaThread "Unconstrained build operations" [_thread_blocked, id=29036, stack(0x0000003884800000,0x0000003884900000)]
  0x0000015f3aefd170 JavaThread "Unconstrained build operations Thread 2" [_thread_blocked, id=31176, stack(0x0000003884900000,0x0000003884a00000)]
  0x0000015f3aef7ad0 JavaThread "Unconstrained build operations Thread 3" [_thread_blocked, id=40104, stack(0x0000003884a00000,0x0000003884b00000)]
  0x0000015f3aef8470 JavaThread "Unconstrained build operations Thread 4" [_thread_blocked, id=50292, stack(0x0000003884b00000,0x0000003884c00000)]
  0x0000015f3aefd640 JavaThread "Unconstrained build operations Thread 5" [_thread_blocked, id=49440, stack(0x0000003884c00000,0x0000003884d00000)]
  0x0000015f3aefb490 JavaThread "Unconstrained build operations Thread 6" [_thread_blocked, id=46472, stack(0x0000003884d00000,0x0000003884e00000)]
  0x0000015f3aef8940 JavaThread "Unconstrained build operations Thread 7" [_thread_blocked, id=17784, stack(0x0000003884e00000,0x0000003884f00000)]
  0x0000015f381f3960 JavaThread "build event listener" [_thread_blocked, id=32036, stack(0x0000003884f00000,0x0000003885000000)]
  0x0000015f381f4ca0 JavaThread "Memory manager" [_thread_blocked, id=24828, stack(0x0000003885000000,0x0000003885100000)]
  0x0000015f381f6e50 JavaThread "build event listener" [_thread_blocked, id=48940, stack(0x0000003885100000,0x0000003885200000)]
  0x0000015f381f5640 JavaThread "included builds" [_thread_blocked, id=12404, stack(0x0000003885200000,0x0000003885300000)]
  0x0000015f381f2af0 JavaThread "Execution worker" [_thread_blocked, id=25396, stack(0x0000003885300000,0x0000003885400000)]
  0x0000015f381f5b10 JavaThread "Execution worker Thread 2" [_thread_blocked, id=37532, stack(0x0000003885400000,0x0000003885500000)]
  0x0000015f381f3e30 JavaThread "Execution worker Thread 3" [_thread_blocked, id=31988, stack(0x0000003885500000,0x0000003885600000)]
  0x0000015f381f0e10 JavaThread "Execution worker Thread 4" [_thread_blocked, id=37296, stack(0x0000003885600000,0x0000003885700000)]
  0x0000015f381f2fc0 JavaThread "Execution worker Thread 5" [_thread_in_native, id=39620, stack(0x0000003885700000,0x0000003885800000)]
  0x0000015f381f5fe0 JavaThread "Execution worker Thread 6" [_thread_blocked, id=35168, stack(0x0000003885800000,0x0000003885900000)]
  0x0000015f381f3490 JavaThread "Execution worker Thread 7" [_thread_blocked, id=49024, stack(0x0000003885900000,0x0000003885a00000)]
  0x0000015f381f0940 JavaThread "Cache worker for execution history cache (C:\Users\82104\AndroidStudioProjects\petopia11\.gradle\8.2\executionHistory)" [_thread_blocked, id=16528, stack(0x0000003885a00000,0x0000003885b00000)]
  0x0000015f381f17b0 JavaThread "Unconstrained build operations Thread 8" [_thread_blocked, id=48216, stack(0x0000003885b00000,0x0000003885c00000)]
  0x0000015f381f4300 JavaThread "Unconstrained build operations Thread 9" [_thread_blocked, id=25408, stack(0x0000003885c00000,0x0000003885d00000)]
  0x0000015f381effa0 JavaThread "Unconstrained build operations Thread 10" [_thread_blocked, id=12508, stack(0x0000003885d00000,0x0000003885e00000)]
  0x0000015f381f0470 JavaThread "Unconstrained build operations Thread 11" [_thread_blocked, id=1004, stack(0x0000003885e00000,0x0000003885f00000)]
  0x0000015f381f12e0 JavaThread "Unconstrained build operations Thread 12" [_thread_blocked, id=11328, stack(0x0000003885f00000,0x0000003886000000)]
  0x0000015f381f47d0 JavaThread "Unconstrained build operations Thread 13" [_thread_blocked, id=40296, stack(0x0000003886000000,0x0000003886100000)]
  0x0000015f381f5170 JavaThread "Unconstrained build operations Thread 14" [_thread_blocked, id=33160, stack(0x0000003886100000,0x0000003886200000)]
  0x0000015f381f2150 JavaThread "Unconstrained build operations Thread 15" [_thread_blocked, id=4908, stack(0x0000003886200000,0x0000003886300000)]
  0x0000015f381f6980 JavaThread "Unconstrained build operations Thread 16" [_thread_blocked, id=9348, stack(0x0000003886300000,0x0000003886400000)]
  0x0000015f3bf22770 JavaThread "Unconstrained build operations Thread 17" [_thread_blocked, id=27744, stack(0x0000003886400000,0x0000003886500000)]
  0x0000015f3bf205c0 JavaThread "Unconstrained build operations Thread 18" [_thread_blocked, id=15304, stack(0x0000003886500000,0x0000003886600000)]
  0x0000015f3bf20a90 JavaThread "Unconstrained build operations Thread 19" [_thread_blocked, id=19572, stack(0x0000003886600000,0x0000003886700000)]
  0x0000015f3bf24920 JavaThread "Unconstrained build operations Thread 20" [_thread_blocked, id=39396, stack(0x0000003886700000,0x0000003886800000)]
  0x0000015f3bf26130 JavaThread "Unconstrained build operations Thread 21" [_thread_blocked, id=50568, stack(0x0000003886800000,0x0000003886900000)]
  0x0000015f3bf252c0 JavaThread "Unconstrained build operations Thread 22" [_thread_blocked, id=18728, stack(0x0000003886900000,0x0000003886a00000)]
  0x0000015f3bf23110 JavaThread "Unconstrained build operations Thread 23" [_thread_blocked, id=4112, stack(0x0000003886a00000,0x0000003886b00000)]
  0x0000015f3bf25790 JavaThread "Unconstrained build operations Thread 24" [_thread_blocked, id=4668, stack(0x0000003886b00000,0x0000003886c00000)]
  0x0000015f3bf25c60 JavaThread "Unconstrained build operations Thread 25" [_thread_blocked, id=24508, stack(0x0000003886c00000,0x0000003886d00000)]
  0x0000015f3bf26600 JavaThread "Unconstrained build operations Thread 26" [_thread_blocked, id=25872, stack(0x0000003886d00000,0x0000003886e00000)]
  0x0000015f3bf26ad0 JavaThread "Unconstrained build operations Thread 27" [_thread_blocked, id=45628, stack(0x0000003886e00000,0x0000003886f00000)]
  0x0000015f3bf24df0 JavaThread "Unconstrained build operations Thread 28" [_thread_blocked, id=22260, stack(0x0000003886f00000,0x0000003887000000)]
  0x0000015f3bf26fa0 JavaThread "Unconstrained build operations Thread 29" [_thread_blocked, id=12724, stack(0x0000003887000000,0x0000003887100000)]
  0x0000015f3bf27470 JavaThread "Unconstrained build operations Thread 30" [_thread_blocked, id=35008, stack(0x0000003887100000,0x0000003887200000)]
  0x0000015f3bf23f80 JavaThread "Unconstrained build operations Thread 31" [_thread_blocked, id=5488, stack(0x0000003887200000,0x0000003887300000)]
  0x0000015f3bf27940 JavaThread "Unconstrained build operations Thread 32" [_thread_blocked, id=23856, stack(0x0000003887300000,0x0000003887400000)]
  0x0000015f3bf27e10 JavaThread "Unconstrained build operations Thread 33" [_thread_blocked, id=37208, stack(0x0000003887400000,0x0000003887500000)]
  0x0000015f3bf20f60 JavaThread "Unconstrained build operations Thread 34" [_thread_blocked, id=2576, stack(0x0000003887500000,0x0000003887600000)]
  0x0000015f3bf24450 JavaThread "Unconstrained build operations Thread 35" [_thread_blocked, id=8776, stack(0x0000003887600000,0x0000003887700000)]
  0x0000015f3bf235e0 JavaThread "Unconstrained build operations Thread 36" [_thread_blocked, id=22648, stack(0x0000003887700000,0x0000003887800000)]
  0x0000015f3bf21900 JavaThread "Unconstrained build operations Thread 37" [_thread_blocked, id=44084, stack(0x0000003887800000,0x0000003887900000)]
  0x0000015f3bf21430 JavaThread "Unconstrained build operations Thread 38" [_thread_blocked, id=15524, stack(0x0000003887900000,0x0000003887a00000)]
  0x0000015f3bf21dd0 JavaThread "Unconstrained build operations Thread 39" [_thread_blocked, id=48172, stack(0x0000003887a00000,0x0000003887b00000)]
  0x0000015f3bf222a0 JavaThread "Unconstrained build operations Thread 40" [_thread_blocked, id=25940, stack(0x0000003887b00000,0x0000003887c00000)]
  0x0000015f3bf23ab0 JavaThread "Unconstrained build operations Thread 41" [_thread_blocked, id=45084, stack(0x0000003887c00000,0x0000003887d00000)]
  0x0000015f3c3cc290 JavaThread "Unconstrained build operations Thread 42" [_thread_blocked, id=32648, stack(0x0000003887d00000,0x0000003887e00000)]
  0x0000015f3c3d0120 JavaThread "Unconstrained build operations Thread 43" [_thread_blocked, id=49576, stack(0x0000003887e00000,0x0000003887f00000)]
  0x0000015f3c3ce440 JavaThread "Unconstrained build operations Thread 44" [_thread_blocked, id=15060, stack(0x0000003887f00000,0x0000003888000000)]
  0x0000015f3c3ccc30 JavaThread "Unconstrained build operations Thread 45" [_thread_blocked, id=2736, stack(0x0000003888000000,0x0000003888100000)]
  0x0000015f3c3d1930 JavaThread "Unconstrained build operations Thread 46" [_thread_blocked, id=45312, stack(0x0000003888100000,0x0000003888200000)]
  0x0000015f3c3d05f0 JavaThread "Unconstrained build operations Thread 47" [_thread_blocked, id=39740, stack(0x0000003888200000,0x0000003888300000)]
  0x0000015f3c3cc760 JavaThread "Unconstrained build operations Thread 48" [_thread_blocked, id=13964, stack(0x0000003888300000,0x0000003888400000)]
  0x0000015f3c3cd5d0 JavaThread "Unconstrained build operations Thread 49" [_thread_blocked, id=41324, stack(0x0000003888400000,0x0000003888500000)]
  0x0000015f3c3cb8f0 JavaThread "Unconstrained build operations Thread 50" [_thread_blocked, id=9812, stack(0x0000003888500000,0x0000003888600000)]
  0x0000015f3c3cd100 JavaThread "Unconstrained build operations Thread 51" [_thread_blocked, id=50296, stack(0x0000003888600000,0x0000003888700000)]
  0x0000015f3c3cdaa0 JavaThread "Unconstrained build operations Thread 52" [_thread_blocked, id=14376, stack(0x0000003888700000,0x0000003888800000)]
  0x0000015f3c3d1e00 JavaThread "Unconstrained build operations Thread 53" [_thread_blocked, id=21968, stack(0x0000003888800000,0x0000003888900000)]
  0x0000015f3c3d22d0 JavaThread "Unconstrained build operations Thread 54" [_thread_blocked, id=39536, stack(0x0000003888900000,0x0000003888a00000)]
  0x0000015f3c3ce910 JavaThread "Unconstrained build operations Thread 55" [_thread_blocked, id=33456, stack(0x0000003888a00000,0x0000003888b00000)]
  0x0000015f3c3cede0 JavaThread "Unconstrained build operations Thread 56" [_thread_blocked, id=50424, stack(0x0000003888b00000,0x0000003888c00000)]
  0x0000015f3c3cdf70 JavaThread "Unconstrained build operations Thread 57" [_thread_blocked, id=41740, stack(0x0000003888c00000,0x0000003888d00000)]
  0x0000015f3c3d27a0 JavaThread "Unconstrained build operations Thread 58" [_thread_blocked, id=36980, stack(0x0000003888d00000,0x0000003888e00000)]
  0x0000015f3c3d0ac0 JavaThread "Unconstrained build operations Thread 59" [_thread_blocked, id=11616, stack(0x0000003888e00000,0x0000003888f00000)]
  0x0000015f3c3cf2b0 JavaThread "Unconstrained build operations Thread 60" [_thread_blocked, id=48388, stack(0x0000003888f00000,0x0000003889000000)]
  0x0000015f3c3cf780 JavaThread "Unconstrained build operations Thread 61" [_thread_blocked, id=23464, stack(0x0000003889000000,0x0000003889100000)]
  0x0000015f3c3d2c70 JavaThread "Unconstrained build operations Thread 62" [_thread_blocked, id=48156, stack(0x0000003889100000,0x0000003889200000)]
  0x0000015f3c3cfc50 JavaThread "Unconstrained build operations Thread 63" [_thread_blocked, id=40928, stack(0x0000003889200000,0x0000003889300000)]
  0x0000015f3c3d0f90 JavaThread "Unconstrained build operations Thread 64" [_thread_blocked, id=1652, stack(0x0000003889300000,0x0000003889400000)]
  0x0000015f3c3cbdc0 JavaThread "Unconstrained build operations Thread 65" [_thread_blocked, id=20944, stack(0x0000003889400000,0x0000003889500000)]
  0x0000015f3c442550 JavaThread "Unconstrained build operations Thread 66" [_thread_blocked, id=36236, stack(0x0000003889500000,0x0000003889600000)]
  0x0000015f3c441210 JavaThread "Unconstrained build operations Thread 67" [_thread_blocked, id=25848, stack(0x0000003889600000,0x0000003889700000)]
  0x0000015f3c442a20 JavaThread "Unconstrained build operations Thread 68" [_thread_blocked, id=38756, stack(0x0000003889700000,0x0000003889800000)]
  0x0000015f3c43d380 JavaThread "Unconstrained build operations Thread 69" [_thread_blocked, id=10992, stack(0x0000003889800000,0x0000003889900000)]
  0x0000015f3c43c510 JavaThread "Unconstrained build operations Thread 70" [_thread_blocked, id=36124, stack(0x0000003889900000,0x0000003889a00000)]
  0x0000015f3c43e6c0 JavaThread "Unconstrained build operations Thread 71" [_thread_blocked, id=32928, stack(0x0000003889a00000,0x0000003889b00000)]
  0x0000015f3c43bb70 JavaThread "Unconstrained build operations Thread 72" [_thread_blocked, id=39264, stack(0x0000003889b00000,0x0000003889c00000)]
  0x0000015f3c43fed0 JavaThread "Unconstrained build operations Thread 73" [_thread_blocked, id=14824, stack(0x0000003889c00000,0x0000003889d00000)]
  0x0000015f3c43f530 JavaThread "Unconstrained build operations Thread 74" [_thread_blocked, id=17504, stack(0x0000003889d00000,0x0000003889e00000)]
  0x0000015f3c440d40 JavaThread "Unconstrained build operations Thread 75" [_thread_blocked, id=39756, stack(0x0000003889e00000,0x0000003889f00000)]
  0x0000015f3c442ef0 JavaThread "Unconstrained build operations Thread 76" [_thread_blocked, id=35716, stack(0x0000003889f00000,0x000000388a000000)]
  0x0000015f3c43e1f0 JavaThread "Unconstrained build operations Thread 77" [_thread_blocked, id=22464, stack(0x000000388a000000,0x000000388a100000)]
  0x0000015f3c43c040 JavaThread "Unconstrained build operations Thread 78" [_thread_blocked, id=49472, stack(0x000000388a100000,0x000000388a200000)]
  0x0000015f3c4433c0 JavaThread "Unconstrained build operations Thread 79" [_thread_blocked, id=16060, stack(0x000000388a200000,0x000000388a300000)]
  0x0000015f3c4416e0 JavaThread "Unconstrained build operations Thread 80" [_thread_blocked, id=24220, stack(0x000000388a300000,0x000000388a400000)]

Other Threads:
  0x0000015f334c3a30 VMThread "VM Thread" [stack: 0x0000003881000000,0x0000003881100000] [id=41716]
  0x0000015f3380cb10 WatcherThread [stack: 0x0000003881c00000,0x0000003881d00000] [id=25000]
  0x0000015f1953c330 GCTaskThread "GC Thread#0" [stack: 0x0000003880b00000,0x0000003880c00000] [id=49364]
  0x0000015f38ac4b40 GCTaskThread "GC Thread#1" [stack: 0x0000003881d00000,0x0000003881e00000] [id=24972]
  0x0000015f38c74de0 GCTaskThread "GC Thread#2" [stack: 0x0000003881e00000,0x0000003881f00000] [id=31000]
  0x0000015f386f5fd0 GCTaskThread "GC Thread#3" [stack: 0x0000003881f00000,0x0000003882000000] [id=50356]
  0x0000015f386f6280 GCTaskThread "GC Thread#4" [stack: 0x0000003882000000,0x0000003882100000] [id=46740]
  0x0000015f398f1aa0 GCTaskThread "GC Thread#5" [stack: 0x0000003882c00000,0x0000003882d00000] [id=24000]
  0x0000015f3a066ab0 GCTaskThread "GC Thread#6" [stack: 0x0000003882d00000,0x0000003882e00000] [id=41552]
  0x0000015f3a1ee350 GCTaskThread "GC Thread#7" [stack: 0x0000003882e00000,0x0000003882f00000] [id=38068]
  0x0000015f1954d270 ConcurrentGCThread "G1 Main Marker" [stack: 0x0000003880c00000,0x0000003880d00000] [id=29024]
  0x0000015f1954e420 ConcurrentGCThread "G1 Conc#0" [stack: 0x0000003880d00000,0x0000003880e00000] [id=22920]
  0x0000015f396774f0 ConcurrentGCThread "G1 Conc#1" [stack: 0x0000003882f00000,0x0000003883000000] [id=45428]
  0x0000015f1959dc60 ConcurrentGCThread "G1 Refine#0" [stack: 0x0000003880e00000,0x0000003880f00000] [id=35988]
  0x0000015f381e67f0 ConcurrentGCThread "G1 Refine#1" [stack: 0x0000003883b00000,0x0000003883c00000] [id=23224]
  0x0000015f1959e680 ConcurrentGCThread "G1 Service" [stack: 0x0000003880f00000,0x0000003881000000] [id=34192]

Threads with active compile tasks:
C2 CompilerThread0    29966 13052       4       java.net.URLClassLoader$1::run (5 bytes)

VM state: not at safepoint (normal execution)

VM Mutex/Monitor currently owned by a thread: None

Heap address: 0x0000000080000000, size: 2048 MB, Compressed Oops mode: 32-bit

CDS archive(s) not mapped
Compressed class space mapped at: 0x0000000100000000-0x0000000140000000, reserved size: 1073741824
Narrow klass base: 0x0000000000000000, Narrow klass shift: 3, Narrow klass range: 0x140000000

GC Precious Log:
 CPUs: 8 total, 8 available
 Memory: 7865M
 Large Page Support: Disabled
 NUMA Support: Disabled
 Compressed Oops: Enabled (32-bit)
 Heap Region Size: 1M
 Heap Min Capacity: 8M
 Heap Initial Capacity: 124M
 Heap Max Capacity: 2G
 Pre-touch: Disabled
 Parallel Workers: 8
 Concurrent Workers: 2
 Concurrent Refinement Workers: 8
 Periodic GC: Disabled

Heap:
 garbage-first heap   total 254976K, used 175830K [0x0000000080000000, 0x0000000100000000)
  region size 1024K, 57 young (58368K), 11 survivors (11264K)
 Metaspace       used 106822K, committed 107584K, reserved 1179648K
  class space    used 14744K, committed 15104K, reserved 1048576K

Heap Regions: E=young(eden), S=young(survivor), O=old, HS=humongous(starts), HC=humongous(continues), CS=collection set, F=free, OA=open archive, CA=closed archive, TAMS=top-at-mark-start (previous, next)
|   0|0x0000000080000000, 0x0000000080100000, 0x0000000080100000|100%|HS|  |TAMS 0x0000000080100000, 0x0000000080000000| Complete 
|   1|0x0000000080100000, 0x0000000080200000, 0x0000000080200000|100%|HC|  |TAMS 0x0000000080200000, 0x0000000080100000| Complete 
|   2|0x0000000080200000, 0x0000000080300000, 0x0000000080300000|100%|HC|  |TAMS 0x0000000080300000, 0x0000000080200000| Complete 
|   3|0x0000000080300000, 0x0000000080400000, 0x0000000080400000|100%|HC|  |TAMS 0x0000000080400000, 0x0000000080300000| Complete 
|   4|0x0000000080400000, 0x0000000080500000, 0x0000000080500000|100%| O|  |TAMS 0x0000000080500000, 0x0000000080400000| Untracked 
|   5|0x0000000080500000, 0x0000000080600000, 0x0000000080600000|100%| O|  |TAMS 0x0000000080600000, 0x0000000080500000| Untracked 
|   6|0x0000000080600000, 0x0000000080700000, 0x0000000080700000|100%| O|  |TAMS 0x0000000080700000, 0x0000000080600000| Untracked 
|   7|0x0000000080700000, 0x0000000080800000, 0x0000000080800000|100%| O|  |TAMS 0x0000000080800000, 0x0000000080700000| Untracked 
|   8|0x0000000080800000, 0x0000000080900000, 0x0000000080900000|100%| O|  |TAMS 0x0000000080900000, 0x0000000080800000| Untracked 
|   9|0x0000000080900000, 0x0000000080a00000, 0x0000000080a00000|100%| O|  |TAMS 0x0000000080a00000, 0x0000000080900000| Untracked 
|  10|0x0000000080a00000, 0x0000000080b00000, 0x0000000080b00000|100%|HS|  |TAMS 0x0000000080b00000, 0x0000000080a00000| Complete 
|  11|0x0000000080b00000, 0x0000000080c00000, 0x0000000080c00000|100%| O|  |TAMS 0x0000000080c00000, 0x0000000080b00000| Untracked 
|  12|0x0000000080c00000, 0x0000000080d00000, 0x0000000080d00000|100%| O|  |TAMS 0x0000000080d00000, 0x0000000080c00000| Untracked 
|  13|0x0000000080d00000, 0x0000000080e00000, 0x0000000080e00000|100%| O|  |TAMS 0x0000000080e00000, 0x0000000080d00000| Untracked 
|  14|0x0000000080e00000, 0x0000000080f00000, 0x0000000080f00000|100%| O|  |TAMS 0x0000000080f00000, 0x0000000080e00000| Untracked 
|  15|0x0000000080f00000, 0x0000000081000000, 0x0000000081000000|100%| O|  |TAMS 0x0000000081000000, 0x0000000080f00000| Untracked 
|  16|0x0000000081000000, 0x0000000081100000, 0x0000000081100000|100%| O|  |TAMS 0x0000000081100000, 0x0000000081000000| Untracked 
|  17|0x0000000081100000, 0x0000000081200000, 0x0000000081200000|100%| O|  |TAMS 0x0000000081200000, 0x0000000081100000| Untracked 
|  18|0x0000000081200000, 0x0000000081300000, 0x0000000081300000|100%| O|  |TAMS 0x0000000081300000, 0x0000000081200000| Untracked 
|  19|0x0000000081300000, 0x0000000081400000, 0x0000000081400000|100%| O|  |TAMS 0x0000000081400000, 0x0000000081300000| Untracked 
|  20|0x0000000081400000, 0x0000000081500000, 0x0000000081500000|100%| O|  |TAMS 0x0000000081500000, 0x0000000081400000| Untracked 
|  21|0x0000000081500000, 0x0000000081600000, 0x0000000081600000|100%| O|  |TAMS 0x0000000081600000, 0x0000000081500000| Untracked 
|  22|0x0000000081600000, 0x0000000081700000, 0x0000000081700000|100%| O|  |TAMS 0x0000000081700000, 0x0000000081600000| Untracked 
|  23|0x0000000081700000, 0x0000000081800000, 0x0000000081800000|100%| O|  |TAMS 0x0000000081800000, 0x0000000081700000| Untracked 
|  24|0x0000000081800000, 0x0000000081900000, 0x0000000081900000|100%| O|  |TAMS 0x0000000081800000, 0x0000000081800000| Untracked 
|  25|0x0000000081900000, 0x0000000081a00000, 0x0000000081a00000|100%| O|  |TAMS 0x0000000081a00000, 0x0000000081900000| Untracked 
|  26|0x0000000081a00000, 0x0000000081b00000, 0x0000000081b00000|100%| O|  |TAMS 0x0000000081b00000, 0x0000000081a00000| Untracked 
|  27|0x0000000081b00000, 0x0000000081c00000, 0x0000000081c00000|100%| O|  |TAMS 0x0000000081c00000, 0x0000000081b00000| Untracked 
|  28|0x0000000081c00000, 0x0000000081d00000, 0x0000000081d00000|100%| O|  |TAMS 0x0000000081d00000, 0x0000000081c00000| Untracked 
|  29|0x0000000081d00000, 0x0000000081e00000, 0x0000000081e00000|100%| O|  |TAMS 0x0000000081e00000, 0x0000000081d00000| Untracked 
|  30|0x0000000081e00000, 0x0000000081f00000, 0x0000000081f00000|100%| O|  |TAMS 0x0000000081f00000, 0x0000000081e00000| Untracked 
|  31|0x0000000081f00000, 0x0000000082000000, 0x0000000082000000|100%| O|  |TAMS 0x0000000082000000, 0x0000000081f00000| Untracked 
|  32|0x0000000082000000, 0x0000000082100000, 0x0000000082100000|100%| O|  |TAMS 0x0000000082100000, 0x0000000082000000| Untracked 
|  33|0x0000000082100000, 0x0000000082200000, 0x0000000082200000|100%| O|  |TAMS 0x0000000082200000, 0x0000000082100000| Untracked 
|  34|0x0000000082200000, 0x0000000082300000, 0x0000000082300000|100%| O|  |TAMS 0x0000000082300000, 0x0000000082200000| Untracked 
|  35|0x0000000082300000, 0x0000000082400000, 0x0000000082400000|100%| O|  |TAMS 0x0000000082400000, 0x0000000082300000| Untracked 
|  36|0x0000000082400000, 0x0000000082500000, 0x0000000082500000|100%| O|  |TAMS 0x0000000082500000, 0x0000000082400000| Untracked 
|  37|0x0000000082500000, 0x0000000082600000, 0x0000000082600000|100%| O|  |TAMS 0x0000000082600000, 0x0000000082500000| Untracked 
|  38|0x0000000082600000, 0x0000000082700000, 0x0000000082700000|100%| O|  |TAMS 0x0000000082700000, 0x0000000082600000| Untracked 
|  39|0x0000000082700000, 0x0000000082800000, 0x0000000082800000|100%| O|  |TAMS 0x0000000082800000, 0x0000000082700000| Untracked 
|  40|0x0000000082800000, 0x0000000082900000, 0x0000000082900000|100%| O|  |TAMS 0x0000000082800000, 0x0000000082800000| Untracked 
|  41|0x0000000082900000, 0x0000000082a00000, 0x0000000082a00000|100%| O|  |TAMS 0x0000000082a00000, 0x0000000082900000| Untracked 
|  42|0x0000000082a00000, 0x0000000082b00000, 0x0000000082b00000|100%|HS|  |TAMS 0x0000000082b00000, 0x0000000082a00000| Complete 
|  43|0x0000000082b00000, 0x0000000082c00000, 0x0000000082c00000|100%|HS|  |TAMS 0x0000000082c00000, 0x0000000082b00000| Complete 
|  44|0x0000000082c00000, 0x0000000082d00000, 0x0000000082d00000|100%|HS|  |TAMS 0x0000000082d00000, 0x0000000082c00000| Complete 
|  45|0x0000000082d00000, 0x0000000082e00000, 0x0000000082e00000|100%|HS|  |TAMS 0x0000000082e00000, 0x0000000082d00000| Complete 
|  46|0x0000000082e00000, 0x0000000082f00000, 0x0000000082f00000|100%|HC|  |TAMS 0x0000000082f00000, 0x0000000082e00000| Complete 
|  47|0x0000000082f00000, 0x0000000083000000, 0x0000000083000000|100%|HS|  |TAMS 0x0000000083000000, 0x0000000082f00000| Complete 
|  48|0x0000000083000000, 0x0000000083100000, 0x0000000083100000|100%|HC|  |TAMS 0x0000000083100000, 0x0000000083000000| Complete 
|  49|0x0000000083100000, 0x0000000083200000, 0x0000000083200000|100%|HC|  |TAMS 0x0000000083200000, 0x0000000083100000| Complete 
|  50|0x0000000083200000, 0x0000000083300000, 0x0000000083300000|100%|HC|  |TAMS 0x0000000083300000, 0x0000000083200000| Complete 
|  51|0x0000000083300000, 0x0000000083400000, 0x0000000083400000|100%| O|  |TAMS 0x0000000083400000, 0x0000000083300000| Untracked 
|  52|0x0000000083400000, 0x0000000083500000, 0x0000000083500000|100%|HS|  |TAMS 0x0000000083500000, 0x0000000083400000| Complete 
|  53|0x0000000083500000, 0x0000000083600000, 0x0000000083600000|100%|HC|  |TAMS 0x0000000083600000, 0x0000000083500000| Complete 
|  54|0x0000000083600000, 0x0000000083700000, 0x0000000083700000|100%|HS|  |TAMS 0x0000000083700000, 0x0000000083600000| Complete 
|  55|0x0000000083700000, 0x0000000083800000, 0x0000000083800000|100%| O|  |TAMS 0x0000000083800000, 0x0000000083700000| Untracked 
|  56|0x0000000083800000, 0x0000000083900000, 0x0000000083900000|100%| O|  |TAMS 0x0000000083900000, 0x0000000083800000| Untracked 
|  57|0x0000000083900000, 0x0000000083a00000, 0x0000000083a00000|100%| O|  |TAMS 0x0000000083a00000, 0x0000000083900000| Untracked 
|  58|0x0000000083a00000, 0x0000000083b00000, 0x0000000083b00000|100%| O|  |TAMS 0x0000000083b00000, 0x0000000083a00000| Untracked 
|  59|0x0000000083b00000, 0x0000000083c00000, 0x0000000083c00000|100%| O|  |TAMS 0x0000000083c00000, 0x0000000083b00000| Untracked 
|  60|0x0000000083c00000, 0x0000000083d00000, 0x0000000083d00000|100%| O|  |TAMS 0x0000000083d00000, 0x0000000083c00000| Untracked 
|  61|0x0000000083d00000, 0x0000000083e00000, 0x0000000083e00000|100%| O|  |TAMS 0x0000000083e00000, 0x0000000083d00000| Untracked 
|  62|0x0000000083e00000, 0x0000000083f00000, 0x0000000083f00000|100%|HS|  |TAMS 0x0000000083f00000, 0x0000000083e00000| Complete 
|  63|0x0000000083f00000, 0x0000000084000000, 0x0000000084000000|100%|HC|  |TAMS 0x0000000084000000, 0x0000000083f00000| Complete 
|  64|0x0000000084000000, 0x0000000084100000, 0x0000000084100000|100%|HC|  |TAMS 0x0000000084100000, 0x0000000084000000| Complete 
|  65|0x0000000084100000, 0x0000000084200000, 0x0000000084200000|100%|HC|  |TAMS 0x0000000084200000, 0x0000000084100000| Complete 
|  66|0x0000000084200000, 0x0000000084300000, 0x0000000084300000|100%| O|  |TAMS 0x0000000084300000, 0x0000000084200000| Untracked 
|  67|0x0000000084300000, 0x0000000084400000, 0x0000000084400000|100%| O|  |TAMS 0x0000000084400000, 0x0000000084300000| Untracked 
|  68|0x0000000084400000, 0x0000000084500000, 0x0000000084500000|100%| O|  |TAMS 0x0000000084500000, 0x0000000084400000| Untracked 
|  69|0x0000000084500000, 0x0000000084600000, 0x0000000084600000|100%| O|  |TAMS 0x0000000084600000, 0x0000000084500000| Untracked 
|  70|0x0000000084600000, 0x0000000084700000, 0x0000000084700000|100%| O|  |TAMS 0x0000000084700000, 0x0000000084600000| Untracked 
|  71|0x0000000084700000, 0x0000000084800000, 0x0000000084800000|100%| O|  |TAMS 0x0000000084800000, 0x0000000084700000| Untracked 
|  72|0x0000000084800000, 0x0000000084900000, 0x0000000084900000|100%| O|  |TAMS 0x0000000084900000, 0x0000000084800000| Untracked 
|  73|0x0000000084900000, 0x0000000084a00000, 0x0000000084a00000|100%| O|  |TAMS 0x0000000084a00000, 0x0000000084900000| Untracked 
|  74|0x0000000084a00000, 0x0000000084b00000, 0x0000000084b00000|100%| O|  |TAMS 0x0000000084b00000, 0x0000000084a00000| Untracked 
|  75|0x0000000084b00000, 0x0000000084c00000, 0x0000000084c00000|100%| O|  |TAMS 0x0000000084c00000, 0x0000000084b00000| Untracked 
|  76|0x0000000084c00000, 0x0000000084d00000, 0x0000000084d00000|100%| O|  |TAMS 0x0000000084d00000, 0x0000000084c00000| Untracked 
|  77|0x0000000084d00000, 0x0000000084e00000, 0x0000000084e00000|100%| O|  |TAMS 0x0000000084e00000, 0x0000000084d00000| Untracked 
|  78|0x0000000084e00000, 0x0000000084f00000, 0x0000000084f00000|100%| O|  |TAMS 0x0000000084f00000, 0x0000000084e00000| Untracked 
|  79|0x0000000084f00000, 0x0000000085000000, 0x0000000085000000|100%| O|  |TAMS 0x0000000085000000, 0x0000000084f00000| Untracked 
|  80|0x0000000085000000, 0x0000000085000000, 0x0000000085100000|  0%| F|  |TAMS 0x0000000085000000, 0x0000000085000000| Untracked 
|  81|0x0000000085100000, 0x0000000085200000, 0x0000000085200000|100%| O|  |TAMS 0x0000000085200000, 0x0000000085100000| Untracked 
|  82|0x0000000085200000, 0x0000000085300000, 0x0000000085300000|100%| O|  |TAMS 0x0000000085300000, 0x0000000085200000| Untracked 
|  83|0x0000000085300000, 0x0000000085400000, 0x0000000085400000|100%| O|  |TAMS 0x0000000085400000, 0x0000000085300000| Untracked 
|  84|0x0000000085400000, 0x0000000085500000, 0x0000000085500000|100%| O|  |TAMS 0x0000000085500000, 0x0000000085400000| Untracked 
|  85|0x0000000085500000, 0x0000000085600000, 0x0000000085600000|100%| O|  |TAMS 0x0000000085600000, 0x0000000085500000| Untracked 
|  86|0x0000000085600000, 0x0000000085700000, 0x0000000085700000|100%| O|  |TAMS 0x0000000085700000, 0x0000000085600000| Untracked 
|  87|0x0000000085700000, 0x0000000085800000, 0x0000000085800000|100%| O|  |TAMS 0x0000000085800000, 0x0000000085700000| Untracked 
|  88|0x0000000085800000, 0x0000000085900000, 0x0000000085900000|100%| O|  |TAMS 0x0000000085900000, 0x0000000085800000| Untracked 
|  89|0x0000000085900000, 0x0000000085a00000, 0x0000000085a00000|100%| O|  |TAMS 0x0000000085a00000, 0x0000000085900000| Untracked 
|  90|0x0000000085a00000, 0x0000000085a00000, 0x0000000085b00000|  0%| F|  |TAMS 0x0000000085a00000, 0x0000000085a00000| Untracked 
|  91|0x0000000085b00000, 0x0000000085c00000, 0x0000000085c00000|100%| O|  |TAMS 0x0000000085c00000, 0x0000000085b00000| Untracked 
|  92|0x0000000085c00000, 0x0000000085d00000, 0x0000000085d00000|100%| O|  |TAMS 0x0000000085d00000, 0x0000000085c00000| Untracked 
|  93|0x0000000085d00000, 0x0000000085e00000, 0x0000000085e00000|100%| O|  |TAMS 0x0000000085e00000, 0x0000000085d00000| Untracked 
|  94|0x0000000085e00000, 0x0000000085f00000, 0x0000000085f00000|100%| O|  |TAMS 0x0000000085f00000, 0x0000000085e00000| Untracked 
|  95|0x0000000085f00000, 0x0000000086000000, 0x0000000086000000|100%| O|  |TAMS 0x0000000086000000, 0x0000000085f00000| Untracked 
|  96|0x0000000086000000, 0x0000000086100000, 0x0000000086100000|100%| O|  |TAMS 0x0000000086100000, 0x0000000086000000| Untracked 
|  97|0x0000000086100000, 0x0000000086200000, 0x0000000086200000|100%| O|  |TAMS 0x0000000086200000, 0x0000000086100000| Untracked 
|  98|0x0000000086200000, 0x0000000086300000, 0x0000000086300000|100%| O|  |TAMS 0x0000000086300000, 0x0000000086200000| Untracked 
|  99|0x0000000086300000, 0x0000000086400000, 0x0000000086400000|100%| O|  |TAMS 0x0000000086400000, 0x0000000086300000| Untracked 
| 100|0x0000000086400000, 0x0000000086500000, 0x0000000086500000|100%| O|  |TAMS 0x0000000086500000, 0x0000000086400000| Untracked 
| 101|0x0000000086500000, 0x0000000086600000, 0x0000000086600000|100%| O|  |TAMS 0x0000000086600000, 0x0000000086500000| Untracked 
| 102|0x0000000086600000, 0x0000000086700000, 0x0000000086700000|100%| O|  |TAMS 0x0000000086700000, 0x0000000086600000| Untracked 
| 103|0x0000000086700000, 0x0000000086800000, 0x0000000086800000|100%| O|  |TAMS 0x0000000086800000, 0x0000000086700000| Untracked 
| 104|0x0000000086800000, 0x0000000086900000, 0x0000000086900000|100%| O|  |TAMS 0x0000000086900000, 0x0000000086800000| Untracked 
| 105|0x0000000086900000, 0x0000000086a00000, 0x0000000086a00000|100%| O|  |TAMS 0x0000000086a00000, 0x0000000086900000| Untracked 
| 106|0x0000000086a00000, 0x0000000086b00000, 0x0000000086b00000|100%| O|  |TAMS 0x0000000086b00000, 0x0000000086a00000| Untracked 
| 107|0x0000000086b00000, 0x0000000086c00000, 0x0000000086c00000|100%| O|  |TAMS 0x0000000086c00000, 0x0000000086b00000| Untracked 
| 108|0x0000000086c00000, 0x0000000086d00000, 0x0000000086d00000|100%| O|  |TAMS 0x0000000086c55000, 0x0000000086c00000| Untracked 
| 109|0x0000000086d00000, 0x0000000086e00000, 0x0000000086e00000|100%| O|  |TAMS 0x0000000086d00000, 0x0000000086d00000| Untracked 
| 110|0x0000000086e00000, 0x0000000086f00000, 0x0000000086f00000|100%| O|  |TAMS 0x0000000086e00000, 0x0000000086e00000| Untracked 
| 111|0x0000000086f00000, 0x0000000087000000, 0x0000000087000000|100%| O|  |TAMS 0x0000000086f00000, 0x0000000086f00000| Untracked 
| 112|0x0000000087000000, 0x0000000087100000, 0x0000000087100000|100%| O|  |TAMS 0x0000000087000000, 0x0000000087000000| Untracked 
| 113|0x0000000087100000, 0x0000000087200000, 0x0000000087200000|100%| O|  |TAMS 0x0000000087100000, 0x0000000087100000| Untracked 
| 114|0x0000000087200000, 0x00000000872f5c00, 0x0000000087300000| 95%| O|  |TAMS 0x0000000087200000, 0x0000000087200000| Untracked 
| 115|0x0000000087300000, 0x0000000087300000, 0x0000000087400000|  0%| F|  |TAMS 0x0000000087300000, 0x0000000087300000| Untracked 
| 116|0x0000000087400000, 0x0000000087400000, 0x0000000087500000|  0%| F|  |TAMS 0x0000000087400000, 0x0000000087400000| Untracked 
| 117|0x0000000087500000, 0x0000000087500000, 0x0000000087600000|  0%| F|  |TAMS 0x0000000087500000, 0x0000000087500000| Untracked 
| 118|0x0000000087600000, 0x0000000087600000, 0x0000000087700000|  0%| F|  |TAMS 0x0000000087600000, 0x0000000087600000| Untracked 
| 119|0x0000000087700000, 0x0000000087700000, 0x0000000087800000|  0%| F|  |TAMS 0x0000000087700000, 0x0000000087700000| Untracked 
| 120|0x0000000087800000, 0x0000000087800000, 0x0000000087900000|  0%| F|  |TAMS 0x0000000087800000, 0x0000000087800000| Untracked 
| 121|0x0000000087900000, 0x0000000087900000, 0x0000000087a00000|  0%| F|  |TAMS 0x0000000087900000, 0x0000000087900000| Untracked 
| 122|0x0000000087a00000, 0x0000000087a00000, 0x0000000087b00000|  0%| F|  |TAMS 0x0000000087a00000, 0x0000000087a00000| Untracked 
| 123|0x0000000087b00000, 0x0000000087b00000, 0x0000000087c00000|  0%| F|  |TAMS 0x0000000087b00000, 0x0000000087b00000| Untracked 
| 124|0x0000000087c00000, 0x0000000087c00000, 0x0000000087d00000|  0%| F|  |TAMS 0x0000000087c00000, 0x0000000087c00000| Untracked 
| 125|0x0000000087d00000, 0x0000000087d00000, 0x0000000087e00000|  0%| F|  |TAMS 0x0000000087d00000, 0x0000000087d00000| Untracked 
| 126|0x0000000087e00000, 0x0000000087e00000, 0x0000000087f00000|  0%| F|  |TAMS 0x0000000087e00000, 0x0000000087e00000| Untracked 
| 127|0x0000000087f00000, 0x0000000087f00000, 0x0000000088000000|  0%| F|  |TAMS 0x0000000087f00000, 0x0000000087f00000| Untracked 
| 128|0x0000000088000000, 0x0000000088000000, 0x0000000088100000|  0%| F|  |TAMS 0x0000000088000000, 0x0000000088000000| Untracked 
| 129|0x0000000088100000, 0x0000000088100000, 0x0000000088200000|  0%| F|  |TAMS 0x0000000088100000, 0x0000000088100000| Untracked 
| 130|0x0000000088200000, 0x0000000088200000, 0x0000000088300000|  0%| F|  |TAMS 0x0000000088200000, 0x0000000088200000| Untracked 
| 131|0x0000000088300000, 0x0000000088300000, 0x0000000088400000|  0%| F|  |TAMS 0x0000000088300000, 0x0000000088300000| Untracked 
| 132|0x0000000088400000, 0x0000000088400000, 0x0000000088500000|  0%| F|  |TAMS 0x0000000088400000, 0x0000000088400000| Untracked 
| 133|0x0000000088500000, 0x0000000088500000, 0x0000000088600000|  0%| F|  |TAMS 0x0000000088500000, 0x0000000088500000| Untracked 
| 134|0x0000000088600000, 0x0000000088600000, 0x0000000088700000|  0%| F|  |TAMS 0x0000000088600000, 0x0000000088600000| Untracked 
| 135|0x0000000088700000, 0x0000000088700000, 0x0000000088800000|  0%| F|  |TAMS 0x0000000088700000, 0x0000000088700000| Untracked 
| 136|0x0000000088800000, 0x0000000088800000, 0x0000000088900000|  0%| F|  |TAMS 0x0000000088800000, 0x0000000088800000| Untracked 
| 137|0x0000000088900000, 0x0000000088900000, 0x0000000088a00000|  0%| F|  |TAMS 0x0000000088900000, 0x0000000088900000| Untracked 
| 138|0x0000000088a00000, 0x0000000088a00000, 0x0000000088b00000|  0%| F|  |TAMS 0x0000000088a00000, 0x0000000088a00000| Untracked 
| 139|0x0000000088b00000, 0x0000000088b00000, 0x0000000088c00000|  0%| F|  |TAMS 0x0000000088b00000, 0x0000000088b00000| Untracked 
| 140|0x0000000088c00000, 0x0000000088c00000, 0x0000000088d00000|  0%| F|  |TAMS 0x0000000088c00000, 0x0000000088c00000| Untracked 
| 141|0x0000000088d00000, 0x0000000088d00000, 0x0000000088e00000|  0%| F|  |TAMS 0x0000000088d00000, 0x0000000088d00000| Untracked 
| 142|0x0000000088e00000, 0x0000000088e00000, 0x0000000088f00000|  0%| F|  |TAMS 0x0000000088e00000, 0x0000000088e00000| Untracked 
| 143|0x0000000088f00000, 0x0000000088f00000, 0x0000000089000000|  0%| F|  |TAMS 0x0000000088f00000, 0x0000000088f00000| Untracked 
| 144|0x0000000089000000, 0x0000000089000000, 0x0000000089100000|  0%| F|  |TAMS 0x0000000089000000, 0x0000000089000000| Untracked 
| 145|0x0000000089100000, 0x0000000089100000, 0x0000000089200000|  0%| F|  |TAMS 0x0000000089100000, 0x0000000089100000| Untracked 
| 146|0x0000000089200000, 0x0000000089200000, 0x0000000089300000|  0%| F|  |TAMS 0x0000000089200000, 0x0000000089200000| Untracked 
| 147|0x0000000089300000, 0x0000000089300000, 0x0000000089400000|  0%| F|  |TAMS 0x0000000089300000, 0x0000000089300000| Untracked 
| 148|0x0000000089400000, 0x0000000089400000, 0x0000000089500000|  0%| F|  |TAMS 0x0000000089400000, 0x0000000089400000| Untracked 
| 149|0x0000000089500000, 0x0000000089500000, 0x0000000089600000|  0%| F|  |TAMS 0x0000000089500000, 0x0000000089500000| Untracked 
| 150|0x0000000089600000, 0x0000000089600000, 0x0000000089700000|  0%| F|  |TAMS 0x0000000089600000, 0x0000000089600000| Untracked 
| 151|0x0000000089700000, 0x0000000089700000, 0x0000000089800000|  0%| F|  |TAMS 0x0000000089700000, 0x0000000089700000| Untracked 
| 152|0x0000000089800000, 0x0000000089800000, 0x0000000089900000|  0%| F|  |TAMS 0x0000000089800000, 0x0000000089800000| Untracked 
| 153|0x0000000089900000, 0x0000000089900000, 0x0000000089a00000|  0%| F|  |TAMS 0x0000000089900000, 0x0000000089900000| Untracked 
| 154|0x0000000089a00000, 0x0000000089a00000, 0x0000000089b00000|  0%| F|  |TAMS 0x0000000089a00000, 0x0000000089a00000| Untracked 
| 155|0x0000000089b00000, 0x0000000089b00000, 0x0000000089c00000|  0%| F|  |TAMS 0x0000000089b00000, 0x0000000089b00000| Untracked 
| 156|0x0000000089c00000, 0x0000000089cbfe08, 0x0000000089d00000| 74%| S|CS|TAMS 0x0000000089c00000, 0x0000000089c00000| Complete 
| 157|0x0000000089d00000, 0x0000000089e00000, 0x0000000089e00000|100%| S|CS|TAMS 0x0000000089d00000, 0x0000000089d00000| Complete 
| 158|0x0000000089e00000, 0x0000000089f00000, 0x0000000089f00000|100%| S|CS|TAMS 0x0000000089e00000, 0x0000000089e00000| Complete 
| 159|0x0000000089f00000, 0x000000008a000000, 0x000000008a000000|100%| S|CS|TAMS 0x0000000089f00000, 0x0000000089f00000| Complete 
| 160|0x000000008a000000, 0x000000008a100000, 0x000000008a100000|100%| S|CS|TAMS 0x000000008a000000, 0x000000008a000000| Complete 
| 161|0x000000008a100000, 0x000000008a200000, 0x000000008a200000|100%| S|CS|TAMS 0x000000008a100000, 0x000000008a100000| Complete 
| 162|0x000000008a200000, 0x000000008a300000, 0x000000008a300000|100%| S|CS|TAMS 0x000000008a200000, 0x000000008a200000| Complete 
| 163|0x000000008a300000, 0x000000008a400000, 0x000000008a400000|100%| S|CS|TAMS 0x000000008a300000, 0x000000008a300000| Complete 
| 164|0x000000008a400000, 0x000000008a500000, 0x000000008a500000|100%| S|CS|TAMS 0x000000008a400000, 0x000000008a400000| Complete 
| 165|0x000000008a500000, 0x000000008a600000, 0x000000008a600000|100%| S|CS|TAMS 0x000000008a500000, 0x000000008a500000| Complete 
| 166|0x000000008a600000, 0x000000008a700000, 0x000000008a700000|100%| S|CS|TAMS 0x000000008a600000, 0x000000008a600000| Complete 
| 167|0x000000008a700000, 0x000000008a700000, 0x000000008a800000|  0%| F|  |TAMS 0x000000008a700000, 0x000000008a700000| Untracked 
| 168|0x000000008a800000, 0x000000008a800000, 0x000000008a900000|  0%| F|  |TAMS 0x000000008a800000, 0x000000008a800000| Untracked 
| 169|0x000000008a900000, 0x000000008a900000, 0x000000008aa00000|  0%| F|  |TAMS 0x000000008a900000, 0x000000008a900000| Untracked 
| 170|0x000000008aa00000, 0x000000008aa00000, 0x000000008ab00000|  0%| F|  |TAMS 0x000000008aa00000, 0x000000008aa00000| Untracked 
| 171|0x000000008ab00000, 0x000000008ab00000, 0x000000008ac00000|  0%| F|  |TAMS 0x000000008ab00000, 0x000000008ab00000| Untracked 
| 172|0x000000008ac00000, 0x000000008ac00000, 0x000000008ad00000|  0%| F|  |TAMS 0x000000008ac00000, 0x000000008ac00000| Untracked 
| 173|0x000000008ad00000, 0x000000008ad00000, 0x000000008ae00000|  0%| F|  |TAMS 0x000000008ad00000, 0x000000008ad00000| Untracked 
| 174|0x000000008ae00000, 0x000000008ae00000, 0x000000008af00000|  0%| F|  |TAMS 0x000000008ae00000, 0x000000008ae00000| Untracked 
| 175|0x000000008af00000, 0x000000008af00000, 0x000000008b000000|  0%| F|  |TAMS 0x000000008af00000, 0x000000008af00000| Untracked 
| 176|0x000000008b000000, 0x000000008b000000, 0x000000008b100000|  0%| F|  |TAMS 0x000000008b000000, 0x000000008b000000| Untracked 
| 177|0x000000008b100000, 0x000000008b100000, 0x000000008b200000|  0%| F|  |TAMS 0x000000008b100000, 0x000000008b100000| Untracked 
| 178|0x000000008b200000, 0x000000008b200000, 0x000000008b300000|  0%| F|  |TAMS 0x000000008b200000, 0x000000008b200000| Untracked 
| 179|0x000000008b300000, 0x000000008b300000, 0x000000008b400000|  0%| F|  |TAMS 0x000000008b300000, 0x000000008b300000| Untracked 
| 180|0x000000008b400000, 0x000000008b400000, 0x000000008b500000|  0%| F|  |TAMS 0x000000008b400000, 0x000000008b400000| Untracked 
| 181|0x000000008b500000, 0x000000008b500000, 0x000000008b600000|  0%| F|  |TAMS 0x000000008b500000, 0x000000008b500000| Untracked 
| 182|0x000000008b600000, 0x000000008b600000, 0x000000008b700000|  0%| F|  |TAMS 0x000000008b600000, 0x000000008b600000| Untracked 
| 183|0x000000008b700000, 0x000000008b700000, 0x000000008b800000|  0%| F|  |TAMS 0x000000008b700000, 0x000000008b700000| Untracked 
| 184|0x000000008b800000, 0x000000008b800000, 0x000000008b900000|  0%| F|  |TAMS 0x000000008b800000, 0x000000008b800000| Untracked 
| 185|0x000000008b900000, 0x000000008b900000, 0x000000008ba00000|  0%| F|  |TAMS 0x000000008b900000, 0x000000008b900000| Untracked 
| 186|0x000000008ba00000, 0x000000008ba00000, 0x000000008bb00000|  0%| F|  |TAMS 0x000000008ba00000, 0x000000008ba00000| Untracked 
| 187|0x000000008bb00000, 0x000000008bb00000, 0x000000008bc00000|  0%| F|  |TAMS 0x000000008bb00000, 0x000000008bb00000| Untracked 
| 188|0x000000008bc00000, 0x000000008bc00000, 0x000000008bd00000|  0%| F|  |TAMS 0x000000008bc00000, 0x000000008bc00000| Untracked 
| 189|0x000000008bd00000, 0x000000008bd00000, 0x000000008be00000|  0%| F|  |TAMS 0x000000008bd00000, 0x000000008bd00000| Untracked 
| 190|0x000000008be00000, 0x000000008be00000, 0x000000008bf00000|  0%| F|  |TAMS 0x000000008be00000, 0x000000008be00000| Untracked 
| 191|0x000000008bf00000, 0x000000008bf00000, 0x000000008c000000|  0%| F|  |TAMS 0x000000008bf00000, 0x000000008bf00000| Untracked 
| 192|0x000000008c000000, 0x000000008c000000, 0x000000008c100000|  0%| F|  |TAMS 0x000000008c000000, 0x000000008c000000| Untracked 
| 193|0x000000008c100000, 0x000000008c100000, 0x000000008c200000|  0%| F|  |TAMS 0x000000008c100000, 0x000000008c100000| Untracked 
| 194|0x000000008c200000, 0x000000008c200000, 0x000000008c300000|  0%| F|  |TAMS 0x000000008c200000, 0x000000008c200000| Untracked 
| 195|0x000000008c300000, 0x000000008c300000, 0x000000008c400000|  0%| F|  |TAMS 0x000000008c300000, 0x000000008c300000| Untracked 
| 196|0x000000008c400000, 0x000000008c400000, 0x000000008c500000|  0%| F|  |TAMS 0x000000008c400000, 0x000000008c400000| Untracked 
| 197|0x000000008c500000, 0x000000008c500000, 0x000000008c600000|  0%| F|  |TAMS 0x000000008c500000, 0x000000008c500000| Untracked 
| 198|0x000000008c600000, 0x000000008c600000, 0x000000008c700000|  0%| F|  |TAMS 0x000000008c600000, 0x000000008c600000| Untracked 
| 199|0x000000008c700000, 0x000000008c72e700, 0x000000008c800000| 18%| E|  |TAMS 0x000000008c700000, 0x000000008c700000| Complete 
| 200|0x000000008c800000, 0x000000008c900000, 0x000000008c900000|100%| E|CS|TAMS 0x000000008c800000, 0x000000008c800000| Complete 
| 201|0x000000008c900000, 0x000000008ca00000, 0x000000008ca00000|100%| E|CS|TAMS 0x000000008c900000, 0x000000008c900000| Complete 
| 202|0x000000008ca00000, 0x000000008cb00000, 0x000000008cb00000|100%| E|CS|TAMS 0x000000008ca00000, 0x000000008ca00000| Complete 
| 203|0x000000008cb00000, 0x000000008cc00000, 0x000000008cc00000|100%| E|CS|TAMS 0x000000008cb00000, 0x000000008cb00000| Complete 
| 204|0x000000008cc00000, 0x000000008cd00000, 0x000000008cd00000|100%| E|CS|TAMS 0x000000008cc00000, 0x000000008cc00000| Complete 
| 205|0x000000008cd00000, 0x000000008ce00000, 0x000000008ce00000|100%| E|CS|TAMS 0x000000008cd00000, 0x000000008cd00000| Complete 
| 206|0x000000008ce00000, 0x000000008cf00000, 0x000000008cf00000|100%| E|CS|TAMS 0x000000008ce00000, 0x000000008ce00000| Complete 
| 207|0x000000008cf00000, 0x000000008d000000, 0x000000008d000000|100%| E|CS|TAMS 0x000000008cf00000, 0x000000008cf00000| Complete 
| 208|0x000000008d000000, 0x000000008d100000, 0x000000008d100000|100%| E|CS|TAMS 0x000000008d000000, 0x000000008d000000| Complete 
| 209|0x000000008d100000, 0x000000008d200000, 0x000000008d200000|100%| E|CS|TAMS 0x000000008d100000, 0x000000008d100000| Complete 
| 210|0x000000008d200000, 0x000000008d300000, 0x000000008d300000|100%| E|CS|TAMS 0x000000008d200000, 0x000000008d200000| Complete 
| 211|0x000000008d300000, 0x000000008d400000, 0x000000008d400000|100%| E|CS|TAMS 0x000000008d300000, 0x000000008d300000| Complete 
| 212|0x000000008d400000, 0x000000008d500000, 0x000000008d500000|100%| E|CS|TAMS 0x000000008d400000, 0x000000008d400000| Complete 
| 213|0x000000008d500000, 0x000000008d600000, 0x000000008d600000|100%| E|CS|TAMS 0x000000008d500000, 0x000000008d500000| Complete 
| 214|0x000000008d600000, 0x000000008d700000, 0x000000008d700000|100%| E|CS|TAMS 0x000000008d600000, 0x000000008d600000| Complete 
| 215|0x000000008d700000, 0x000000008d800000, 0x000000008d800000|100%| E|CS|TAMS 0x000000008d700000, 0x000000008d700000| Complete 
| 216|0x000000008d800000, 0x000000008d900000, 0x000000008d900000|100%| E|  |TAMS 0x000000008d800000, 0x000000008d800000| Complete 
| 217|0x000000008d900000, 0x000000008da00000, 0x000000008da00000|100%| E|CS|TAMS 0x000000008d900000, 0x000000008d900000| Complete 
| 218|0x000000008da00000, 0x000000008db00000, 0x000000008db00000|100%| E|CS|TAMS 0x000000008da00000, 0x000000008da00000| Complete 
| 219|0x000000008db00000, 0x000000008dc00000, 0x000000008dc00000|100%| E|CS|TAMS 0x000000008db00000, 0x000000008db00000| Complete 
| 220|0x000000008dc00000, 0x000000008dd00000, 0x000000008dd00000|100%| E|CS|TAMS 0x000000008dc00000, 0x000000008dc00000| Complete 
| 221|0x000000008dd00000, 0x000000008de00000, 0x000000008de00000|100%| E|CS|TAMS 0x000000008dd00000, 0x000000008dd00000| Complete 
| 222|0x000000008de00000, 0x000000008df00000, 0x000000008df00000|100%| E|CS|TAMS 0x000000008de00000, 0x000000008de00000| Complete 
| 223|0x000000008df00000, 0x000000008e000000, 0x000000008e000000|100%| E|CS|TAMS 0x000000008df00000, 0x000000008df00000| Complete 
| 224|0x000000008e000000, 0x000000008e100000, 0x000000008e100000|100%| E|CS|TAMS 0x000000008e000000, 0x000000008e000000| Complete 
| 225|0x000000008e100000, 0x000000008e200000, 0x000000008e200000|100%| E|CS|TAMS 0x000000008e100000, 0x000000008e100000| Complete 
| 226|0x000000008e200000, 0x000000008e300000, 0x000000008e300000|100%| E|CS|TAMS 0x000000008e200000, 0x000000008e200000| Complete 
| 227|0x000000008e300000, 0x000000008e400000, 0x000000008e400000|100%| E|CS|TAMS 0x000000008e300000, 0x000000008e300000| Complete 
| 228|0x000000008e400000, 0x000000008e500000, 0x000000008e500000|100%| E|CS|TAMS 0x000000008e400000, 0x000000008e400000| Complete 
| 229|0x000000008e500000, 0x000000008e600000, 0x000000008e600000|100%| E|CS|TAMS 0x000000008e500000, 0x000000008e500000| Complete 
| 230|0x000000008e600000, 0x000000008e700000, 0x000000008e700000|100%| E|CS|TAMS 0x000000008e600000, 0x000000008e600000| Complete 
| 231|0x000000008e700000, 0x000000008e800000, 0x000000008e800000|100%| E|CS|TAMS 0x000000008e700000, 0x000000008e700000| Complete 
| 232|0x000000008e800000, 0x000000008e900000, 0x000000008e900000|100%| E|CS|TAMS 0x000000008e800000, 0x000000008e800000| Complete 
| 233|0x000000008e900000, 0x000000008ea00000, 0x000000008ea00000|100%| E|CS|TAMS 0x000000008e900000, 0x000000008e900000| Complete 
| 234|0x000000008ea00000, 0x000000008eb00000, 0x000000008eb00000|100%| E|CS|TAMS 0x000000008ea00000, 0x000000008ea00000| Complete 
| 235|0x000000008eb00000, 0x000000008ec00000, 0x000000008ec00000|100%| E|CS|TAMS 0x000000008eb00000, 0x000000008eb00000| Complete 
| 236|0x000000008ec00000, 0x000000008ed00000, 0x000000008ed00000|100%| E|CS|TAMS 0x000000008ec00000, 0x000000008ec00000| Complete 
| 237|0x000000008ed00000, 0x000000008ee00000, 0x000000008ee00000|100%| E|CS|TAMS 0x000000008ed00000, 0x000000008ed00000| Complete 
| 238|0x000000008ee00000, 0x000000008ef00000, 0x000000008ef00000|100%| E|CS|TAMS 0x000000008ee00000, 0x000000008ee00000| Complete 
| 239|0x000000008ef00000, 0x000000008f000000, 0x000000008f000000|100%| E|CS|TAMS 0x000000008ef00000, 0x000000008ef00000| Complete 
| 240|0x000000008f000000, 0x000000008f100000, 0x000000008f100000|100%| E|CS|TAMS 0x000000008f000000, 0x000000008f000000| Complete 
| 241|0x000000008f100000, 0x000000008f200000, 0x000000008f200000|100%| E|CS|TAMS 0x000000008f100000, 0x000000008f100000| Complete 
| 242|0x000000008f200000, 0x000000008f300000, 0x000000008f300000|100%| E|CS|TAMS 0x000000008f200000, 0x000000008f200000| Complete 
| 243|0x000000008f300000, 0x000000008f400000, 0x000000008f400000|100%| E|CS|TAMS 0x000000008f300000, 0x000000008f300000| Complete 
| 244|0x000000008f400000, 0x000000008f500000, 0x000000008f500000|100%| E|CS|TAMS 0x000000008f400000, 0x000000008f400000| Complete 
|2044|0x00000000ffc00000, 0x00000000ffd00000, 0x00000000ffd00000|100%| O|  |TAMS 0x00000000ffd00000, 0x00000000ffc00000| Untracked 
|2045|0x00000000ffd00000, 0x00000000ffe00000, 0x00000000ffe00000|100%| O|  |TAMS 0x00000000ffe00000, 0x00000000ffd00000| Untracked 
|2046|0x00000000ffe00000, 0x00000000fff00000, 0x00000000fff00000|100%| O|  |TAMS 0x00000000fff00000, 0x00000000ffe00000| Untracked 
|2047|0x00000000fff00000, 0x0000000100000000, 0x0000000100000000|100%| O|  |TAMS 0x0000000100000000, 0x00000000fff00000| Untracked 

Card table byte_map: [0x0000015f2c0e0000,0x0000015f2c4e0000] _byte_map_base: 0x0000015f2bce0000

Marking Bits (Prev, Next): (CMBitMap*) 0x0000015f1953c940, (CMBitMap*) 0x0000015f1953c980
 Prev Bits: [0x0000015f2c8e0000, 0x0000015f2e8e0000)
 Next Bits: [0x0000015f2e8e0000, 0x0000015f308e0000)

Polling page: 0x0000015f17430000

Metaspace:

Usage:
  Non-class:     89.94 MB used.
      Class:     14.40 MB used.
       Both:    104.34 MB used.

Virtual space:
  Non-class space:      128.00 MB reserved,      90.31 MB ( 71%) committed,  2 nodes.
      Class space:        1.00 GB reserved,      14.75 MB (  1%) committed,  1 nodes.
             Both:        1.12 GB reserved,     105.06 MB (  9%) committed. 

Chunk freelists:
   Non-Class:  5.61 MB
       Class:  1.20 MB
        Both:  6.81 MB

MaxMetaspaceSize: unlimited
CompressedClassSpaceSize: 1.00 GB
Initial GC threshold: 21.00 MB
Current GC threshold: 172.31 MB
CDS: off
MetaspaceReclaimPolicy: balanced
 - commit_granule_bytes: 65536.
 - commit_granule_words: 8192.
 - virtual_space_node_default_size: 8388608.
 - enlarge_chunks_in_place: 1.
 - new_chunks_are_fully_committed: 0.
 - uncommit_free_chunks: 1.
 - use_allocation_guard: 0.
 - handle_deallocations: 1.


Internal statistics:

num_allocs_failed_limit: 6.
num_arena_births: 1142.
num_arena_deaths: 0.
num_vsnodes_births: 3.
num_vsnodes_deaths: 0.
num_space_committed: 1681.
num_space_uncommitted: 0.
num_chunks_returned_to_freelist: 6.
num_chunks_taken_from_freelist: 5073.
num_chunk_merges: 6.
num_chunk_splits: 3316.
num_chunks_enlarged: 2199.
num_inconsistent_stats: 0.

CodeHeap 'non-profiled nmethods': size=120000Kb used=7445Kb max_used=7445Kb free=112554Kb
 bounds [0x0000015f24480000, 0x0000015f24bd0000, 0x0000015f2b9b0000]
CodeHeap 'profiled nmethods': size=120000Kb used=22438Kb max_used=22438Kb free=97561Kb
 bounds [0x0000015f1c9b0000, 0x0000015f1dfa0000, 0x0000015f23ee0000]
CodeHeap 'non-nmethods': size=5760Kb used=2458Kb max_used=2517Kb free=3301Kb
 bounds [0x0000015f23ee0000, 0x0000015f24170000, 0x0000015f24480000]
 total_blobs=12394 nmethods=11408 adapters=897
 compilation: enabled
              stopped_count=0, restarted_count=0
 full_count=0

Compilation events (20 events):
Event: 29.869 Thread 0x0000015f33515000 13086       3       sun.nio.fs.NativeBuffer::free (10 bytes)
Event: 29.870 Thread 0x0000015f33515000 nmethod 13086 0x0000015f1df82890 code [0x0000015f1df82a60, 0x0000015f1df82e48]
Event: 29.870 Thread 0x0000015f33515000 13087       3       sun.nio.fs.NativeBuffer$Deallocator::run (11 bytes)
Event: 29.870 Thread 0x0000015f33515000 nmethod 13087 0x0000015f1df82f90 code [0x0000015f1df83160, 0x0000015f1df83498]
Event: 29.872 Thread 0x0000015f33515000 13089       3       org.gradle.api.internal.file.collections.DefaultDirectoryWalker$PathVisitor::getFileVisitDetails (145 bytes)
Event: 29.873 Thread 0x0000015f33515000 nmethod 13089 0x0000015f1df83610 code [0x0000015f1df838e0, 0x0000015f1df848e8]
Event: 29.873 Thread 0x0000015f33515000 13090       3       org.gradle.api.internal.file.DefaultFileVisitDetails::<init> (16 bytes)
Event: 29.873 Thread 0x0000015f33515000 nmethod 13090 0x0000015f1df84e10 code [0x0000015f1df84fc0, 0x0000015f1df853b8]
Event: 29.873 Thread 0x0000015f33515000 13091       3       org.gradle.api.file.RelativePath::append (11 bytes)
Event: 29.873 Thread 0x0000015f33515000 nmethod 13091 0x0000015f1df85510 code [0x0000015f1df856c0, 0x0000015f1df85868]
Event: 29.874 Thread 0x0000015f33515000 13092       3       org.gradle.api.internal.file.AbstractFileTree::<init> (7 bytes)
Event: 29.874 Thread 0x0000015f33515000 nmethod 13092 0x0000015f1df85910 code [0x0000015f1df85ac0, 0x0000015f1df85d38]
Event: 29.875 Thread 0x0000015f33515000 13093       3       java.nio.file.Files::isSameFile (10 bytes)
Event: 29.875 Thread 0x0000015f33515000 nmethod 13093 0x0000015f1df85e10 code [0x0000015f1df85fe0, 0x0000015f1df86388]
Event: 29.875 Thread 0x0000015f33515000 13094   !   3       sun.nio.fs.WindowsFileSystemProvider::isSameFile (180 bytes)
Event: 29.876 Thread 0x0000015f33515000 nmethod 13094 0x0000015f1df86510 code [0x0000015f1df868c0, 0x0000015f1df88428]
Event: 29.877 Thread 0x0000015f33515000 13095       3       sun.nio.fs.WindowsFileAttributes::isSameFile (39 bytes)
Event: 29.877 Thread 0x0000015f33515000 nmethod 13095 0x0000015f1df88e10 code [0x0000015f1df88fa0, 0x0000015f1df89178]
Event: 29.890 Thread 0x0000015f33515000 13097       3       org.gradle.api.file.RelativePath::copySegments (9 bytes)
Event: 29.890 Thread 0x0000015f33515000 nmethod 13097 0x0000015f1df89290 code [0x0000015f1df89440, 0x0000015f1df895e8]

GC Heap History (20 events):
Event: 23.204 GC heap before
{Heap before GC invocations=36 (full 0):
 garbage-first heap   total 196608K, used 156612K [0x0000000080000000, 0x0000000100000000)
  region size 1024K, 68 young (69632K), 4 survivors (4096K)
 Metaspace       used 95124K, committed 95808K, reserved 1179648K
  class space    used 13054K, committed 13376K, reserved 1048576K
}
Event: 23.209 GC heap after
{Heap after GC invocations=37 (full 0):
 garbage-first heap   total 196608K, used 95259K [0x0000000080000000, 0x0000000100000000)
  region size 1024K, 8 young (8192K), 8 survivors (8192K)
 Metaspace       used 95124K, committed 95808K, reserved 1179648K
  class space    used 13054K, committed 13376K, reserved 1048576K
}
Event: 24.973 GC heap before
{Heap before GC invocations=37 (full 0):
 garbage-first heap   total 196608K, used 158747K [0x0000000080000000, 0x0000000100000000)
  region size 1024K, 70 young (71680K), 8 survivors (8192K)
 Metaspace       used 100988K, committed 101632K, reserved 1179648K
  class space    used 13889K, committed 14208K, reserved 1048576K
}
Event: 24.981 GC heap after
{Heap after GC invocations=38 (full 0):
 garbage-first heap   total 196608K, used 98664K [0x0000000080000000, 0x0000000100000000)
  region size 1024K, 4 young (4096K), 4 survivors (4096K)
 Metaspace       used 100988K, committed 101632K, reserved 1179648K
  class space    used 13889K, committed 14208K, reserved 1048576K
}
Event: 25.656 GC heap before
{Heap before GC invocations=38 (full 0):
 garbage-first heap   total 196608K, used 160104K [0x0000000080000000, 0x0000000100000000)
  region size 1024K, 64 young (65536K), 4 survivors (4096K)
 Metaspace       used 102846K, committed 103616K, reserved 1179648K
  class space    used 14145K, committed 14528K, reserved 1048576K
}
Event: 25.668 GC heap after
{Heap after GC invocations=39 (full 0):
 garbage-first heap   total 196608K, used 105472K [0x0000000080000000, 0x0000000100000000)
  region size 1024K, 8 young (8192K), 8 survivors (8192K)
 Metaspace       used 102846K, committed 103616K, reserved 1179648K
  class space    used 14145K, committed 14528K, reserved 1048576K
}
Event: 26.788 GC heap before
{Heap before GC invocations=40 (full 0):
 garbage-first heap   total 196608K, used 160768K [0x0000000080000000, 0x0000000100000000)
  region size 1024K, 62 young (63488K), 8 survivors (8192K)
 Metaspace       used 104641K, committed 105344K, reserved 1179648K
  class space    used 14454K, committed 14784K, reserved 1048576K
}
Event: 26.800 GC heap after
{Heap after GC invocations=41 (full 0):
 garbage-first heap   total 196608K, used 114066K [0x0000000080000000, 0x0000000100000000)
  region size 1024K, 8 young (8192K), 8 survivors (8192K)
 Metaspace       used 104641K, committed 105344K, reserved 1179648K
  class space    used 14454K, committed 14784K, reserved 1048576K
}
Event: 26.826 GC heap before
{Heap before GC invocations=41 (full 0):
 garbage-first heap   total 196608K, used 115090K [0x0000000080000000, 0x0000000100000000)
  region size 1024K, 9 young (9216K), 8 survivors (8192K)
 Metaspace       used 104717K, committed 105472K, reserved 1179648K
  class space    used 14473K, committed 14848K, reserved 1048576K
}
Event: 26.833 GC heap after
{Heap after GC invocations=42 (full 0):
 garbage-first heap   total 196608K, used 114197K [0x0000000080000000, 0x0000000100000000)
  region size 1024K, 2 young (2048K), 2 survivors (2048K)
 Metaspace       used 104717K, committed 105472K, reserved 1179648K
  class space    used 14473K, committed 14848K, reserved 1048576K
}
Event: 27.204 GC heap before
{Heap before GC invocations=42 (full 0):
 garbage-first heap   total 196608K, used 158229K [0x0000000080000000, 0x0000000100000000)
  region size 1024K, 46 young (47104K), 2 survivors (2048K)
 Metaspace       used 105055K, committed 105792K, reserved 1179648K
  class space    used 14547K, committed 14912K, reserved 1048576K
}
Event: 27.208 GC heap after
{Heap after GC invocations=43 (full 0):
 garbage-first heap   total 196608K, used 118451K [0x0000000080000000, 0x0000000100000000)
  region size 1024K, 6 young (6144K), 6 survivors (6144K)
 Metaspace       used 105055K, committed 105792K, reserved 1179648K
  class space    used 14547K, committed 14912K, reserved 1048576K
}
Event: 27.748 GC heap before
{Heap before GC invocations=44 (full 0):
 garbage-first heap   total 211968K, used 159411K [0x0000000080000000, 0x0000000100000000)
  region size 1024K, 47 young (48128K), 6 survivors (6144K)
 Metaspace       used 105341K, committed 106048K, reserved 1179648K
  class space    used 14554K, committed 14912K, reserved 1048576K
}
Event: 27.756 GC heap after
{Heap after GC invocations=45 (full 0):
 garbage-first heap   total 211968K, used 121049K [0x0000000080000000, 0x0000000100000000)
  region size 1024K, 5 young (5120K), 5 survivors (5120K)
 Metaspace       used 105341K, committed 106048K, reserved 1179648K
  class space    used 14554K, committed 14912K, reserved 1048576K
}
Event: 27.779 GC heap before
{Heap before GC invocations=45 (full 0):
 garbage-first heap   total 211968K, used 126169K [0x0000000080000000, 0x0000000100000000)
  region size 1024K, 10 young (10240K), 5 survivors (5120K)
 Metaspace       used 105377K, committed 106112K, reserved 1179648K
  class space    used 14559K, committed 14912K, reserved 1048576K
}
Event: 27.785 GC heap after
{Heap after GC invocations=46 (full 0):
 garbage-first heap   total 211968K, used 120357K [0x0000000080000000, 0x0000000100000000)
  region size 1024K, 1 young (1024K), 1 survivors (1024K)
 Metaspace       used 105377K, committed 106112K, reserved 1179648K
  class space    used 14559K, committed 14912K, reserved 1048576K
}
Event: 28.205 GC heap before
{Heap before GC invocations=46 (full 0):
 garbage-first heap   total 211968K, used 172581K [0x0000000080000000, 0x0000000100000000)
  region size 1024K, 53 young (54272K), 1 survivors (1024K)
 Metaspace       used 105787K, committed 106560K, reserved 1179648K
  class space    used 14588K, committed 14976K, reserved 1048576K
}
Event: 28.209 GC heap after
{Heap after GC invocations=47 (full 0):
 garbage-first heap   total 254976K, used 125072K [0x0000000080000000, 0x0000000100000000)
  region size 1024K, 6 young (6144K), 6 survivors (6144K)
 Metaspace       used 105787K, committed 106560K, reserved 1179648K
  class space    used 14588K, committed 14976K, reserved 1048576K
}
Event: 28.869 GC heap before
{Heap before GC invocations=47 (full 0):
 garbage-first heap   total 254976K, used 203920K [0x0000000080000000, 0x0000000100000000)
  region size 1024K, 84 young (86016K), 6 survivors (6144K)
 Metaspace       used 106054K, committed 106816K, reserved 1179648K
  class space    used 14625K, committed 14976K, reserved 1048576K
}
Event: 28.877 GC heap after
{Heap after GC invocations=48 (full 0):
 garbage-first heap   total 254976K, used 130774K [0x0000000080000000, 0x0000000100000000)
  region size 1024K, 11 young (11264K), 11 survivors (11264K)
 Metaspace       used 106054K, committed 106816K, reserved 1179648K
  class space    used 14625K, committed 14976K, reserved 1048576K
}

Dll operation events (3 events):
Event: 0.031 Loaded shared library C:\Program Files\Android\Android Studio\jbr\bin\java.dll
Event: 0.205 Loaded shared library C:\Program Files\Android\Android Studio\jbr\bin\zip.dll
Event: 0.674 Loaded shared library C:\Program Files\Android\Android Studio\jbr\bin\verify.dll

Deoptimization events (20 events):
Event: 29.390 Thread 0x0000015f381f2fc0 Uncommon trap: trap_request=0xffffffc6 fr.pc=0x0000015f2463818c relative=0x000000000000040c
Event: 29.390 Thread 0x0000015f381f2fc0 Uncommon trap: reason=bimorphic_or_optimized_type_check action=maybe_recompile pc=0x0000015f2463818c method=java.util.Spliterators$IteratorSpliterator.tryAdvance(Ljava/util/function/Consumer;)Z @ 50 c2
Event: 29.390 Thread 0x0000015f381f2fc0 DEOPT PACKING pc=0x0000015f2463818c sp=0x00000038857faba0
Event: 29.390 Thread 0x0000015f381f2fc0 DEOPT UNPACKING pc=0x0000015f23f3a1a3 sp=0x00000038857fab40 mode 2
Event: 29.390 Thread 0x0000015f381f2fc0 Uncommon trap: trap_request=0xffffffc6 fr.pc=0x0000015f2463818c relative=0x000000000000040c
Event: 29.390 Thread 0x0000015f381f2fc0 Uncommon trap: reason=bimorphic_or_optimized_type_check action=maybe_recompile pc=0x0000015f2463818c method=java.util.Spliterators$IteratorSpliterator.tryAdvance(Ljava/util/function/Consumer;)Z @ 50 c2
Event: 29.390 Thread 0x0000015f381f2fc0 DEOPT PACKING pc=0x0000015f2463818c sp=0x00000038857faba0
Event: 29.390 Thread 0x0000015f381f2fc0 DEOPT UNPACKING pc=0x0000015f23f3a1a3 sp=0x00000038857fab40 mode 2
Event: 29.391 Thread 0x0000015f381f2fc0 Uncommon trap: trap_request=0xffffffc6 fr.pc=0x0000015f2463818c relative=0x000000000000040c
Event: 29.391 Thread 0x0000015f381f2fc0 Uncommon trap: reason=bimorphic_or_optimized_type_check action=maybe_recompile pc=0x0000015f2463818c method=java.util.Spliterators$IteratorSpliterator.tryAdvance(Ljava/util/function/Consumer;)Z @ 50 c2
Event: 29.391 Thread 0x0000015f381f2fc0 DEOPT PACKING pc=0x0000015f2463818c sp=0x00000038857faba0
Event: 29.391 Thread 0x0000015f381f2fc0 DEOPT UNPACKING pc=0x0000015f23f3a1a3 sp=0x00000038857fab40 mode 2
Event: 29.755 Thread 0x0000015f381f2fc0 Uncommon trap: trap_request=0xffffff45 fr.pc=0x0000015f24a8e484 relative=0x0000000000003944
Event: 29.755 Thread 0x0000015f381f2fc0 Uncommon trap: reason=unstable_if action=reinterpret pc=0x0000015f24a8e484 method=java.nio.file.FileTreeWalker.visit(Ljava/nio/file/Path;ZZ)Ljava/nio/file/FileTreeWalker$Event; @ 84 c2
Event: 29.755 Thread 0x0000015f381f2fc0 DEOPT PACKING pc=0x0000015f24a8e484 sp=0x00000038857f9690
Event: 29.755 Thread 0x0000015f381f2fc0 DEOPT UNPACKING pc=0x0000015f23f3a1a3 sp=0x00000038857f9680 mode 2
Event: 29.757 Thread 0x0000015f381f2fc0 Uncommon trap: trap_request=0xffffff45 fr.pc=0x0000015f24a97a24 relative=0x0000000000003824
Event: 29.757 Thread 0x0000015f381f2fc0 Uncommon trap: reason=unstable_if action=reinterpret pc=0x0000015f24a97a24 method=java.nio.file.FileTreeWalker.getAttributes(Ljava/nio/file/Path;Z)Ljava/nio/file/attribute/BasicFileAttributes; @ 35 c2
Event: 29.757 Thread 0x0000015f381f2fc0 DEOPT PACKING pc=0x0000015f24a97a24 sp=0x00000038857f96d0
Event: 29.757 Thread 0x0000015f381f2fc0 DEOPT UNPACKING pc=0x0000015f23f3a1a3 sp=0x00000038857f95c0 mode 2

Classes unloaded (0 events):
No events

Classes redefined (0 events):
No events

Internal exceptions (20 events):
Event: 26.061 Thread 0x0000015f381f3960 Exception <a 'java/lang/NoSuchMethodError'{0x0000000089e94d88}: static Lcom/android/buildanalyzer/common/AndroidGradlePluginAttributionData$TaskCategoryInfo;.<clinit>()V> (0x0000000089e94d88) 
thrown [s\src\hotspot\share\prims\jni.cpp, line 1108]
Event: 26.072 Thread 0x0000015f394d43b0 Exception <a 'java/lang/NoSuchMethodError'{0x0000000089dff9e0}: static [Ljava/lang/Object;.<clinit>()V> (0x0000000089dff9e0) 
thrown [s\src\hotspot\share\prims\jni.cpp, line 1108]
Event: 26.774 Thread 0x0000015f381f2fc0 Exception <a 'java/lang/NoSuchMethodError'{0x000000008874fb28}: 'void java.lang.invoke.DirectMethodHandle$Holder.invokeStatic(java.lang.Object, java.lang.Object, java.lang.Object, java.lang.Object, int, java.lang.Object, java.lang.Object)'> (0x000000008874fb28) 
thrown [s\src\hotspot\share\interpreter\linkResolver.cpp, line 771]
Event: 26.783 Thread 0x0000015f381f17b0 Implicit null exception at 0x0000015f2453bb98 to 0x0000015f2453c3b8
Event: 26.839 Thread 0x0000015f381f12e0 Exception <a 'java/lang/NoSuchMethodError'{0x000000008b801d68}: 'java.lang.Object java.lang.invoke.DirectMethodHandle$Holder.invokeSpecialIFC(java.lang.Object, java.lang.Object, java.lang.Object)'> (0x000000008b801d68) 
thrown [s\src\hotspot\share\interpreter\linkResolver.cpp, line 771]
Event: 26.839 Thread 0x0000015f381f0470 Exception <a 'java/lang/NoSuchMethodError'{0x000000008bb4ef68}: 'java.lang.Object java.lang.invoke.DirectMethodHandle$Holder.invokeSpecialIFC(java.lang.Object, java.lang.Object, java.lang.Object)'> (0x000000008bb4ef68) 
thrown [s\src\hotspot\share\interpreter\linkResolver.cpp, line 771]
Event: 26.839 Thread 0x0000015f381effa0 Exception <a 'java/lang/NoSuchMethodError'{0x000000008bbd5be0}: 'java.lang.Object java.lang.invoke.DirectMethodHandle$Holder.invokeSpecialIFC(java.lang.Object, java.lang.Object, java.lang.Object)'> (0x000000008bbd5be0) 
thrown [s\src\hotspot\share\interpreter\linkResolver.cpp, line 771]
Event: 26.839 Thread 0x0000015f381f17b0 Exception <a 'java/lang/NoSuchMethodError'{0x000000008bbe7f38}: 'java.lang.Object java.lang.invoke.DirectMethodHandle$Holder.invokeSpecialIFC(java.lang.Object, java.lang.Object, java.lang.Object)'> (0x000000008bbe7f38) 
thrown [s\src\hotspot\share\interpreter\linkResolver.cpp, line 771]
Event: 26.839 Thread 0x0000015f381f2fc0 Exception <a 'java/lang/NoSuchMethodError'{0x000000008bb18270}: 'java.lang.Object java.lang.invoke.DirectMethodHandle$Holder.invokeSpecialIFC(java.lang.Object, java.lang.Object, java.lang.Object)'> (0x000000008bb18270) 
thrown [s\src\hotspot\share\interpreter\linkResolver.cpp, line 771]
Event: 26.839 Thread 0x0000015f381f4300 Exception <a 'java/lang/NoSuchMethodError'{0x000000008b839648}: 'java.lang.Object java.lang.invoke.DirectMethodHandle$Holder.invokeSpecialIFC(java.lang.Object, java.lang.Object, java.lang.Object)'> (0x000000008b839648) 
thrown [s\src\hotspot\share\interpreter\linkResolver.cpp, line 771]
Event: 26.839 Thread 0x0000015f381f47d0 Exception <a 'java/lang/NoSuchMethodError'{0x000000008bbfc998}: 'java.lang.Object java.lang.invoke.DirectMethodHandle$Holder.invokeSpecialIFC(java.lang.Object, java.lang.Object, java.lang.Object)'> (0x000000008bbfc998) 
thrown [s\src\hotspot\share\interpreter\linkResolver.cpp, line 771]
Event: 26.839 Thread 0x0000015f381f5170 Exception <a 'java/lang/NoSuchMethodError'{0x000000008bb76430}: 'java.lang.Object java.lang.invoke.DirectMethodHandle$Holder.invokeSpecialIFC(java.lang.Object, java.lang.Object, java.lang.Object)'> (0x000000008bb76430) 
thrown [s\src\hotspot\share\interpreter\linkResolver.cpp, line 771]
Event: 28.134 Thread 0x0000015f381f5640 Exception <a 'java/lang/NoSuchMethodError'{0x000000008a1d1730}: static Lcom/android/build/api/variant/BuildConfigField;.<clinit>()V> (0x000000008a1d1730) 
thrown [s\src\hotspot\share\prims\jni.cpp, line 1108]
Event: 28.448 Thread 0x0000015f381f2fc0 Exception <a 'java/lang/NoSuchMethodError'{0x000000008cf58e30}: static Lcom/android/build/gradle/internal/scope/InternalArtifactType;.<clinit>()V> (0x000000008cf58e30) 
thrown [s\src\hotspot\share\prims\jni.cpp, line 1108]
Event: 28.449 Thread 0x0000015f381f2fc0 Exception <a 'java/lang/NoSuchMethodError'{0x000000008cf5a570}: static Lcom/android/build/gradle/internal/scope/InternalArtifactType;.<clinit>()V> (0x000000008cf5a570) 
thrown [s\src\hotspot\share\prims\jni.cpp, line 1108]
Event: 28.449 Thread 0x0000015f381f2fc0 Exception <a 'java/lang/NoSuchMethodError'{0x000000008cf5d700}: static Lcom/android/build/api/artifact/Artifact$Single;.<clinit>()V> (0x000000008cf5d700) 
thrown [s\src\hotspot\share\prims\jni.cpp, line 1108]
Event: 28.449 Thread 0x0000015f381f2fc0 Exception <a 'java/lang/NoSuchMethodError'{0x000000008cf5fc78}: static Ljava/lang/Object;.<clinit>()V> (0x000000008cf5fc78) 
thrown [s\src\hotspot\share\prims\jni.cpp, line 1108]
Event: 28.449 Thread 0x0000015f381f2fc0 Exception <a 'java/lang/NoSuchMethodError'{0x000000008cf76b00}: static Lcom/android/build/api/artifact/ArtifactKind;.<clinit>()V> (0x000000008cf76b00) 
thrown [s\src\hotspot\share\prims\jni.cpp, line 1108]
Event: 28.450 Thread 0x0000015f381f2fc0 Exception <a 'java/lang/NoSuchMethodError'{0x000000008cf77cc0}: static Lcom/android/build/api/artifact/ArtifactKind;.<clinit>()V> (0x000000008cf77cc0) 
thrown [s\src\hotspot\share\prims\jni.cpp, line 1108]
Event: 28.757 Thread 0x0000015f381f2fc0 Exception <a 'java/lang/NoSuchMethodError'{0x000000008abdd360}: 'int java.lang.invoke.DirectMethodHandle$Holder.invokeSpecial(java.lang.Object, java.lang.Object, java.lang.Object, java.lang.Object, java.lang.Object)'> (0x000000008abdd360) 
thrown [s\src\hotspot\share\interpreter\linkResolver.cpp, line 771]

VM Operations (20 events):
Event: 28.205 Executing VM operation: G1CollectForAllocation
Event: 28.210 Executing VM operation: G1CollectForAllocation done
Event: 28.452 Executing VM operation: HandshakeAllThreads
Event: 28.452 Executing VM operation: HandshakeAllThreads done
Event: 28.481 Executing VM operation: HandshakeAllThreads
Event: 28.481 Executing VM operation: HandshakeAllThreads done
Event: 28.496 Executing VM operation: ICBufferFull
Event: 28.497 Executing VM operation: ICBufferFull done
Event: 28.751 Executing VM operation: HandshakeAllThreads
Event: 28.751 Executing VM operation: HandshakeAllThreads done
Event: 28.754 Executing VM operation: HandshakeAllThreads
Event: 28.754 Executing VM operation: HandshakeAllThreads done
Event: 28.755 Executing VM operation: HandshakeAllThreads
Event: 28.756 Executing VM operation: HandshakeAllThreads done
Event: 28.850 Executing VM operation: ICBufferFull
Event: 28.850 Executing VM operation: ICBufferFull done
Event: 28.869 Executing VM operation: G1CollectForAllocation
Event: 28.878 Executing VM operation: G1CollectForAllocation done
Event: 29.880 Executing VM operation: Cleanup
Event: 29.880 Executing VM operation: Cleanup done

Events (20 events):
Event: 28.867 Thread 0x0000015f3c43f530 Thread added: 0x0000015f3c43f530
Event: 28.868 Thread 0x0000015f3c440d40 Thread added: 0x0000015f3c440d40
Event: 28.868 Thread 0x0000015f3c442ef0 Thread added: 0x0000015f3c442ef0
Event: 28.868 Thread 0x0000015f3c43e1f0 Thread added: 0x0000015f3c43e1f0
Event: 28.869 Thread 0x0000015f3c43c040 Thread added: 0x0000015f3c43c040
Event: 28.878 Thread 0x0000015f3c4433c0 Thread added: 0x0000015f3c4433c0
Event: 29.028 Thread 0x0000015f3c4416e0 Thread added: 0x0000015f3c4416e0
Event: 29.348 loading class java/util/LinkedList$LLSpliterator
Event: 29.349 loading class java/util/LinkedList$LLSpliterator done
Event: 29.375 loading class java/nio/file/Files$2
Event: 29.375 loading class java/nio/file/Files$2 done
Event: 29.380 loading class java/util/zip/Deflater
Event: 29.382 loading class java/util/zip/Deflater done
Event: 29.383 loading class java/util/zip/Deflater$DeflaterZStreamRef
Event: 29.383 loading class java/util/zip/Deflater$DeflaterZStreamRef done
Event: 29.393 loading class java/util/zip/ZipOutputStream$XEntry
Event: 29.393 loading class java/util/zip/ZipOutputStream$XEntry done
Event: 29.489 Thread 0x0000015f38b4e060 Thread exited: 0x0000015f38b4e060
Event: 29.754 loading class java/nio/file/FileTreeWalker$1
Event: 29.755 loading class java/nio/file/FileTreeWalker$1 done


Dynamic libraries:
0x00007ff6a78d0000 - 0x00007ff6a78da000 	C:\Program Files\Android\Android Studio\jbr\bin\java.exe
0x00007ffdd0050000 - 0x00007ffdd0267000 	C:\WINDOWS\SYSTEM32\ntdll.dll
0x00007ffdcf0d0000 - 0x00007ffdcf194000 	C:\WINDOWS\System32\KERNEL32.DLL
0x00007ffdcd470000 - 0x00007ffdcd829000 	C:\WINDOWS\System32\KERNELBASE.dll
0x00007ffdcd830000 - 0x00007ffdcd941000 	C:\WINDOWS\System32\ucrtbase.dll
0x00007ffdb9ea0000 - 0x00007ffdb9ebb000 	C:\Program Files\Android\Android Studio\jbr\bin\VCRUNTIME140.dll
0x00007ffdc7940000 - 0x00007ffdc7957000 	C:\Program Files\Android\Android Studio\jbr\bin\jli.dll
0x00007ffdcfda0000 - 0x00007ffdcff4e000 	C:\WINDOWS\System32\USER32.dll
0x00007ffdcdb60000 - 0x00007ffdcdb86000 	C:\WINDOWS\System32\win32u.dll
0x00007ffdcfd70000 - 0x00007ffdcfd99000 	C:\WINDOWS\System32\GDI32.dll
0x00007ffdcdc50000 - 0x00007ffdcdd6b000 	C:\WINDOWS\System32\gdi32full.dll
0x00007ffdcd350000 - 0x00007ffdcd3ea000 	C:\WINDOWS\System32\msvcp_win.dll
0x00007ffdc2600000 - 0x00007ffdc2892000 	C:\WINDOWS\WinSxS\amd64_microsoft.windows.common-controls_6595b64144ccf1df_6.0.22621.4391_none_2715d37f73803e96\COMCTL32.dll
0x00007ffdcf020000 - 0x00007ffdcf0c7000 	C:\WINDOWS\System32\msvcrt.dll
0x00007ffdcdd70000 - 0x00007ffdcdda1000 	C:\WINDOWS\System32\IMM32.DLL
0x00007ffdb9e20000 - 0x00007ffdb9e2c000 	C:\Program Files\Android\Android Studio\jbr\bin\vcruntime140_1.dll
0x00007ffd82130000 - 0x00007ffd821bd000 	C:\Program Files\Android\Android Studio\jbr\bin\msvcp140.dll
0x00007ffd7bdc0000 - 0x00007ffd7ca40000 	C:\Program Files\Android\Android Studio\jbr\bin\server\jvm.dll
0x00007ffdcff50000 - 0x00007ffdd0002000 	C:\WINDOWS\System32\ADVAPI32.dll
0x00007ffdcf1a0000 - 0x00007ffdcf247000 	C:\WINDOWS\System32\sechost.dll
0x00007ffdcdac0000 - 0x00007ffdcdae8000 	C:\WINDOWS\System32\bcrypt.dll
0x00007ffdce060000 - 0x00007ffdce174000 	C:\WINDOWS\System32\RPCRT4.dll
0x00007ffdc7800000 - 0x00007ffdc7834000 	C:\WINDOWS\SYSTEM32\WINMM.dll
0x00007ffdbec30000 - 0x00007ffdbec3a000 	C:\WINDOWS\SYSTEM32\VERSION.dll
0x00007ffdacd80000 - 0x00007ffdacd89000 	C:\WINDOWS\SYSTEM32\WSOCK32.dll
0x00007ffdcfcf0000 - 0x00007ffdcfd61000 	C:\WINDOWS\System32\WS2_32.dll
0x00007ffdcc480000 - 0x00007ffdcc498000 	C:\WINDOWS\SYSTEM32\kernel.appcore.dll
0x00007ffdc7990000 - 0x00007ffdc799a000 	C:\Program Files\Android\Android Studio\jbr\bin\jimage.dll
0x00007ffdcac20000 - 0x00007ffdcae52000 	C:\WINDOWS\SYSTEM32\DBGHELP.DLL
0x00007ffdcec90000 - 0x00007ffdcf01f000 	C:\WINDOWS\System32\combase.dll
0x00007ffdcf340000 - 0x00007ffdcf417000 	C:\WINDOWS\System32\OLEAUT32.dll
0x00007ffdbfee0000 - 0x00007ffdbff12000 	C:\WINDOWS\SYSTEM32\dbgcore.DLL
0x00007ffdcd3f0000 - 0x00007ffdcd46b000 	C:\WINDOWS\System32\bcryptPrimitives.dll
0x00007ffdc7960000 - 0x00007ffdc796e000 	C:\Program Files\Android\Android Studio\jbr\bin\instrument.dll
0x00007ffdc78a0000 - 0x00007ffdc78c5000 	C:\Program Files\Android\Android Studio\jbr\bin\java.dll
0x00007ffdc7880000 - 0x00007ffdc7898000 	C:\Program Files\Android\Android Studio\jbr\bin\zip.dll
0x00007ffdce260000 - 0x00007ffdcead6000 	C:\WINDOWS\System32\SHELL32.dll
0x00007ffdcb290000 - 0x00007ffdcbb93000 	C:\WINDOWS\SYSTEM32\windows.storage.dll
0x00007ffdcb150000 - 0x00007ffdcb28f000 	C:\WINDOWS\SYSTEM32\wintypes.dll
0x00007ffdceb80000 - 0x00007ffdcec79000 	C:\WINDOWS\System32\SHCORE.dll
0x00007ffdcf250000 - 0x00007ffdcf2ae000 	C:\WINDOWS\System32\shlwapi.dll
0x00007ffdcd280000 - 0x00007ffdcd2ab000 	C:\WINDOWS\SYSTEM32\profapi.dll
0x00007ffdc7850000 - 0x00007ffdc7869000 	C:\Program Files\Android\Android Studio\jbr\bin\net.dll
0x00007ffdc8c70000 - 0x00007ffdc8da6000 	C:\WINDOWS\SYSTEM32\WINHTTP.dll
0x00007ffdcc900000 - 0x00007ffdcc969000 	C:\WINDOWS\system32\mswsock.dll
0x00007ffdc5e60000 - 0x00007ffdc5e76000 	C:\Program Files\Android\Android Studio\jbr\bin\nio.dll
0x00007ffdc7970000 - 0x00007ffdc7980000 	C:\Program Files\Android\Android Studio\jbr\bin\verify.dll
0x00007ffdc87f0000 - 0x00007ffdc8817000 	C:\Users\82104\.gradle\native\68d5fa5c4cc2d200863cafc0d521ce42e7d3e7ee720ec0a83991735586a16f82\windows-amd64\native-platform.dll
0x00007ffd7d510000 - 0x00007ffd7d654000 	C:\Users\82104\.gradle\native\e376f236ea51e6404a007f0833ffe2c6e607c4080706a723a18a27aeea778392\windows-amd64\native-platform-file-events.dll
0x00007ffdc7840000 - 0x00007ffdc7849000 	C:\Program Files\Android\Android Studio\jbr\bin\management.dll
0x00007ffdc5e50000 - 0x00007ffdc5e5b000 	C:\Program Files\Android\Android Studio\jbr\bin\management_ext.dll
0x00007ffdcf420000 - 0x00007ffdcf428000 	C:\WINDOWS\System32\PSAPI.DLL
0x00007ffdccb50000 - 0x00007ffdccb6b000 	C:\WINDOWS\SYSTEM32\CRYPTSP.dll
0x00007ffdcc3e0000 - 0x00007ffdcc415000 	C:\WINDOWS\system32\rsaenh.dll
0x00007ffdcc9f0000 - 0x00007ffdcca18000 	C:\WINDOWS\SYSTEM32\USERENV.dll
0x00007ffdccb70000 - 0x00007ffdccb7c000 	C:\WINDOWS\SYSTEM32\CRYPTBASE.dll
0x00007ffdcbf00000 - 0x00007ffdcbf2d000 	C:\WINDOWS\SYSTEM32\IPHLPAPI.DLL
0x00007ffdcec80000 - 0x00007ffdcec89000 	C:\WINDOWS\System32\NSI.dll
0x00007ffdc8c50000 - 0x00007ffdc8c69000 	C:\WINDOWS\SYSTEM32\dhcpcsvc6.DLL
0x00007ffdc8c30000 - 0x00007ffdc8c4f000 	C:\WINDOWS\SYSTEM32\dhcpcsvc.DLL
0x00007ffdcbf30000 - 0x00007ffdcc032000 	C:\WINDOWS\SYSTEM32\DNSAPI.dll
0x00007ffdb1270000 - 0x00007ffdb1278000 	C:\WINDOWS\system32\wshunix.dll
0x00007ffdc8f60000 - 0x00007ffdc8f6a000 	C:\Windows\System32\rasadhlp.dll
0x00007ffdc7a30000 - 0x00007ffdc7ab3000 	C:\WINDOWS\System32\fwpuclnt.dll
0x00007ffdad650000 - 0x00007ffdad667000 	C:\WINDOWS\system32\napinsp.dll
0x00007ffdad1b0000 - 0x00007ffdad1cb000 	C:\WINDOWS\system32\pnrpnsp.dll
0x00007ffdad190000 - 0x00007ffdad1a1000 	C:\WINDOWS\System32\winrnr.dll
0x00007ffdc7740000 - 0x00007ffdc7755000 	C:\WINDOWS\system32\wshbth.dll
0x00007ffdad160000 - 0x00007ffdad187000 	C:\WINDOWS\system32\nlansp_c.dll

dbghelp: loaded successfully - version: 4.0.5 - missing functions: none
symbol engine: initialized successfully - sym options: 0x614 - pdb path: .;C:\Program Files\Android\Android Studio\jbr\bin;C:\WINDOWS\SYSTEM32;C:\WINDOWS\WinSxS\amd64_microsoft.windows.common-controls_6595b64144ccf1df_6.0.22621.4391_none_2715d37f73803e96;C:\Program Files\Android\Android Studio\jbr\bin\server;C:\Users\82104\.gradle\native\68d5fa5c4cc2d200863cafc0d521ce42e7d3e7ee720ec0a83991735586a16f82\windows-amd64;C:\Users\82104\.gradle\native\e376f236ea51e6404a007f0833ffe2c6e607c4080706a723a18a27aeea778392\windows-amd64

VM Arguments:
jvm_args: --add-opens=java.base/java.util=ALL-UNNAMED --add-opens=java.base/java.lang=ALL-UNNAMED --add-opens=java.base/java.lang.invoke=ALL-UNNAMED --add-opens=java.prefs/java.util.prefs=ALL-UNNAMED --add-opens=java.base/java.nio.charset=ALL-UNNAMED --add-opens=java.base/java.net=ALL-UNNAMED --add-opens=java.base/java.util.concurrent.atomic=ALL-UNNAMED -Xmx2048m -Dfile.encoding=UTF-8 -Duser.country=KR -Duser.language=ko -Duser.variant -javaagent:C:\Users\82104\.gradle\wrapper\dists\gradle-8.2-bin\bbg7u40eoinfdyxsxr3z4i7ta\gradle-8.2\lib\agents\gradle-instrumentation-agent-8.2.jar 
java_command: org.gradle.launcher.daemon.bootstrap.GradleDaemon 8.2
java_class_path (initial): C:\Users\82104\.gradle\wrapper\dists\gradle-8.2-bin\bbg7u40eoinfdyxsxr3z4i7ta\gradle-8.2\lib\gradle-launcher-8.2.jar
Launcher Type: SUN_STANDARD

[Global flags]
     intx CICompilerCount                          = 4                                         {product} {ergonomic}
     uint ConcGCThreads                            = 2                                         {product} {ergonomic}
     uint G1ConcRefinementThreads                  = 8                                         {product} {ergonomic}
   size_t G1HeapRegionSize                         = 1048576                                   {product} {ergonomic}
    uintx GCDrainStackTargetSize                   = 64                                        {product} {ergonomic}
   size_t InitialHeapSize                          = 130023424                                 {product} {ergonomic}
   size_t MarkStackSize                            = 4194304                                   {product} {ergonomic}
   size_t MaxHeapSize                              = 2147483648                                {product} {command line}
   size_t MaxNewSize                               = 1287651328                                {product} {ergonomic}
   size_t MinHeapDeltaBytes                        = 1048576                                   {product} {ergonomic}
   size_t MinHeapSize                              = 8388608                                   {product} {ergonomic}
    uintx NonNMethodCodeHeapSize                   = 5839372                                {pd product} {ergonomic}
    uintx NonProfiledCodeHeapSize                  = 122909434                              {pd product} {ergonomic}
    uintx ProfiledCodeHeapSize                     = 122909434                              {pd product} {ergonomic}
    uintx ReservedCodeCacheSize                    = 251658240                              {pd product} {ergonomic}
     bool SegmentedCodeCache                       = true                                      {product} {ergonomic}
   size_t SoftMaxHeapSize                          = 2147483648                             {manageable} {ergonomic}
     bool UseCompressedClassPointers               = true                           {product lp64_product} {ergonomic}
     bool UseCompressedOops                        = true                           {product lp64_product} {ergonomic}
     bool UseG1GC                                  = true                                      {product} {ergonomic}
     bool UseLargePagesIndividualAllocation        = false                                  {pd product} {ergonomic}

Logging:
Log output configuration:
 #0: stdout all=warning uptime,level,tags
 #1: stderr all=off uptime,level,tags

Environment Variables:
PATH=C:\WINDOWS\system32;C:\WINDOWS;C:\WINDOWS\System32\Wbem;C:\WINDOWS\System32\WindowsPowerShell\v1.0\;C:\WINDOWS\System32\OpenSSH\;C:\Program Files (x86)\Windows Kits\10\Windows Performance Toolkit\;C:\Program Files\nodejs\;C:\Program Files\Git\cmd;C:\Users\82104\AppData\Local\Programs\Python\Python310\Scripts\;C:\Users\82104\AppData\Local\Programs\Python\Python310\;C:\Users\82104\AppData\Local\Programs\Python\Python39\Scripts\;C:\Users\82104\AppData\Local\Programs\Python\Python39\;C:\Users\82104\AppData\Local\Programs\Python\Python311\Scripts\;C:\Users\82104\AppData\Local\Programs\Python\Python311\;C:\Users\82104\AppData\Local\Microsoft\WindowsApps;C:\Program Files\JetBrains\PyCharm 2023.3.4\bin;;C:\Program Files\JetBrains\PyCharm Community Edition 2023.3.4\bin;;C:\Users\82104\AppData\Local\Programs\Microsoft VS Code\bin;C:\Users\82104\AppData\Roaming\npm;C:\Users\82104\AppData\Local\GitHubDesktop\bin
USERNAME=82104
OS=Windows_NT
PROCESSOR_IDENTIFIER=Intel64 Family 6 Model 140 Stepping 1, GenuineIntel
TMP=C:\Users\82104\AppData\Local\Temp
TEMP=C:\Users\82104\AppData\Local\Temp


JNI global refs:
JNI global refs: 28, weak refs: 6

JNI global refs memory usage: 843, weak refs: 841

OOME stack traces (most recent first):
Classloader memory used:
