#
# There is insufficient memory for the Java Runtime Environment to continue.
# Native memory allocation (mmap) failed to map 65536 bytes for Failed to commit metaspace.
# Possible reasons:
#   The system is out of physical RAM or swap space
#   The process is running with CompressedOops enabled, and the Java Heap may be blocking the growth of the native heap
# Possible solutions:
#   Reduce memory load on the system
#   Increase physical memory or swap space
#   Check if swap backing store is full
#   Decrease Java heap size (-Xmx/-Xms)
#   Decrease number of Java threads
#   Decrease Java thread stack sizes (-Xss)
#   Set larger code cache with -XX:ReservedCodeCacheSize=
#   JVM is running with Unscaled Compressed Oops mode in which the Java heap is
#     placed in the first 4GB address space. The Java Heap base address is the
#     maximum limit for the native heap growth. Please use -XX:HeapBaseMinAddress
#     to set the Java Heap base and to place the Java Heap above 4GB virtual address.
# This output file may be truncated or incomplete.
#
#  Out of Memory Error (virtualSpaceNode.cpp:110), pid=29424, tid=15036
#
# JRE version: OpenJDK Runtime Environment (17.0.7) (build 17.0.7+0-b2043.56-10550314)
# Java VM: OpenJDK 64-Bit Server VM (17.0.7+0-b2043.56-10550314, mixed mode, tiered, compressed oops, compressed class ptrs, g1 gc, windows-amd64)
# No core dump will be written. Minidumps are not enabled by default on client versions of Windows
#

---------------  S U M M A R Y ------------

Command Line: --add-opens=java.base/java.util=ALL-UNNAMED --add-opens=java.base/java.lang=ALL-UNNAMED --add-opens=java.base/java.lang.invoke=ALL-UNNAMED --add-opens=java.prefs/java.util.prefs=ALL-UNNAMED --add-opens=java.base/java.nio.charset=ALL-UNNAMED --add-opens=java.base/java.net=ALL-UNNAMED --add-opens=java.base/java.util.concurrent.atomic=ALL-UNNAMED -Xmx2048m -Dfile.encoding=UTF-8 -Duser.country=KR -Duser.language=ko -Duser.variant -javaagent:C:\Users\82104\.gradle\wrapper\dists\gradle-8.2-bin\bbg7u40eoinfdyxsxr3z4i7ta\gradle-8.2\lib\agents\gradle-instrumentation-agent-8.2.jar org.gradle.launcher.daemon.bootstrap.GradleDaemon 8.2

Host: 11th Gen Intel(R) Core(TM) i5-1135G7 @ 2.40GHz, 8 cores, 7G,  Windows 11 , 64 bit Build 22621 (10.0.22621.4391)
Time: Wed Nov 27 00:57:59 2024  Windows 11 , 64 bit Build 22621 (10.0.22621.4391) elapsed time: 7.162762 seconds (0d 0h 0m 7s)

---------------  T H R E A D  ---------------

Current thread (0x000001cef1696280):  JavaThread "Daemon worker" [_thread_in_vm, id=15036, stack(0x00000094f8900000,0x00000094f8a00000)]

Stack: [0x00000094f8900000,0x00000094f8a00000]
Native frames: (J=compiled Java code, j=interpreted, Vv=VM code, C=native code)
V  [jvm.dll+0x683bfa]
V  [jvm.dll+0x8430a4]
V  [jvm.dll+0x8449be]
V  [jvm.dll+0x845023]
V  [jvm.dll+0x24ad2f]
V  [jvm.dll+0x83e45b]
V  [jvm.dll+0x6281e6]
V  [jvm.dll+0x1c29ee]
V  [jvm.dll+0x62ab31]
V  [jvm.dll+0x628b86]
V  [jvm.dll+0x639a09]
V  [jvm.dll+0x632d34]
V  [jvm.dll+0x386921]
C  0x000001cedc29c6e8

Java frames: (J=compiled Java code, j=interpreted, Vv=VM code)
j  com.google.common.io.Closer$SuppressingSuppressor.<init>(Ljava/lang/reflect/Method;)V+0
j  com.google.common.io.Closer$SuppressingSuppressor.tryCreate()Lcom/google/common/io/Closer$SuppressingSuppressor;+28
j  com.google.common.io.Closer.<clinit>()V+0
v  ~StubRoutines::call_stub
j  com.google.common.io.CharSink.write(Ljava/lang/CharSequence;)V+5
j  org.gradle.internal.nativeintegration.filesystem.services.GenericFileSystem.createFile(Ljava/lang/String;)Ljava/io/File;+29
j  org.gradle.internal.nativeintegration.filesystem.services.GenericFileSystem.initializeCaseSensitive()V+20
j  org.gradle.internal.nativeintegration.filesystem.services.GenericFileSystem.isCaseSensitive()Z+1
j  org.gradle.internal.service.scopes.VirtualFileSystemServices$GradleUserHomeServices.createVirtualFileSystem(Lorg/gradle/internal/watch/vfs/impl/LocationsWrittenByCurrentBuild;Lorg/gradle/api/internal/DocumentationRegistry;Lorg/gradle/internal/nativeintegration/NativeCapabilities;Lorg/gradle/internal/event/ListenerManager;Lorg/gradle/internal/watch/vfs/FileChangeListeners;Lorg/gradle/internal/nativeintegration/filesystem/FileSystem;Lorg/gradle/cache/GlobalCacheLocations;Lorg/gradle/internal/watch/vfs/WatchableFileSystemDetector;)Lorg/gradle/internal/watch/vfs/BuildLifecycleAwareVirtualFileSystem;+2
v  ~StubRoutines::call_stub
j  jdk.internal.reflect.NativeMethodAccessorImpl.invoke0(Ljava/lang/reflect/Method;Ljava/lang/Object;[Ljava/lang/Object;)Ljava/lang/Object;+0 java.base@17.0.7
j  jdk.internal.reflect.NativeMethodAccessorImpl.invoke(Ljava/lang/Object;[Ljava/lang/Object;)Ljava/lang/Object;+133 java.base@17.0.7
J 1753 c1 jdk.internal.reflect.DelegatingMethodAccessorImpl.invoke(Ljava/lang/Object;[Ljava/lang/Object;)Ljava/lang/Object; java.base@17.0.7 (10 bytes) @ 0x000001ced50c733c [0x000001ced50c7240+0x00000000000000fc]
J 1752 c1 java.lang.reflect.Method.invoke(Ljava/lang/Object;[Ljava/lang/Object;)Ljava/lang/Object; java.base@17.0.7 (65 bytes) @ 0x000001ced50c6dac [0x000001ced50c6a80+0x000000000000032c]
j  org.gradle.internal.reflect.JavaMethod.invoke(Ljava/lang/Object;[Ljava/lang/Object;)Ljava/lang/Object;+6
j  org.gradle.internal.service.ReflectionBasedServiceMethod.invoke(Ljava/lang/Object;[Ljava/lang/Object;)Ljava/lang/Object;+6
j  org.gradle.internal.service.DefaultServiceRegistry$FactoryMethodService.invokeMethod([Ljava/lang/Object;)Ljava/lang/Object;+9
j  org.gradle.internal.service.DefaultServiceRegistry$FactoryService.createServiceInstance()Ljava/lang/Object;+7
J 2181 c1 org.gradle.internal.service.DefaultServiceRegistry$ManagedObjectServiceProvider.getInstance()Ljava/lang/Object; (47 bytes) @ 0x000001ced519700c [0x000001ced5196e60+0x00000000000001ac]
J 2180 c1 org.gradle.internal.service.DefaultServiceRegistry$SingletonService.get()Ljava/lang/Object; (5 bytes) @ 0x000001ced5196b14 [0x000001ced5196aa0+0x0000000000000074]
j  org.gradle.internal.service.DefaultServiceRegistry$FactoryService.assembleParameters()[Ljava/lang/Object;+44
j  org.gradle.internal.service.DefaultServiceRegistry$FactoryService.createServiceInstance()Ljava/lang/Object;+1
J 2181 c1 org.gradle.internal.service.DefaultServiceRegistry$ManagedObjectServiceProvider.getInstance()Ljava/lang/Object; (47 bytes) @ 0x000001ced519700c [0x000001ced5196e60+0x00000000000001ac]
J 2180 c1 org.gradle.internal.service.DefaultServiceRegistry$SingletonService.get()Ljava/lang/Object; (5 bytes) @ 0x000001ced5196b14 [0x000001ced5196aa0+0x0000000000000074]
j  org.gradle.internal.service.DefaultServiceRegistry.find(Ljava/lang/reflect/Type;)Ljava/lang/Object;+22
j  org.gradle.internal.service.DefaultServiceRegistry.get(Ljava/lang/reflect/Type;)Ljava/lang/Object;+2
j  org.gradle.internal.service.DefaultServiceRegistry.get(Ljava/lang/Class;)Ljava/lang/Object;+3
j  org.gradle.internal.session.DefaultBuildSessionContext.execute(Lorg/gradle/internal/invocation/BuildAction;)Lorg/gradle/internal/buildtree/BuildActionRunner$Result;+54
j  org.gradle.tooling.internal.provider.BuildSessionLifecycleBuildActionExecuter$ActionImpl.apply(Lorg/gradle/internal/session/BuildSessionContext;)Lorg/gradle/launcher/exec/BuildActionResult;+6
j  org.gradle.tooling.internal.provider.BuildSessionLifecycleBuildActionExecuter$ActionImpl.apply(Ljava/lang/Object;)Ljava/lang/Object;+5
j  org.gradle.internal.session.BuildSessionState.run(Ljava/util/function/Function;)Ljava/lang/Object;+5
j  org.gradle.tooling.internal.provider.BuildSessionLifecycleBuildActionExecuter.execute(Lorg/gradle/internal/invocation/BuildAction;Lorg/gradle/launcher/exec/BuildActionParameters;Lorg/gradle/initialization/BuildRequestContext;)Lorg/gradle/launcher/exec/BuildActionResult;+95
j  org.gradle.tooling.internal.provider.BuildSessionLifecycleBuildActionExecuter.execute(Lorg/gradle/internal/invocation/BuildAction;Ljava/lang/Object;Ljava/lang/Object;)Lorg/gradle/launcher/exec/BuildActionResult;+10
j  org.gradle.tooling.internal.provider.StartParamsValidatingActionExecuter.execute(Lorg/gradle/internal/invocation/BuildAction;Lorg/gradle/launcher/exec/BuildActionParameters;Lorg/gradle/initialization/BuildRequestContext;)Lorg/gradle/launcher/exec/BuildActionResult;+203
j  org.gradle.tooling.internal.provider.StartParamsValidatingActionExecuter.execute(Lorg/gradle/internal/invocation/BuildAction;Ljava/lang/Object;Ljava/lang/Object;)Lorg/gradle/launcher/exec/BuildActionResult;+10
j  org.gradle.tooling.internal.provider.SessionFailureReportingActionExecuter.execute(Lorg/gradle/internal/invocation/BuildAction;Lorg/gradle/launcher/exec/BuildActionParameters;Lorg/gradle/initialization/BuildRequestContext;)Lorg/gradle/launcher/exec/BuildActionResult;+7
j  org.gradle.tooling.internal.provider.SessionFailureReportingActionExecuter.execute(Lorg/gradle/internal/invocation/BuildAction;Ljava/lang/Object;Ljava/lang/Object;)Lorg/gradle/launcher/exec/BuildActionResult;+10
j  org.gradle.tooling.internal.provider.SetupLoggingActionExecuter.execute(Lorg/gradle/internal/invocation/BuildAction;Lorg/gradle/launcher/exec/BuildActionParameters;Lorg/gradle/initialization/BuildRequestContext;)Lorg/gradle/launcher/exec/BuildActionResult;+50
j  org.gradle.tooling.internal.provider.SetupLoggingActionExecuter.execute(Lorg/gradle/internal/invocation/BuildAction;Ljava/lang/Object;Ljava/lang/Object;)Lorg/gradle/launcher/exec/BuildActionResult;+10
j  org.gradle.launcher.daemon.server.exec.ExecuteBuild.doBuild(Lorg/gradle/launcher/daemon/server/api/DaemonCommandExecution;Lorg/gradle/launcher/daemon/protocol/Build;)V+117
j  org.gradle.launcher.daemon.server.exec.BuildCommandOnly.execute(Lorg/gradle/launcher/daemon/server/api/DaemonCommandExecution;)V+49
j  org.gradle.launcher.daemon.server.api.DaemonCommandExecution.proceed()Z+23
j  org.gradle.launcher.daemon.server.exec.WatchForDisconnection.execute(Lorg/gradle/launcher/daemon/server/api/DaemonCommandExecution;)V+19
j  org.gradle.launcher.daemon.server.api.DaemonCommandExecution.proceed()Z+23
j  org.gradle.launcher.daemon.server.exec.ResetDeprecationLogger.execute(Lorg/gradle/launcher/daemon/server/api/DaemonCommandExecution;)V+7
j  org.gradle.launcher.daemon.server.api.DaemonCommandExecution.proceed()Z+23
j  org.gradle.launcher.daemon.server.exec.RequestStopIfSingleUsedDaemon.execute(Lorg/gradle/launcher/daemon/server/api/DaemonCommandExecution;)V+33
j  org.gradle.launcher.daemon.server.api.DaemonCommandExecution.proceed()Z+23
j  org.gradle.launcher.daemon.server.exec.ForwardClientInput$2.create()Ljava/lang/Void;+4
j  org.gradle.launcher.daemon.server.exec.ForwardClientInput$2.create()Ljava/lang/Object;+1
j  org.gradle.util.internal.Swapper.swap(Ljava/lang/Object;Lorg/gradle/internal/Factory;)Ljava/lang/Object;+21
j  org.gradle.launcher.daemon.server.exec.ForwardClientInput.execute(Lorg/gradle/launcher/daemon/server/api/DaemonCommandExecution;)V+63
j  org.gradle.launcher.daemon.server.api.DaemonCommandExecution.proceed()Z+23
j  org.gradle.launcher.daemon.server.exec.LogAndCheckHealth.execute(Lorg/gradle/launcher/daemon/server/api/DaemonCommandExecution;)V+51
j  org.gradle.launcher.daemon.server.api.DaemonCommandExecution.proceed()Z+23
j  org.gradle.launcher.daemon.server.exec.LogToClient.doBuild(Lorg/gradle/launcher/daemon/server/api/DaemonCommandExecution;Lorg/gradle/launcher/daemon/protocol/Build;)V+87
j  org.gradle.launcher.daemon.server.exec.BuildCommandOnly.execute(Lorg/gradle/launcher/daemon/server/api/DaemonCommandExecution;)V+49
j  org.gradle.launcher.daemon.server.api.DaemonCommandExecution.proceed()Z+23
j  org.gradle.launcher.daemon.server.exec.EstablishBuildEnvironment.doBuild(Lorg/gradle/launcher/daemon/server/api/DaemonCommandExecution;Lorg/gradle/launcher/daemon/protocol/Build;)V+356
j  org.gradle.launcher.daemon.server.exec.BuildCommandOnly.execute(Lorg/gradle/launcher/daemon/server/api/DaemonCommandExecution;)V+49
j  org.gradle.launcher.daemon.server.api.DaemonCommandExecution.proceed()Z+23
j  org.gradle.launcher.daemon.server.exec.StartBuildOrRespondWithBusy$1.run()V+44
j  org.gradle.launcher.daemon.server.DaemonStateCoordinator$1.run()V+4
j  org.gradle.internal.concurrent.ExecutorPolicy$CatchAndRecordFailures.onExecute(Ljava/lang/Runnable;)V+1
j  org.gradle.internal.concurrent.AbstractManagedExecutor$1.run()V+25
j  java.util.concurrent.ThreadPoolExecutor.runWorker(Ljava/util/concurrent/ThreadPoolExecutor$Worker;)V+92 java.base@17.0.7
j  java.util.concurrent.ThreadPoolExecutor$Worker.run()V+5 java.base@17.0.7
j  java.lang.Thread.run()V+11 java.base@17.0.7
v  ~StubRoutines::call_stub

---------------  P R O C E S S  ---------------

Threads class SMR info:
_java_thread_list=0x000001ceebb70170, length=24, elements={
0x000001ced1896530, 0x000001ceeb6f6770, 0x000001ceeb6f7230, 0x000001ceeb86ed20,
0x000001ceeb86f6e0, 0x000001ceeb8720a0, 0x000001ceeb872a50, 0x000001ceeb8b87f0,
0x000001ceeb8c1100, 0x000001ceeb8d25d0, 0x000001ceeb692c70, 0x000001ceebb971f0,
0x000001cef15fd000, 0x000001cef14a9300, 0x000001cef0fbae80, 0x000001cef0ee6c00,
0x000001cef0f05ef0, 0x000001cef14d2b60, 0x000001cef1696280, 0x000001cef1696750,
0x000001cef16630b0, 0x000001cef16618a0, 0x000001cef1660f00, 0x000001cef1662be0
}

Java Threads: ( => current thread )
  0x000001ced1896530 JavaThread "main" [_thread_blocked, id=30588, stack(0x00000094f6c00000,0x00000094f6d00000)]
  0x000001ceeb6f6770 JavaThread "Reference Handler" daemon [_thread_blocked, id=2196, stack(0x00000094f7300000,0x00000094f7400000)]
  0x000001ceeb6f7230 JavaThread "Finalizer" daemon [_thread_blocked, id=27800, stack(0x00000094f7400000,0x00000094f7500000)]
  0x000001ceeb86ed20 JavaThread "Signal Dispatcher" daemon [_thread_blocked, id=35284, stack(0x00000094f7500000,0x00000094f7600000)]
  0x000001ceeb86f6e0 JavaThread "Attach Listener" daemon [_thread_blocked, id=36440, stack(0x00000094f7600000,0x00000094f7700000)]
  0x000001ceeb8720a0 JavaThread "Service Thread" daemon [_thread_blocked, id=30512, stack(0x00000094f7700000,0x00000094f7800000)]
  0x000001ceeb872a50 JavaThread "Monitor Deflation Thread" daemon [_thread_blocked, id=12204, stack(0x00000094f7800000,0x00000094f7900000)]
  0x000001ceeb8b87f0 JavaThread "C2 CompilerThread0" daemon [_thread_blocked, id=38360, stack(0x00000094f7900000,0x00000094f7a00000)]
  0x000001ceeb8c1100 JavaThread "C1 CompilerThread0" daemon [_thread_blocked, id=26360, stack(0x00000094f7a00000,0x00000094f7b00000)]
  0x000001ceeb8d25d0 JavaThread "Sweeper thread" daemon [_thread_blocked, id=24484, stack(0x00000094f7b00000,0x00000094f7c00000)]
  0x000001ceeb692c70 JavaThread "Common-Cleaner" daemon [_thread_blocked, id=34104, stack(0x00000094f7c00000,0x00000094f7d00000)]
  0x000001ceebb971f0 JavaThread "Notification Thread" daemon [_thread_blocked, id=4836, stack(0x00000094f7d00000,0x00000094f7e00000)]
  0x000001cef15fd000 JavaThread "Daemon health stats" [_thread_blocked, id=25648, stack(0x00000094f8300000,0x00000094f8400000)]
  0x000001cef14a9300 JavaThread "Incoming local TCP Connector on port 53285" [_thread_in_native, id=33936, stack(0x00000094f8400000,0x00000094f8500000)]
  0x000001cef0fbae80 JavaThread "Daemon periodic checks" [_thread_blocked, id=20312, stack(0x00000094f8500000,0x00000094f8600000)]
  0x000001cef0ee6c00 JavaThread "Daemon" [_thread_blocked, id=35324, stack(0x00000094f8600000,0x00000094f8700000)]
  0x000001cef0f05ef0 JavaThread "Handler for socket connection from /127.0.0.1:53285 to /127.0.0.1:53286" [_thread_in_native, id=26332, stack(0x00000094f8700000,0x00000094f8800000)]
  0x000001cef14d2b60 JavaThread "Cancel handler" [_thread_blocked, id=9448, stack(0x00000094f8800000,0x00000094f8900000)]
=>0x000001cef1696280 JavaThread "Daemon worker" [_thread_in_vm, id=15036, stack(0x00000094f8900000,0x00000094f8a00000)]
  0x000001cef1696750 JavaThread "Asynchronous log dispatcher for DefaultDaemonConnection: socket connection from /127.0.0.1:53285 to /127.0.0.1:53286" [_thread_blocked, id=38648, stack(0x00000094f8a00000,0x00000094f8b00000)]
  0x000001cef16630b0 JavaThread "Stdin handler" [_thread_blocked, id=7292, stack(0x00000094f8b00000,0x00000094f8c00000)]
  0x000001cef16618a0 JavaThread "Daemon client event forwarder" [_thread_blocked, id=19312, stack(0x00000094f8c00000,0x00000094f8d00000)]
  0x000001cef1660f00 JavaThread "Cache worker for journal cache (C:\Users\82104\.gradle\caches\journal-1)" [_thread_blocked, id=28152, stack(0x00000094f9100000,0x00000094f9200000)]
  0x000001cef1662be0 JavaThread "File lock request listener" [_thread_in_native, id=3264, stack(0x00000094f9200000,0x00000094f9300000)]

Other Threads:
  0x000001ceeb710710 VMThread "VM Thread" [stack: 0x00000094f7200000,0x00000094f7300000] [id=16636]
  0x000001ceebbd73f0 WatcherThread [stack: 0x00000094f7e00000,0x00000094f7f00000] [id=19244]
  0x000001cecf73e810 GCTaskThread "GC Thread#0" [stack: 0x00000094f6d00000,0x00000094f6e00000] [id=24636]
  0x000001cef08b8e70 GCTaskThread "GC Thread#1" [stack: 0x00000094f7f00000,0x00000094f8000000] [id=6668]
  0x000001cef0c2daa0 GCTaskThread "GC Thread#2" [stack: 0x00000094f8000000,0x00000094f8100000] [id=24476]
  0x000001cef0c2dd50 GCTaskThread "GC Thread#3" [stack: 0x00000094f8100000,0x00000094f8200000] [id=4948]
  0x000001cef098d6d0 GCTaskThread "GC Thread#4" [stack: 0x00000094f8200000,0x00000094f8300000] [id=14372]
  0x000001cef178f860 GCTaskThread "GC Thread#5" [stack: 0x00000094f8d00000,0x00000094f8e00000] [id=32684]
  0x000001cef178fb10 GCTaskThread "GC Thread#6" [stack: 0x00000094f8e00000,0x00000094f8f00000] [id=38700]
  0x000001cef178fdc0 GCTaskThread "GC Thread#7" [stack: 0x00000094f8f00000,0x00000094f9000000] [id=35012]
  0x000001ced18fe720 ConcurrentGCThread "G1 Main Marker" [stack: 0x00000094f6e00000,0x00000094f6f00000] [id=22332]
  0x000001ced18ff7e0 ConcurrentGCThread "G1 Conc#0" [stack: 0x00000094f6f00000,0x00000094f7000000] [id=35276]
  0x000001cef1790070 ConcurrentGCThread "G1 Conc#1" [stack: 0x00000094f9000000,0x00000094f9100000] [id=30360]
  0x000001ceeb5584f0 ConcurrentGCThread "G1 Refine#0" [stack: 0x00000094f7000000,0x00000094f7100000] [id=14216]
  0x000001ceeb558d20 ConcurrentGCThread "G1 Service" [stack: 0x00000094f7100000,0x00000094f7200000] [id=28236]

Threads with active compile tasks:

VM state: not at safepoint (normal execution)

VM Mutex/Monitor currently owned by a thread:  ([mutex/lock_event])
[0x000001ced1890ef0] Metaspace_lock - owner thread: 0x000001cef1696280

Heap address: 0x0000000080000000, size: 2048 MB, Compressed Oops mode: 32-bit

CDS archive(s) not mapped
Compressed class space mapped at: 0x0000000100000000-0x0000000140000000, reserved size: 1073741824
Narrow klass base: 0x0000000000000000, Narrow klass shift: 3, Narrow klass range: 0x140000000

GC Precious Log:
 CPUs: 8 total, 8 available
 Memory: 7865M
 Large Page Support: Disabled
 NUMA Support: Disabled
 Compressed Oops: Enabled (32-bit)
 Heap Region Size: 1M
 Heap Min Capacity: 8M
 Heap Initial Capacity: 124M
 Heap Max Capacity: 2G
 Pre-touch: Disabled
 Parallel Workers: 8
 Concurrent Workers: 2
 Concurrent Refinement Workers: 8
 Periodic GC: Disabled

Heap:
 garbage-first heap   total 68608K, used 29269K [0x0000000080000000, 0x0000000100000000)
  region size 1024K, 19 young (19456K), 8 survivors (8192K)
 Metaspace       used 22878K, committed 23104K, reserved 1114112K
  class space    used 2834K, committed 2944K, reserved 1048576K

Heap Regions: E=young(eden), S=young(survivor), O=old, HS=humongous(starts), HC=humongous(continues), CS=collection set, F=free, OA=open archive, CA=closed archive, TAMS=top-at-mark-start (previous, next)
|   0|0x0000000080000000, 0x0000000080100000, 0x0000000080100000|100%|HS|  |TAMS 0x0000000080100000, 0x0000000080000000| Complete 
|   1|0x0000000080100000, 0x0000000080200000, 0x0000000080200000|100%|HC|  |TAMS 0x0000000080200000, 0x0000000080100000| Complete 
|   2|0x0000000080200000, 0x0000000080300000, 0x0000000080300000|100%|HC|  |TAMS 0x0000000080300000, 0x0000000080200000| Complete 
|   3|0x0000000080300000, 0x0000000080400000, 0x0000000080400000|100%|HC|  |TAMS 0x0000000080400000, 0x0000000080300000| Complete 
|   4|0x0000000080400000, 0x0000000080500000, 0x0000000080500000|100%| O|  |TAMS 0x0000000080500000, 0x0000000080400000| Untracked 
|   5|0x0000000080500000, 0x0000000080600000, 0x0000000080600000|100%| O|  |TAMS 0x0000000080600000, 0x0000000080500000| Untracked 
|   6|0x0000000080600000, 0x0000000080700000, 0x0000000080700000|100%| O|  |TAMS 0x0000000080700000, 0x0000000080600000| Untracked 
|   7|0x0000000080700000, 0x0000000080800000, 0x0000000080800000|100%| O|  |TAMS 0x0000000080800000, 0x0000000080700000| Untracked 
|   8|0x0000000080800000, 0x0000000080900000, 0x0000000080900000|100%| O|  |TAMS 0x0000000080900000, 0x0000000080800000| Untracked 
|   9|0x0000000080900000, 0x0000000080a00000, 0x0000000080a00000|100%| O|  |TAMS 0x0000000080a00000, 0x0000000080900000| Untracked 
|  10|0x0000000080a00000, 0x0000000080abbe00, 0x0000000080b00000| 73%| O|  |TAMS 0x0000000080abbe00, 0x0000000080a00000| Untracked 
|  11|0x0000000080b00000, 0x0000000080b00000, 0x0000000080c00000|  0%| F|  |TAMS 0x0000000080b00000, 0x0000000080b00000| Untracked 
|  12|0x0000000080c00000, 0x0000000080c00000, 0x0000000080d00000|  0%| F|  |TAMS 0x0000000080c00000, 0x0000000080c00000| Untracked 
|  13|0x0000000080d00000, 0x0000000080d00000, 0x0000000080e00000|  0%| F|  |TAMS 0x0000000080d00000, 0x0000000080d00000| Untracked 
|  14|0x0000000080e00000, 0x0000000080e00000, 0x0000000080f00000|  0%| F|  |TAMS 0x0000000080e00000, 0x0000000080e00000| Untracked 
|  15|0x0000000080f00000, 0x0000000080f00000, 0x0000000081000000|  0%| F|  |TAMS 0x0000000080f00000, 0x0000000080f00000| Untracked 
|  16|0x0000000081000000, 0x0000000081000000, 0x0000000081100000|  0%| F|  |TAMS 0x0000000081000000, 0x0000000081000000| Untracked 
|  17|0x0000000081100000, 0x0000000081100000, 0x0000000081200000|  0%| F|  |TAMS 0x0000000081100000, 0x0000000081100000| Untracked 
|  18|0x0000000081200000, 0x0000000081200000, 0x0000000081300000|  0%| F|  |TAMS 0x0000000081200000, 0x0000000081200000| Untracked 
|  19|0x0000000081300000, 0x0000000081300000, 0x0000000081400000|  0%| F|  |TAMS 0x0000000081300000, 0x0000000081300000| Untracked 
|  20|0x0000000081400000, 0x0000000081400000, 0x0000000081500000|  0%| F|  |TAMS 0x0000000081400000, 0x0000000081400000| Untracked 
|  21|0x0000000081500000, 0x0000000081500000, 0x0000000081600000|  0%| F|  |TAMS 0x0000000081500000, 0x0000000081500000| Untracked 
|  22|0x0000000081600000, 0x0000000081600000, 0x0000000081700000|  0%| F|  |TAMS 0x0000000081600000, 0x0000000081600000| Untracked 
|  23|0x0000000081700000, 0x0000000081700000, 0x0000000081800000|  0%| F|  |TAMS 0x0000000081700000, 0x0000000081700000| Untracked 
|  24|0x0000000081800000, 0x0000000081800000, 0x0000000081900000|  0%| F|  |TAMS 0x0000000081800000, 0x0000000081800000| Untracked 
|  25|0x0000000081900000, 0x0000000081900000, 0x0000000081a00000|  0%| F|  |TAMS 0x0000000081900000, 0x0000000081900000| Untracked 
|  26|0x0000000081a00000, 0x0000000081a00000, 0x0000000081b00000|  0%| F|  |TAMS 0x0000000081a00000, 0x0000000081a00000| Untracked 
|  27|0x0000000081b00000, 0x0000000081b00000, 0x0000000081c00000|  0%| F|  |TAMS 0x0000000081b00000, 0x0000000081b00000| Untracked 
|  28|0x0000000081c00000, 0x0000000081c00000, 0x0000000081d00000|  0%| F|  |TAMS 0x0000000081c00000, 0x0000000081c00000| Untracked 
|  29|0x0000000081d00000, 0x0000000081d00000, 0x0000000081e00000|  0%| F|  |TAMS 0x0000000081d00000, 0x0000000081d00000| Untracked 
|  30|0x0000000081e00000, 0x0000000081e00000, 0x0000000081f00000|  0%| F|  |TAMS 0x0000000081e00000, 0x0000000081e00000| Untracked 
|  31|0x0000000081f00000, 0x0000000081f00000, 0x0000000082000000|  0%| F|  |TAMS 0x0000000081f00000, 0x0000000081f00000| Untracked 
|  32|0x0000000082000000, 0x0000000082000000, 0x0000000082100000|  0%| F|  |TAMS 0x0000000082000000, 0x0000000082000000| Untracked 
|  33|0x0000000082100000, 0x0000000082100000, 0x0000000082200000|  0%| F|  |TAMS 0x0000000082100000, 0x0000000082100000| Untracked 
|  34|0x0000000082200000, 0x0000000082200000, 0x0000000082300000|  0%| F|  |TAMS 0x0000000082200000, 0x0000000082200000| Untracked 
|  35|0x0000000082300000, 0x0000000082300000, 0x0000000082400000|  0%| F|  |TAMS 0x0000000082300000, 0x0000000082300000| Untracked 
|  36|0x0000000082400000, 0x0000000082400000, 0x0000000082500000|  0%| F|  |TAMS 0x0000000082400000, 0x0000000082400000| Untracked 
|  37|0x0000000082500000, 0x0000000082500000, 0x0000000082600000|  0%| F|  |TAMS 0x0000000082500000, 0x0000000082500000| Untracked 
|  38|0x0000000082600000, 0x0000000082600000, 0x0000000082700000|  0%| F|  |TAMS 0x0000000082600000, 0x0000000082600000| Untracked 
|  39|0x0000000082700000, 0x0000000082700000, 0x0000000082800000|  0%| F|  |TAMS 0x0000000082700000, 0x0000000082700000| Untracked 
|  40|0x0000000082800000, 0x0000000082800000, 0x0000000082900000|  0%| F|  |TAMS 0x0000000082800000, 0x0000000082800000| Untracked 
|  41|0x0000000082900000, 0x0000000082900000, 0x0000000082a00000|  0%| F|  |TAMS 0x0000000082900000, 0x0000000082900000| Untracked 
|  42|0x0000000082a00000, 0x0000000082a00000, 0x0000000082b00000|  0%| F|  |TAMS 0x0000000082a00000, 0x0000000082a00000| Untracked 
|  43|0x0000000082b00000, 0x0000000082b00000, 0x0000000082c00000|  0%| F|  |TAMS 0x0000000082b00000, 0x0000000082b00000| Untracked 
|  44|0x0000000082c00000, 0x0000000082c00000, 0x0000000082d00000|  0%| F|  |TAMS 0x0000000082c00000, 0x0000000082c00000| Untracked 
|  45|0x0000000082d00000, 0x0000000082d00000, 0x0000000082e00000|  0%| F|  |TAMS 0x0000000082d00000, 0x0000000082d00000| Untracked 
|  46|0x0000000082e00000, 0x0000000082e00000, 0x0000000082f00000|  0%| F|  |TAMS 0x0000000082e00000, 0x0000000082e00000| Untracked 
|  47|0x0000000082f00000, 0x0000000082f00000, 0x0000000083000000|  0%| F|  |TAMS 0x0000000082f00000, 0x0000000082f00000| Untracked 
|  48|0x0000000083000000, 0x00000000830b3578, 0x0000000083100000| 70%| E|  |TAMS 0x0000000083000000, 0x0000000083000000| Complete 
|  49|0x0000000083100000, 0x0000000083200000, 0x0000000083200000|100%| E|CS|TAMS 0x0000000083100000, 0x0000000083100000| Complete 
|  50|0x0000000083200000, 0x0000000083300000, 0x0000000083300000|100%| E|CS|TAMS 0x0000000083200000, 0x0000000083200000| Complete 
|  51|0x0000000083300000, 0x0000000083400000, 0x0000000083400000|100%| E|CS|TAMS 0x0000000083300000, 0x0000000083300000| Complete 
|  52|0x0000000083400000, 0x0000000083500000, 0x0000000083500000|100%| E|CS|TAMS 0x0000000083400000, 0x0000000083400000| Complete 
|  53|0x0000000083500000, 0x0000000083600000, 0x0000000083600000|100%| E|CS|TAMS 0x0000000083500000, 0x0000000083500000| Complete 
|  54|0x0000000083600000, 0x0000000083700000, 0x0000000083700000|100%| E|CS|TAMS 0x0000000083600000, 0x0000000083600000| Complete 
|  55|0x0000000083700000, 0x0000000083800000, 0x0000000083800000|100%| E|CS|TAMS 0x0000000083700000, 0x0000000083700000| Complete 
|  56|0x0000000083800000, 0x0000000083900000, 0x0000000083900000|100%| E|CS|TAMS 0x0000000083800000, 0x0000000083800000| Complete 
|  57|0x0000000083900000, 0x0000000083a00000, 0x0000000083a00000|100%| E|CS|TAMS 0x0000000083900000, 0x0000000083900000| Complete 
|  67|0x0000000084300000, 0x00000000843d98c0, 0x0000000084400000| 84%| S|CS|TAMS 0x0000000084300000, 0x0000000084300000| Complete 
|  68|0x0000000084400000, 0x0000000084500000, 0x0000000084500000|100%| S|CS|TAMS 0x0000000084400000, 0x0000000084400000| Complete 
|  69|0x0000000084500000, 0x0000000084600000, 0x0000000084600000|100%| S|CS|TAMS 0x0000000084500000, 0x0000000084500000| Complete 
|  70|0x0000000084600000, 0x0000000084700000, 0x0000000084700000|100%| S|CS|TAMS 0x0000000084600000, 0x0000000084600000| Complete 
|  71|0x0000000084700000, 0x0000000084800000, 0x0000000084800000|100%| S|CS|TAMS 0x0000000084700000, 0x0000000084700000| Complete 
|  72|0x0000000084800000, 0x0000000084900000, 0x0000000084900000|100%| S|CS|TAMS 0x0000000084800000, 0x0000000084800000| Complete 
|  73|0x0000000084900000, 0x0000000084a00000, 0x0000000084a00000|100%| S|CS|TAMS 0x0000000084900000, 0x0000000084900000| Complete 
|  74|0x0000000084a00000, 0x0000000084b00000, 0x0000000084b00000|100%| S|CS|TAMS 0x0000000084a00000, 0x0000000084a00000| Complete 
| 123|0x0000000087b00000, 0x0000000087c00000, 0x0000000087c00000|100%| E|CS|TAMS 0x0000000087b00000, 0x0000000087b00000| Complete 

Card table byte_map: [0x000001cee4490000,0x000001cee4890000] _byte_map_base: 0x000001cee4090000

Marking Bits (Prev, Next): (CMBitMap*) 0x000001ced18ede30, (CMBitMap*) 0x000001ced18eddf0
 Prev Bits: [0x000001cee6c90000, 0x000001cee8c90000)
 Next Bits: [0x000001cee4c90000, 0x000001cee6c90000)

Polling page: 0x000001ced1050000

Metaspace:

Usage:
  Non-class:     19.57 MB used.
      Class:      2.77 MB used.
       Both:     22.34 MB used.

Virtual space:
  Non-class space:       64.00 MB reserved,      19.69 MB ( 31%) committed,  1 nodes.
      Class space:        1.00 GB reserved,       2.88 MB ( <1%) committed,  1 nodes.
             Both:        1.06 GB reserved,      22.56 MB (  2%) committed. 

Chunk freelists:
   Non-Class:  12.05 MB
       Class:  12.94 MB
        Both:  24.98 MB

MaxMetaspaceSize: unlimited
CompressedClassSpaceSize: 1.00 GB
Initial GC threshold: 21.00 MB
Current GC threshold: 35.25 MB
CDS: off
MetaspaceReclaimPolicy: balanced
 - commit_granule_bytes: 65536.
 - commit_granule_words: 8192.
 - virtual_space_node_default_size: 8388608.
 - enlarge_chunks_in_place: 1.
 - new_chunks_are_fully_committed: 0.
 - uncommit_free_chunks: 1.
 - use_allocation_guard: 0.
 - handle_deallocations: 1.


Internal statistics:

num_allocs_failed_limit: 3.
num_arena_births: 190.
num_arena_deaths: 0.
num_vsnodes_births: 2.
num_vsnodes_deaths: 0.
num_space_committed: 361.
num_space_uncommitted: 0.
num_chunks_returned_to_freelist: 3.
num_chunks_taken_from_freelist: 648.
num_chunk_merges: 3.
num_chunk_splits: 423.
num_chunks_enlarged: 312.
num_inconsistent_stats: 0.

CodeHeap 'non-profiled nmethods': size=120000Kb used=1094Kb max_used=1094Kb free=118905Kb
 bounds [0x000001cedc830000, 0x000001cedcaa0000, 0x000001cee3d60000]
CodeHeap 'profiled nmethods': size=120000Kb used=4391Kb max_used=4391Kb free=115608Kb
 bounds [0x000001ced4d60000, 0x000001ced51b0000, 0x000001cedc290000]
CodeHeap 'non-nmethods': size=5760Kb used=1227Kb max_used=1264Kb free=4532Kb
 bounds [0x000001cedc290000, 0x000001cedc500000, 0x000001cedc830000]
 total_blobs=2744 nmethods=2220 adapters=436
 compilation: enabled
              stopped_count=0, restarted_count=0
 full_count=0

Compilation events (20 events):
Event: 7.143 Thread 0x000001ceeb8c1100 2212       1       java.lang.reflect.Method::getMethodAccessor (5 bytes)
Event: 7.143 Thread 0x000001ceeb8c1100 nmethod 2212 0x000001cedc941490 code [0x000001cedc941620, 0x000001cedc9416f8]
Event: 7.143 Thread 0x000001ceeb8c1100 2213       3       jdk.internal.reflect.MethodAccessorImpl::<init> (5 bytes)
Event: 7.143 Thread 0x000001ceeb8c1100 nmethod 2213 0x000001ced51a4710 code [0x000001ced51a48c0, 0x000001ced51a4a78]
Event: 7.143 Thread 0x000001ceeb8c1100 2214       1       jdk.internal.reflect.NativeMethodAccessorImpl::setParent (6 bytes)
Event: 7.143 Thread 0x000001ceeb8c1100 nmethod 2214 0x000001cedc941790 code [0x000001cedc941920, 0x000001cedc941a38]
Event: 7.144 Thread 0x000001ceeb8c1100 2215       3       com.google.common.base.Preconditions::checkNotNull (14 bytes)
Event: 7.145 Thread 0x000001ceeb8c1100 nmethod 2215 0x000001ced51a4b90 code [0x000001ced51a4d40, 0x000001ced51a4f28]
Event: 7.145 Thread 0x000001ceeb8c1100 2216       3       org.gradle.internal.file.FilePathUtil::sizeOfCommonPrefix (142 bytes)
Event: 7.147 Thread 0x000001ceeb8c1100 nmethod 2216 0x000001ced51a5010 code [0x000001ced51a5460, 0x000001ced51a7698]
Event: 7.147 Thread 0x000001ceeb8c1100 2217       3       java.util.ArrayList::add (25 bytes)
Event: 7.147 Thread 0x000001ceeb8c1100 nmethod 2217 0x000001ced51a8410 code [0x000001ced51a85e0, 0x000001ced51a8a08]
Event: 7.147 Thread 0x000001ceeb8c1100 2218       3       org.gradle.internal.file.FileHierarchySet$Node::sizeOfCommonPrefix (10 bytes)
Event: 7.147 Thread 0x000001ceeb8c1100 nmethod 2218 0x000001ced51a8c10 code [0x000001ced51a8dc0, 0x000001ced51a8f68]
Event: 7.147 Thread 0x000001ceeb8c1100 2219       3       org.gradle.internal.file.FilePathUtil::sizeOfCommonPrefix (10 bytes)
Event: 7.147 Thread 0x000001ceeb8c1100 nmethod 2219 0x000001ced51a9090 code [0x000001ced51a9220, 0x000001ced51a9348]
Event: 7.149 Thread 0x000001ceeb8c1100 2220       3       jdk.internal.misc.Unsafe::putIntUnaligned (79 bytes)
Event: 7.149 Thread 0x000001ceeb8c1100 nmethod 2220 0x000001ced51a9410 code [0x000001ced51a95e0, 0x000001ced51a9978]
Event: 7.151 Thread 0x000001ceeb8c1100 2221       3       jdk.internal.misc.Unsafe::putIntUnaligned (14 bytes)
Event: 7.152 Thread 0x000001ceeb8c1100 nmethod 2221 0x000001ced51a9a90 code [0x000001ced51a9c40, 0x000001ced51a9e98]

GC Heap History (6 events):
Event: 1.581 GC heap before
{Heap before GC invocations=0 (full 0):
 garbage-first heap   total 126976K, used 26624K [0x0000000080000000, 0x0000000100000000)
  region size 1024K, 23 young (23552K), 0 survivors (0K)
 Metaspace       used 10432K, committed 10624K, reserved 1114112K
  class space    used 1084K, committed 1152K, reserved 1048576K
}
Event: 1.588 GC heap after
{Heap after GC invocations=1 (full 0):
 garbage-first heap   total 126976K, used 10666K [0x0000000080000000, 0x0000000100000000)
  region size 1024K, 3 young (3072K), 3 survivors (3072K)
 Metaspace       used 10432K, committed 10624K, reserved 1114112K
  class space    used 1084K, committed 1152K, reserved 1048576K
}
Event: 2.196 GC heap before
{Heap before GC invocations=1 (full 0):
 garbage-first heap   total 126976K, used 38314K [0x0000000080000000, 0x0000000100000000)
  region size 1024K, 30 young (30720K), 3 survivors (3072K)
 Metaspace       used 11449K, committed 11648K, reserved 1114112K
  class space    used 1196K, committed 1280K, reserved 1048576K
}
Event: 2.202 GC heap after
{Heap after GC invocations=2 (full 0):
 garbage-first heap   total 126976K, used 13198K [0x0000000080000000, 0x0000000100000000)
  region size 1024K, 3 young (3072K), 3 survivors (3072K)
 Metaspace       used 11449K, committed 11648K, reserved 1114112K
  class space    used 1196K, committed 1280K, reserved 1048576K
}
Event: 5.597 GC heap before
{Heap before GC invocations=2 (full 0):
 garbage-first heap   total 126976K, used 60302K [0x0000000080000000, 0x0000000100000000)
  region size 1024K, 49 young (50176K), 3 survivors (3072K)
 Metaspace       used 21333K, committed 21504K, reserved 1114112K
  class space    used 2576K, committed 2624K, reserved 1048576K
}
Event: 5.605 GC heap after
{Heap after GC invocations=3 (full 0):
 garbage-first heap   total 126976K, used 19029K [0x0000000080000000, 0x0000000100000000)
  region size 1024K, 8 young (8192K), 8 survivors (8192K)
 Metaspace       used 21333K, committed 21504K, reserved 1114112K
  class space    used 2576K, committed 2624K, reserved 1048576K
}

Dll operation events (3 events):
Event: 0.019 Loaded shared library C:\Program Files\Android\Android Studio\jbr\bin\java.dll
Event: 0.271 Loaded shared library C:\Program Files\Android\Android Studio\jbr\bin\zip.dll
Event: 0.966 Loaded shared library C:\Program Files\Android\Android Studio\jbr\bin\verify.dll

Deoptimization events (20 events):
Event: 7.035 Thread 0x000001cef1696280 Uncommon trap: trap_request=0xffffff45 fr.pc=0x000001cedc917a38 relative=0x0000000000000198
Event: 7.035 Thread 0x000001cef1696280 Uncommon trap: reason=unstable_if action=reinterpret pc=0x000001cedc917a38 method=java.util.WeakHashMap.expungeStaleEntries()V @ 9 c2
Event: 7.035 Thread 0x000001cef1696280 DEOPT PACKING pc=0x000001cedc917a38 sp=0x00000094f89fb750
Event: 7.035 Thread 0x000001cef1696280 DEOPT UNPACKING pc=0x000001cedc2ea1a3 sp=0x00000094f89fb6e8 mode 2
Event: 7.106 Thread 0x000001cef1696280 Uncommon trap: trap_request=0xffffff45 fr.pc=0x000001cedc84d6b8 relative=0x0000000000000198
Event: 7.106 Thread 0x000001cef1696280 Uncommon trap: reason=unstable_if action=reinterpret pc=0x000001cedc84d6b8 method=java.util.regex.Matcher.reset()Ljava/util/regex/Matcher; @ 47 c2
Event: 7.106 Thread 0x000001cef1696280 DEOPT PACKING pc=0x000001cedc84d6b8 sp=0x00000094f89fab60
Event: 7.106 Thread 0x000001cef1696280 DEOPT UNPACKING pc=0x000001cedc2ea1a3 sp=0x00000094f89faaf0 mode 2
Event: 7.125 Thread 0x000001cef1696280 Uncommon trap: trap_request=0xffffff45 fr.pc=0x000001cedc8d0edc relative=0x000000000000073c
Event: 7.125 Thread 0x000001cef1696280 Uncommon trap: reason=unstable_if action=reinterpret pc=0x000001cedc8d0edc method=java.util.ArrayList.grow(I)[Ljava/lang/Object; @ 17 c2
Event: 7.125 Thread 0x000001cef1696280 DEOPT PACKING pc=0x000001cedc8d0edc sp=0x00000094f89fcca0
Event: 7.125 Thread 0x000001cef1696280 DEOPT UNPACKING pc=0x000001cedc2ea1a3 sp=0x00000094f89fcb38 mode 2
Event: 7.150 Thread 0x000001cef1696280 Uncommon trap: trap_request=0xffffff45 fr.pc=0x000001cedc851a94 relative=0x0000000000000ab4
Event: 7.150 Thread 0x000001cef1696280 Uncommon trap: reason=unstable_if action=reinterpret pc=0x000001cedc851a94 method=java.io.WinNTFileSystem.resolve(Ljava/lang/String;Ljava/lang/String;)Ljava/lang/String; @ 19 c2
Event: 7.150 Thread 0x000001cef1696280 DEOPT PACKING pc=0x000001cedc851a94 sp=0x00000094f89fcb70
Event: 7.150 Thread 0x000001cef1696280 DEOPT UNPACKING pc=0x000001cedc2ea1a3 sp=0x00000094f89fcb28 mode 2
Event: 7.152 Thread 0x000001cef1696280 Uncommon trap: trap_request=0xffffff45 fr.pc=0x000001cedc8a4b98 relative=0x00000000000005f8
Event: 7.152 Thread 0x000001cef1696280 Uncommon trap: reason=unstable_if action=reinterpret pc=0x000001cedc8a4b98 method=java.io.File.getName()Ljava/lang/String; @ 16 c2
Event: 7.152 Thread 0x000001cef1696280 DEOPT PACKING pc=0x000001cedc8a4b98 sp=0x00000094f89fcb20
Event: 7.152 Thread 0x000001cef1696280 DEOPT UNPACKING pc=0x000001cedc2ea1a3 sp=0x00000094f89fcaf0 mode 2

Classes unloaded (0 events):
No events

Classes redefined (0 events):
No events

Internal exceptions (20 events):
Event: 2.840 Thread 0x000001ced1896530 Exception <a 'java/lang/NoSuchMethodError'{0x000000008653a388}: 'java.lang.Object java.lang.invoke.DirectMethodHandle$Holder.invokeStaticInit(java.lang.Object, int, int, int, int)'> (0x000000008653a388) 
thrown [s\src\hotspot\share\interpreter\linkResolver.cpp, line 771]
Event: 3.333 Thread 0x000001ced1896530 Exception <a 'java/lang/NoSuchMethodError'{0x00000000864a89c8}: 'java.lang.Object java.lang.invoke.DirectMethodHandle$Holder.invokeStaticInit(java.lang.Object, java.lang.Object, int, int, int, int)'> (0x00000000864a89c8) 
thrown [s\src\hotspot\share\interpreter\linkResolver.cpp, line 771]
Event: 3.828 Thread 0x000001ced1896530 Exception <a 'java/lang/NoSuchMethodError'{0x00000000862af358}: 'void java.lang.invoke.DirectMethodHandle$Holder.invokeStatic(java.lang.Object, java.lang.Object, java.lang.Object)'> (0x00000000862af358) 
thrown [s\src\hotspot\share\interpreter\linkResolver.cpp, line 771]
Event: 3.863 Thread 0x000001ced1896530 Exception <a 'java/io/IOException'{0x000000008616a330}> (0x000000008616a330) 
thrown [s\src\hotspot\share\prims\jni.cpp, line 517]
Event: 4.632 Thread 0x000001cef1696280 Exception <a 'java/lang/NoSuchMethodError'{0x000000008569d8f0}: 'long java.lang.invoke.DirectMethodHandle$Holder.invokeInterface(java.lang.Object, java.lang.Object)'> (0x000000008569d8f0) 
thrown [s\src\hotspot\share\interpreter\linkResolver.cpp, line 771]
Event: 4.670 Thread 0x000001cef1696280 Exception <a 'java/lang/NoSuchMethodError'{0x00000000856d55c8}: 'java.lang.Object java.lang.invoke.DirectMethodHandle$Holder.invokeVirtual(java.lang.Object, java.lang.Object, java.lang.Object)'> (0x00000000856d55c8) 
thrown [s\src\hotspot\share\interpreter\linkResolver.cpp, line 771]
Event: 5.141 Thread 0x000001cef1696280 Exception <a 'java/lang/NoSuchMethodError'{0x000000008527e5c0}: 'void java.lang.invoke.DirectMethodHandle$Holder.invokeStatic(java.lang.Object, java.lang.Object)'> (0x000000008527e5c0) 
thrown [s\src\hotspot\share\interpreter\linkResolver.cpp, line 771]
Event: 5.308 Thread 0x000001cef1696280 Exception <a 'java/lang/NoSuchMethodError'{0x0000000085028310}: 'java.lang.Object java.lang.invoke.DirectMethodHandle$Holder.newInvokeSpecial(java.lang.Object, java.lang.Object, java.lang.Object, java.lang.Object, java.lang.Object)'> (0x0000000085028310) 
thrown [s\src\hotspot\share\interpreter\linkResolver.cpp, line 771]
Event: 5.409 Thread 0x000001cef1696280 Exception <a 'java/lang/NoSuchMethodError'{0x0000000084e4ad38}: 'void java.lang.invoke.DirectMethodHandle$Holder.invokeSpecial(java.lang.Object, java.lang.Object, java.lang.Object)'> (0x0000000084e4ad38) 
thrown [s\src\hotspot\share\interpreter\linkResolver.cpp, line 771]
Event: 5.432 Thread 0x000001cef1696280 Exception <a 'java/lang/NoSuchMethodError'{0x0000000084ee59f0}: 'java.lang.Object java.lang.invoke.DirectMethodHandle$Holder.newInvokeSpecial(java.lang.Object, java.lang.Object, java.lang.Object, java.lang.Object, java.lang.Object, java.lang.Object)'> (0x0000000084ee59f0) 
thrown [s\src\hotspot\share\interpreter\linkResolver.cpp, line 771]
Event: 5.436 Thread 0x000001cef1696280 Exception <a 'java/lang/NoSuchMethodError'{0x0000000084efd4f8}: 'void java.lang.invoke.DirectMethodHandle$Holder.invokeSpecial(java.lang.Object, java.lang.Object, java.lang.Object, java.lang.Object, java.lang.Object)'> (0x0000000084efd4f8) 
thrown [s\src\hotspot\share\interpreter\linkResolver.cpp, line 771]
Event: 5.439 Thread 0x000001cef1696280 Exception <a 'java/lang/NoSuchMethodError'{0x0000000084d117c8}: 'void java.lang.invoke.DirectMethodHandle$Holder.invokeStaticInit(java.lang.Object, java.lang.Object)'> (0x0000000084d117c8) 
thrown [s\src\hotspot\share\interpreter\linkResolver.cpp, line 771]
Event: 5.617 Thread 0x000001cef1696280 Exception <a 'java/lang/NoSuchMethodError'{0x0000000087b50e88}: 'void java.lang.invoke.DelegatingMethodHandle$Holder.reinvoke_L(java.lang.Object, java.lang.Object, java.lang.Object, java.lang.Object, java.lang.Object, java.lang.Object, java.lang.Object, java.lang.Object, java.lang.Object, java.lang.Object)'> (0x0000000087b50e88) 
thrown [s\src\hotspot\share\interpreter\linkResolver.cpp, line 771]
Event: 5.618 Thread 0x000001cef1696280 Exception <a 'java/lang/NoSuchMethodError'{0x0000000087bc6838}: 'java.lang.Object java.lang.invoke.DirectMethodHandle$Holder.invokeSpecial(java.lang.Object, java.lang.Object, java.lang.Object, java.lang.Object, java.lang.Object, java.lang.Object, java.lang.Object, java.lang.Object, java.lang.Object, java.lang.Object)'> (0x0000000087bc6838) 
thrown [s\src\hotspot\share\interpreter\linkResolver.cpp, line 771]
Event: 5.619 Thread 0x000001cef1696280 Exception <a 'java/lang/NoSuchMethodError'{0x0000000087bcb108}: 'java.lang.Object java.lang.invoke.Invokers$Holder.invoker(java.lang.Object, java.lang.Object, java.lang.Object, java.lang.Object, java.lang.Object, java.lang.Object, java.lang.Object, java.lang.Object, java.lang.Object, java.lang.Object)'> (0x0000000087bcb108) 
thrown [s\src\hotspot\share\interpreter\linkResolver.cpp, line 771]
Event: 5.619 Thread 0x000001cef1696280 Exception <a 'java/lang/NoSuchMethodError'{0x0000000087bd0d10}: 'java.lang.Object java.lang.invoke.DirectMethodHandle$Holder.invokeSpecial(java.lang.Object, java.lang.Object, java.lang.Object, java.lang.Object, java.lang.Object, java.lang.Object, java.lang.Object, java.lang.Object, java.lang.Object, java.lang.Object, java.lang.Object)'> (0x0000000087bd0d10) 
thrown [s\src\hotspot\share\interpreter\linkResolver.cpp, line 771]
Event: 7.066 Thread 0x000001cef1696280 Exception <a 'java/lang/NoSuchMethodError'{0x0000000083473cc8}: 'void java.lang.invoke.DirectMethodHandle$Holder.invokeStaticInit(java.lang.Object)'> (0x0000000083473cc8) 
thrown [s\src\hotspot\share\interpreter\linkResolver.cpp, line 771]
Event: 7.085 Thread 0x000001cef1696280 Exception <a 'java/lang/NoSuchMethodError'{0x0000000083322ab8}: 'java.lang.Object java.lang.invoke.DirectMethodHandle$Holder.newInvokeSpecial(java.lang.Object, java.lang.Object, java.lang.Object, int)'> (0x0000000083322ab8) 
thrown [s\src\hotspot\share\interpreter\linkResolver.cpp, line 771]
Event: 7.085 Thread 0x000001cef1696280 Exception <a 'java/lang/NoSuchMethodError'{0x00000000833273e8}: 'java.lang.Object java.lang.invoke.DirectMethodHandle$Holder.invokeSpecial(java.lang.Object, java.lang.Object, java.lang.Object, java.lang.Object, int)'> (0x00000000833273e8) 
thrown [s\src\hotspot\share\interpreter\linkResolver.cpp, line 771]
Event: 7.085 Thread 0x000001cef1696280 Exception <a 'java/lang/NoSuchMethodError'{0x000000008332b500}: 'java.lang.Object java.lang.invoke.Invokers$Holder.linkToTargetMethod(java.lang.Object, java.lang.Object, int, java.lang.Object)'> (0x000000008332b500) 
thrown [s\src\hotspot\share\interpreter\linkResolver.cpp, line 771]

VM Operations (20 events):
Event: 2.962 Executing VM operation: HandshakeAllThreads
Event: 2.962 Executing VM operation: HandshakeAllThreads done
Event: 3.826 Executing VM operation: HandshakeAllThreads
Event: 3.826 Executing VM operation: HandshakeAllThreads done
Event: 3.826 Executing VM operation: Cleanup
Event: 3.827 Executing VM operation: Cleanup done
Event: 3.939 Executing VM operation: HandshakeAllThreads
Event: 3.939 Executing VM operation: HandshakeAllThreads done
Event: 4.953 Executing VM operation: Cleanup
Event: 4.953 Executing VM operation: Cleanup done
Event: 5.578 Executing VM operation: HandshakeAllThreads
Event: 5.578 Executing VM operation: HandshakeAllThreads done
Event: 5.597 Executing VM operation: CollectForMetadataAllocation
Event: 5.605 Executing VM operation: CollectForMetadataAllocation done
Event: 5.610 Executing VM operation: G1Concurrent
Event: 5.611 Executing VM operation: G1Concurrent done
Event: 5.613 Executing VM operation: G1Concurrent
Event: 5.617 Executing VM operation: G1Concurrent done
Event: 6.623 Executing VM operation: Cleanup
Event: 6.623 Executing VM operation: Cleanup done

Events (20 events):
Event: 7.053 loading class sun/invoke/util/VerifyAccess$1
Event: 7.053 loading class sun/invoke/util/VerifyAccess$1 done
Event: 7.081 loading class java/util/concurrent/ArrayBlockingQueue
Event: 7.082 loading class java/util/concurrent/ArrayBlockingQueue done
Event: 7.082 loading class java/util/concurrent/locks/ReentrantLock$FairSync
Event: 7.082 loading class java/util/concurrent/locks/ReentrantLock$FairSync done
Event: 7.083 Thread 0x000001cef1660f00 Thread added: 0x000001cef1660f00
Event: 7.088 loading class sun/misc/Unsafe
Event: 7.089 loading class sun/misc/Unsafe done
Event: 7.096 Thread 0x000001cef1662be0 Thread added: 0x000001cef1662be0
Event: 7.097 loading class java/net/DatagramPacket
Event: 7.097 loading class java/net/DatagramPacket done
Event: 7.099 loading class sun/nio/ch/DatagramSocketAdaptor$DatagramPackets
Event: 7.099 loading class sun/nio/ch/DatagramSocketAdaptor$DatagramPackets done
Event: 7.107 loading class java/lang/Character$CharacterCache
Event: 7.107 loading class java/lang/Character$CharacterCache done
Event: 7.151 loading class java/io/File$TempDirectory
Event: 7.151 loading class java/io/File$TempDirectory done
Event: 7.158 loading class java/io/PrintWriter
Event: 7.158 loading class java/io/PrintWriter done


Dynamic libraries:
0x00007ff704410000 - 0x00007ff70441a000 	C:\Program Files\Android\Android Studio\jbr\bin\java.exe
0x00007ffb2e0d0000 - 0x00007ffb2e2e7000 	C:\WINDOWS\SYSTEM32\ntdll.dll
0x00007ffb2c700000 - 0x00007ffb2c7c4000 	C:\WINDOWS\System32\KERNEL32.DLL
0x00007ffb2b400000 - 0x00007ffb2b7b9000 	C:\WINDOWS\System32\KERNELBASE.dll
0x00007ffb2b9c0000 - 0x00007ffb2bad1000 	C:\WINDOWS\System32\ucrtbase.dll
0x00007ffaec210000 - 0x00007ffaec227000 	C:\Program Files\Android\Android Studio\jbr\bin\jli.dll
0x00007ffb0c5b0000 - 0x00007ffb0c5cb000 	C:\Program Files\Android\Android Studio\jbr\bin\VCRUNTIME140.dll
0x00007ffb2dee0000 - 0x00007ffb2e08e000 	C:\WINDOWS\System32\USER32.dll
0x00007ffb2b3d0000 - 0x00007ffb2b3f6000 	C:\WINDOWS\System32\win32u.dll
0x00007ffb2c270000 - 0x00007ffb2c299000 	C:\WINDOWS\System32\GDI32.dll
0x00007ffb2bae0000 - 0x00007ffb2bbfb000 	C:\WINDOWS\System32\gdi32full.dll
0x00007ffb2b8b0000 - 0x00007ffb2b94a000 	C:\WINDOWS\System32\msvcp_win.dll
0x00007ffb176b0000 - 0x00007ffb17942000 	C:\WINDOWS\WinSxS\amd64_microsoft.windows.common-controls_6595b64144ccf1df_6.0.22621.4391_none_2715d37f73803e96\COMCTL32.dll
0x00007ffb2c390000 - 0x00007ffb2c437000 	C:\WINDOWS\System32\msvcrt.dll
0x00007ffb2bdf0000 - 0x00007ffb2be21000 	C:\WINDOWS\System32\IMM32.DLL
0x00007ffb0c600000 - 0x00007ffb0c60c000 	C:\Program Files\Android\Android Studio\jbr\bin\vcruntime140_1.dll
0x00007ffae2e40000 - 0x00007ffae2ecd000 	C:\Program Files\Android\Android Studio\jbr\bin\msvcp140.dll
0x00007ffa4c130000 - 0x00007ffa4cdb0000 	C:\Program Files\Android\Android Studio\jbr\bin\server\jvm.dll
0x00007ffb2c840000 - 0x00007ffb2c8f2000 	C:\WINDOWS\System32\ADVAPI32.dll
0x00007ffb2de30000 - 0x00007ffb2ded7000 	C:\WINDOWS\System32\sechost.dll
0x00007ffb2b7c0000 - 0x00007ffb2b7e8000 	C:\WINDOWS\System32\bcrypt.dll
0x00007ffb2d400000 - 0x00007ffb2d514000 	C:\WINDOWS\System32\RPCRT4.dll
0x00007ffb0acf0000 - 0x00007ffb0acf9000 	C:\WINDOWS\SYSTEM32\WSOCK32.dll
0x00007ffb25790000 - 0x00007ffb257c4000 	C:\WINDOWS\SYSTEM32\WINMM.dll
0x00007ffb2d2a0000 - 0x00007ffb2d311000 	C:\WINDOWS\System32\WS2_32.dll
0x00007ffb215b0000 - 0x00007ffb215ba000 	C:\WINDOWS\SYSTEM32\VERSION.dll
0x00007ffb2a500000 - 0x00007ffb2a518000 	C:\WINDOWS\SYSTEM32\kernel.appcore.dll
0x00007ffb250d0000 - 0x00007ffb250da000 	C:\Program Files\Android\Android Studio\jbr\bin\jimage.dll
0x00007ffb28bf0000 - 0x00007ffb28e22000 	C:\WINDOWS\SYSTEM32\DBGHELP.DLL
0x00007ffb2daa0000 - 0x00007ffb2de2f000 	C:\WINDOWS\System32\combase.dll
0x00007ffb2d320000 - 0x00007ffb2d3f7000 	C:\WINDOWS\System32\OLEAUT32.dll
0x00007ffb14ea0000 - 0x00007ffb14ed2000 	C:\WINDOWS\SYSTEM32\dbgcore.DLL
0x00007ffb2bc00000 - 0x00007ffb2bc7b000 	C:\WINDOWS\System32\bcryptPrimitives.dll
0x00007ffb110e0000 - 0x00007ffb110ee000 	C:\Program Files\Android\Android Studio\jbr\bin\instrument.dll
0x00007ffb160e0000 - 0x00007ffb16105000 	C:\Program Files\Android\Android Studio\jbr\bin\java.dll
0x00007ffb15da0000 - 0x00007ffb15db8000 	C:\Program Files\Android\Android Studio\jbr\bin\zip.dll
0x00007ffb2c9b0000 - 0x00007ffb2d226000 	C:\WINDOWS\System32\SHELL32.dll
0x00007ffb29310000 - 0x00007ffb29c13000 	C:\WINDOWS\SYSTEM32\windows.storage.dll
0x00007ffb291d0000 - 0x00007ffb2930f000 	C:\WINDOWS\SYSTEM32\wintypes.dll
0x00007ffb2d9a0000 - 0x00007ffb2da99000 	C:\WINDOWS\System32\SHCORE.dll
0x00007ffb2c7d0000 - 0x00007ffb2c82e000 	C:\WINDOWS\System32\shlwapi.dll
0x00007ffb2b300000 - 0x00007ffb2b32b000 	C:\WINDOWS\SYSTEM32\profapi.dll
0x00007ffb11410000 - 0x00007ffb11429000 	C:\Program Files\Android\Android Studio\jbr\bin\net.dll
0x00007ffb26c00000 - 0x00007ffb26d36000 	C:\WINDOWS\SYSTEM32\WINHTTP.dll
0x00007ffb2a980000 - 0x00007ffb2a9e9000 	C:\WINDOWS\system32\mswsock.dll
0x00007ffaf2830000 - 0x00007ffaf2846000 	C:\Program Files\Android\Android Studio\jbr\bin\nio.dll
0x00007ffb23420000 - 0x00007ffb23430000 	C:\Program Files\Android\Android Studio\jbr\bin\verify.dll
0x00007ffb1e480000 - 0x00007ffb1e4a7000 	C:\Users\82104\.gradle\native\68d5fa5c4cc2d200863cafc0d521ce42e7d3e7ee720ec0a83991735586a16f82\windows-amd64\native-platform.dll
0x00007ffad7140000 - 0x00007ffad7284000 	C:\Users\82104\.gradle\native\e376f236ea51e6404a007f0833ffe2c6e607c4080706a723a18a27aeea778392\windows-amd64\native-platform-file-events.dll
0x00007ffb1e4b0000 - 0x00007ffb1e4b9000 	C:\Program Files\Android\Android Studio\jbr\bin\management.dll
0x00007ffb15d90000 - 0x00007ffb15d9b000 	C:\Program Files\Android\Android Studio\jbr\bin\management_ext.dll
0x00007ffb2d230000 - 0x00007ffb2d238000 	C:\WINDOWS\System32\PSAPI.DLL
0x00007ffb2abd0000 - 0x00007ffb2abeb000 	C:\WINDOWS\SYSTEM32\CRYPTSP.dll
0x00007ffb2a460000 - 0x00007ffb2a495000 	C:\WINDOWS\system32\rsaenh.dll
0x00007ffb2aa70000 - 0x00007ffb2aa98000 	C:\WINDOWS\SYSTEM32\USERENV.dll
0x00007ffb2abf0000 - 0x00007ffb2abfc000 	C:\WINDOWS\SYSTEM32\CRYPTBASE.dll
0x00007ffb29f80000 - 0x00007ffb29fad000 	C:\WINDOWS\SYSTEM32\IPHLPAPI.DLL
0x00007ffb2c830000 - 0x00007ffb2c839000 	C:\WINDOWS\System32\NSI.dll
0x00007ffb26ef0000 - 0x00007ffb26f09000 	C:\WINDOWS\SYSTEM32\dhcpcsvc6.DLL
0x00007ffb26a90000 - 0x00007ffb26aaf000 	C:\WINDOWS\SYSTEM32\dhcpcsvc.DLL
0x00007ffb29fb0000 - 0x00007ffb2a0b2000 	C:\WINDOWS\SYSTEM32\DNSAPI.dll
0x00007ffb003b0000 - 0x00007ffb003b8000 	C:\WINDOWS\system32\wshunix.dll

dbghelp: loaded successfully - version: 4.0.5 - missing functions: none
symbol engine: initialized successfully - sym options: 0x614 - pdb path: .;C:\Program Files\Android\Android Studio\jbr\bin;C:\WINDOWS\SYSTEM32;C:\WINDOWS\WinSxS\amd64_microsoft.windows.common-controls_6595b64144ccf1df_6.0.22621.4391_none_2715d37f73803e96;C:\Program Files\Android\Android Studio\jbr\bin\server;C:\Users\82104\.gradle\native\68d5fa5c4cc2d200863cafc0d521ce42e7d3e7ee720ec0a83991735586a16f82\windows-amd64;C:\Users\82104\.gradle\native\e376f236ea51e6404a007f0833ffe2c6e607c4080706a723a18a27aeea778392\windows-amd64

VM Arguments:
jvm_args: --add-opens=java.base/java.util=ALL-UNNAMED --add-opens=java.base/java.lang=ALL-UNNAMED --add-opens=java.base/java.lang.invoke=ALL-UNNAMED --add-opens=java.prefs/java.util.prefs=ALL-UNNAMED --add-opens=java.base/java.nio.charset=ALL-UNNAMED --add-opens=java.base/java.net=ALL-UNNAMED --add-opens=java.base/java.util.concurrent.atomic=ALL-UNNAMED -Xmx2048m -Dfile.encoding=UTF-8 -Duser.country=KR -Duser.language=ko -Duser.variant -javaagent:C:\Users\82104\.gradle\wrapper\dists\gradle-8.2-bin\bbg7u40eoinfdyxsxr3z4i7ta\gradle-8.2\lib\agents\gradle-instrumentation-agent-8.2.jar 
java_command: org.gradle.launcher.daemon.bootstrap.GradleDaemon 8.2
java_class_path (initial): C:\Users\82104\.gradle\wrapper\dists\gradle-8.2-bin\bbg7u40eoinfdyxsxr3z4i7ta\gradle-8.2\lib\gradle-launcher-8.2.jar
Launcher Type: SUN_STANDARD

[Global flags]
     intx CICompilerCount                          = 4                                         {product} {ergonomic}
     uint ConcGCThreads                            = 2                                         {product} {ergonomic}
     uint G1ConcRefinementThreads                  = 8                                         {product} {ergonomic}
   size_t G1HeapRegionSize                         = 1048576                                   {product} {ergonomic}
    uintx GCDrainStackTargetSize                   = 64                                        {product} {ergonomic}
   size_t InitialHeapSize                          = 130023424                                 {product} {ergonomic}
   size_t MarkStackSize                            = 4194304                                   {product} {ergonomic}
   size_t MaxHeapSize                              = 2147483648                                {product} {command line}
   size_t MaxNewSize                               = 1287651328                                {product} {ergonomic}
   size_t MinHeapDeltaBytes                        = 1048576                                   {product} {ergonomic}
   size_t MinHeapSize                              = 8388608                                   {product} {ergonomic}
    uintx NonNMethodCodeHeapSize                   = 5839372                                {pd product} {ergonomic}
    uintx NonProfiledCodeHeapSize                  = 122909434                              {pd product} {ergonomic}
    uintx ProfiledCodeHeapSize                     = 122909434                              {pd product} {ergonomic}
    uintx ReservedCodeCacheSize                    = 251658240                              {pd product} {ergonomic}
     bool SegmentedCodeCache                       = true                                      {product} {ergonomic}
   size_t SoftMaxHeapSize                          = 2147483648                             {manageable} {ergonomic}
     bool UseCompressedClassPointers               = true                           {product lp64_product} {ergonomic}
     bool UseCompressedOops                        = true                           {product lp64_product} {ergonomic}
     bool UseG1GC                                  = true                                      {product} {ergonomic}
     bool UseLargePagesIndividualAllocation        = false                                  {pd product} {ergonomic}

Logging:
Log output configuration:
 #0: stdout all=warning uptime,level,tags
 #1: stderr all=off uptime,level,tags

Environment Variables:
PATH=C:\WINDOWS\system32;C:\WINDOWS;C:\WINDOWS\System32\Wbem;C:\WINDOWS\System32\WindowsPowerShell\v1.0\;C:\WINDOWS\System32\OpenSSH\;C:\Program Files (x86)\Windows Kits\10\Windows Performance Toolkit\;C:\Program Files\nodejs\;C:\Program Files\Git\cmd;C:\Users\82104\AppData\Local\Programs\Python\Python310\Scripts\;C:\Users\82104\AppData\Local\Programs\Python\Python310\;C:\Users\82104\AppData\Local\Programs\Python\Python39\Scripts\;C:\Users\82104\AppData\Local\Programs\Python\Python39\;C:\Users\82104\AppData\Local\Programs\Python\Python311\Scripts\;C:\Users\82104\AppData\Local\Programs\Python\Python311\;C:\Users\82104\AppData\Local\Microsoft\WindowsApps;C:\Program Files\JetBrains\PyCharm 2023.3.4\bin;;C:\Program Files\JetBrains\PyCharm Community Edition 2023.3.4\bin;;C:\Users\82104\AppData\Local\Programs\Microsoft VS Code\bin;C:\Users\82104\AppData\Roaming\npm;C:\Users\82104\AppData\Local\GitHubDesktop\bin
USERNAME=82104
OS=Windows_NT
PROCESSOR_IDENTIFIER=Intel64 Family 6 Model 140 Stepping 1, GenuineIntel
TMP=C:\Users\82104\AppData\Local\Temp
TEMP=C:\Users\82104\AppData\Local\Temp


JNI global refs:
JNI global refs: 24, weak refs: 0

JNI global refs memory usage: 843, weak refs: 841

OOME stack traces (most recent first):
Classloader memory used:
Loader bootstrap                                                                       : 1801K
Loader org.gradle.internal.classloader.VisitableURLClassLoader                         : 956K
Loader org.gradle.initialization.MixInLegacyTypesClassLoader                           : 58551B
Loader jdk.internal.loader.ClassLoaders$AppClassLoader                                 : 28450B
Loader jdk.internal.loader.ClassLoaders$PlatformClassLoader                            : 16581B
Loader jdk.internal.reflect.DelegatingClassLoader                                      : 1397B

Classes loaded by more than one classloader:
Class org.gradle.internal.installation.GradleInstallation                             : loaded 2 times (x 73B)
Class org.gradle.internal.classpath.ClassPath                                         : loaded 2 times (x 68B)
Class org.gradle.api.internal.classpath.DefaultModuleRegistry                         : loaded 2 times (x 84B)
Class org.gradle.api.Action                                                           : loaded 2 times (x 68B)
Class org.gradle.api.internal.DefaultClassPathProvider                                : loaded 2 times (x 74B)
Class org.gradle.internal.installation.GradleInstallation$1                           : loaded 2 times (x 73B)
Class org.gradle.internal.classloader.FilteringClassLoader                            : loaded 2 times (x 102B)
Class org.gradle.internal.classpath.DefaultClassPath$ImmutableUniqueList$Builder      : loaded 2 times (x 73B)
Class org.gradle.internal.classloader.ClassLoaderVisitor                              : loaded 2 times (x 74B)
Class org.gradle.internal.service.DefaultServiceLocator                               : loaded 2 times (x 81B)
Class org.gradle.internal.service.UnknownServiceException                             : loaded 2 times (x 81B)
Class org.gradle.internal.classloader.VisitableURLClassLoader$Spec                    : loaded 2 times (x 72B)
Class org.gradle.api.GradleException                                                  : loaded 2 times (x 80B)
Class org.gradle.api.internal.classpath.ModuleRegistry                                : loaded 2 times (x 68B)
Class org.gradle.api.internal.ClassPathProvider                                       : loaded 2 times (x 68B)
Class org.gradle.internal.classloader.ClasspathUtil$1                                 : loaded 2 times (x 74B)
Class org.gradle.internal.classloader.ClassLoaderFactory                              : loaded 2 times (x 68B)
Class org.gradle.api.internal.classpath.ManifestUtil                                  : loaded 2 times (x 69B)
Class org.gradle.api.specs.Spec                                                       : loaded 2 times (x 68B)
Class org.gradle.internal.IoActions                                                   : loaded 2 times (x 69B)
Class org.gradle.api.internal.classpath.EffectiveClassPath                            : loaded 2 times (x 88B)
Class org.gradle.internal.installation.CurrentGradleInstallation                      : loaded 2 times (x 71B)
Class org.gradle.internal.agents.InstrumentingClassLoader                             : loaded 2 times (x 68B)
Class org.gradle.internal.installation.CurrentGradleInstallationLocator               : loaded 2 times (x 69B)
Class org.gradle.api.internal.classpath.Module                                        : loaded 2 times (x 68B)
Class org.gradle.internal.service.CachingServiceLocator                               : loaded 2 times (x 80B)
Class org.gradle.internal.classpath.DefaultClassPath                                  : loaded 2 times (x 88B)
Class org.gradle.internal.classloader.SystemClassLoaderSpec                           : loaded 2 times (x 69B)
Class org.gradle.api.UncheckedIOException                                             : loaded 2 times (x 80B)
Class org.gradle.internal.classloader.ClasspathUtil                                   : loaded 2 times (x 69B)
Class org.gradle.api.internal.DefaultClassPathRegistry                                : loaded 2 times (x 74B)
Class org.gradle.api.internal.classpath.DefaultModuleRegistry$DefaultModule           : loaded 2 times (x 84B)
Class org.gradle.api.internal.classpath.UnknownModuleException                        : loaded 2 times (x 80B)
Class org.gradle.internal.service.ServiceLookupException                              : loaded 2 times (x 80B)
Class org.gradle.cache.GlobalCache                                                    : loaded 2 times (x 68B)
Class [Lorg.gradle.api.internal.ClassPathProvider;                                    : loaded 2 times (x 67B)
Class org.gradle.util.internal.GUtil                                                  : loaded 2 times (x 69B)
Class org.gradle.internal.classloader.ClassLoaderSpec                                 : loaded 2 times (x 69B)
Class org.gradle.internal.classloader.VisitableURLClassLoader                         : loaded 2 times (x 114B)
Class org.gradle.internal.Cast                                                        : loaded 2 times (x 69B)
Class org.gradle.api.internal.ClassPathRegistry                                       : loaded 2 times (x 68B)
Class org.gradle.internal.classloader.VisitableURLClassLoader$InstrumentingVisitableURLClassLoader: loaded 2 times (x 120B)
Class org.gradle.internal.classloader.ClassLoaderHierarchy                            : loaded 2 times (x 68B)
Class org.gradle.internal.InternalTransformer                                         : loaded 2 times (x 68B)
Class org.gradle.internal.service.ServiceLocator                                      : loaded 2 times (x 68B)
Class org.gradle.internal.classpath.DefaultClassPath$ImmutableUniqueList              : loaded 2 times (x 159B)
Class org.gradle.internal.classpath.TransformedClassPath                              : loaded 2 times (x 94B)


---------------  S Y S T E M  ---------------

OS:
 Windows 11 , 64 bit Build 22621 (10.0.22621.4391)
OS uptime: 6 days 4:24 hours

CPU: total 8 (initial active 8) (4 cores per cpu, 2 threads per core) family 6 model 140 stepping 1 microcode 0xb4, cx8, cmov, fxsr, ht, mmx, 3dnowpref, sse, sse2, sse3, ssse3, sse4.1, sse4.2, popcnt, lzcnt, tsc, tscinvbit, avx, avx2, aes, erms, clmul, bmi1, bmi2, adx, avx512f, avx512dq, avx512cd, avx512bw, avx512vl, sha, fma, vzeroupper, avx512_vpopcntdq, avx512_vpclmulqdq, avx512_vaes, avx512_vnni, clflush, clflushopt, clwb, avx512_vbmi2, avx512_vbmi

Memory: 4k page, system-wide physical 7865M (320M free)
TotalPageFile size 32441M (AvailPageFile size 0M)
current process WorkingSet (physical memory assigned to process): 125M, peak: 143M
current process commit charge ("private bytes"): 201M, peak: 246M

vm_info: OpenJDK 64-Bit Server VM (17.0.7+0-b2043.56-10550314) for windows-amd64 JRE (17.0.7+0-b2043.56-10550314), built on Jul 24 2023 18:27:45 by "androidbuild" with MS VC++ 16.10 / 16.11 (VS2019)

END.
