#
# There is insufficient memory for the Java Runtime Environment to continue.
# Native memory allocation (malloc) failed to allocate 1534384 bytes for Chunk::new
# Possible reasons:
#   The system is out of physical RAM or swap space
#   The process is running with CompressedOops enabled, and the Java Heap may be blocking the growth of the native heap
# Possible solutions:
#   Reduce memory load on the system
#   Increase physical memory or swap space
#   Check if swap backing store is full
#   Decrease Java heap size (-Xmx/-Xms)
#   Decrease number of Java threads
#   Decrease Java thread stack sizes (-Xss)
#   Set larger code cache with -XX:ReservedCodeCacheSize=
#   JVM is running with Unscaled Compressed Oops mode in which the Java heap is
#     placed in the first 4GB address space. The Java Heap base address is the
#     maximum limit for the native heap growth. Please use -XX:HeapBaseMinAddress
#     to set the Java Heap base and to place the Java Heap above 4GB virtual address.
# This output file may be truncated or incomplete.
#
#  Out of Memory Error (arena.cpp:189), pid=23592, tid=49032
#
# JRE version: OpenJDK Runtime Environment (17.0.7) (build 17.0.7+0-b2043.56-10550314)
# Java VM: OpenJDK 64-Bit Server VM (17.0.7+0-b2043.56-10550314, mixed mode, tiered, compressed oops, compressed class ptrs, g1 gc, windows-amd64)
# No core dump will be written. Minidumps are not enabled by default on client versions of Windows
#

---------------  S U M M A R Y ------------

Command Line: --add-opens=java.base/java.util=ALL-UNNAMED --add-opens=java.base/java.lang=ALL-UNNAMED --add-opens=java.base/java.lang.invoke=ALL-UNNAMED --add-opens=java.prefs/java.util.prefs=ALL-UNNAMED --add-opens=java.base/java.nio.charset=ALL-UNNAMED --add-opens=java.base/java.net=ALL-UNNAMED --add-opens=java.base/java.util.concurrent.atomic=ALL-UNNAMED -Xmx2048m -Dfile.encoding=UTF-8 -Duser.country=KR -Duser.language=ko -Duser.variant -javaagent:C:\Users\82104\.gradle\wrapper\dists\gradle-8.2-bin\bbg7u40eoinfdyxsxr3z4i7ta\gradle-8.2\lib\agents\gradle-instrumentation-agent-8.2.jar org.gradle.launcher.daemon.bootstrap.GradleDaemon 8.2

Host: 11th Gen Intel(R) Core(TM) i5-1135G7 @ 2.40GHz, 8 cores, 7G,  Windows 11 , 64 bit Build 22621 (10.0.22621.4391)
Time: Tue Dec 10 17:33:22 2024  Windows 11 , 64 bit Build 22621 (10.0.22621.4391) elapsed time: 6.243506 seconds (0d 0h 0m 6s)

---------------  T H R E A D  ---------------

Current thread (0x00000207b125df20):  JavaThread "C2 CompilerThread0" daemon [_thread_in_native, id=49032, stack(0x00000034e7f00000,0x00000034e8000000)]


Current CompileTask:
C2:   6243 2370       4       java.net.URLClassLoader$1::run (5 bytes)

Stack: [0x00000034e7f00000,0x00000034e8000000]
Native frames: (J=compiled Java code, j=interpreted, Vv=VM code, C=native code)
V  [jvm.dll+0x683bfa]
V  [jvm.dll+0x8430a4]
V  [jvm.dll+0x8449be]
V  [jvm.dll+0x845023]
V  [jvm.dll+0x24ad2f]
V  [jvm.dll+0xac25c]
V  [jvm.dll+0xac82c]
V  [jvm.dll+0x36a187]
V  [jvm.dll+0x1be138]
V  [jvm.dll+0x21d3a9]
V  [jvm.dll+0x21c671]
V  [jvm.dll+0x1a605d]
V  [jvm.dll+0x22c148]
V  [jvm.dll+0x22a209]
V  [jvm.dll+0x7f858c]
V  [jvm.dll+0x7f2aea]
V  [jvm.dll+0x682a35]
C  [ucrtbase.dll+0x29333]
C  [KERNEL32.DLL+0x1259d]
C  [ntdll.dll+0x5af38]


---------------  P R O C E S S  ---------------

Threads class SMR info:
_java_thread_list=0x00000207b7a134b0, length=30, elements={
0x000002079529fc40, 0x00000207b1203020, 0x00000207b1203bd0, 0x00000207b10b9dc0,
0x00000207b10ba780, 0x00000207b10bd240, 0x00000207b10be930, 0x00000207b125df20,
0x00000207b125e9c0, 0x00000207b126fb70, 0x00000207b1395c00, 0x00000207b14d1d40,
0x00000207b6797c50, 0x00000207b1b8c290, 0x00000207b6ea8e90, 0x00000207b6bfa4a0,
0x00000207b6a7e090, 0x00000207b6d61c50, 0x00000207b77d8cb0, 0x00000207b6e5bd50,
0x00000207b6e5cbc0, 0x00000207b6e5b880, 0x00000207b6e5da30, 0x00000207b6e5c6f0,
0x00000207b6e5c220, 0x00000207b6e5d090, 0x00000207b6e5aa10, 0x00000207b6e5aee0,
0x00000207b6e5b3b0, 0x00000207b6e5a070
}

Java Threads: ( => current thread )
  0x000002079529fc40 JavaThread "main" [_thread_blocked, id=3940, stack(0x00000034e7200000,0x00000034e7300000)]
  0x00000207b1203020 JavaThread "Reference Handler" daemon [_thread_blocked, id=29544, stack(0x00000034e7900000,0x00000034e7a00000)]
  0x00000207b1203bd0 JavaThread "Finalizer" daemon [_thread_blocked, id=11564, stack(0x00000034e7a00000,0x00000034e7b00000)]
  0x00000207b10b9dc0 JavaThread "Signal Dispatcher" daemon [_thread_blocked, id=33612, stack(0x00000034e7b00000,0x00000034e7c00000)]
  0x00000207b10ba780 JavaThread "Attach Listener" daemon [_thread_blocked, id=19676, stack(0x00000034e7c00000,0x00000034e7d00000)]
  0x00000207b10bd240 JavaThread "Service Thread" daemon [_thread_blocked, id=7984, stack(0x00000034e7d00000,0x00000034e7e00000)]
  0x00000207b10be930 JavaThread "Monitor Deflation Thread" daemon [_thread_blocked, id=50404, stack(0x00000034e7e00000,0x00000034e7f00000)]
=>0x00000207b125df20 JavaThread "C2 CompilerThread0" daemon [_thread_in_native, id=49032, stack(0x00000034e7f00000,0x00000034e8000000)]
  0x00000207b125e9c0 JavaThread "C1 CompilerThread0" daemon [_thread_in_vm, id=48968, stack(0x00000034e8000000,0x00000034e8100000)]
  0x00000207b126fb70 JavaThread "Sweeper thread" daemon [_thread_blocked, id=49088, stack(0x00000034e8100000,0x00000034e8200000)]
  0x00000207b1395c00 JavaThread "Common-Cleaner" daemon [_thread_blocked, id=15060, stack(0x00000034e8200000,0x00000034e8300000)]
  0x00000207b14d1d40 JavaThread "Notification Thread" daemon [_thread_blocked, id=7408, stack(0x00000034e8300000,0x00000034e8400000)]
  0x00000207b6797c50 JavaThread "Daemon health stats" [_thread_blocked, id=22904, stack(0x00000034e8a00000,0x00000034e8b00000)]
  0x00000207b1b8c290 JavaThread "Incoming local TCP Connector on port 63968" [_thread_in_native, id=37304, stack(0x00000034e8500000,0x00000034e8600000)]
  0x00000207b6ea8e90 JavaThread "Daemon periodic checks" [_thread_blocked, id=22648, stack(0x00000034e8b00000,0x00000034e8c00000)]
  0x00000207b6bfa4a0 JavaThread "Daemon" [_thread_blocked, id=13964, stack(0x00000034e8c00000,0x00000034e8d00000)]
  0x00000207b6a7e090 JavaThread "Handler for socket connection from /127.0.0.1:63968 to /127.0.0.1:63971" [_thread_in_native, id=44084, stack(0x00000034e8d00000,0x00000034e8e00000)]
  0x00000207b6d61c50 JavaThread "Cancel handler" [_thread_blocked, id=15524, stack(0x00000034e8e00000,0x00000034e8f00000)]
  0x00000207b77d8cb0 JavaThread "Daemon worker" [_thread_in_Java, id=41680, stack(0x00000034e8f00000,0x00000034e9000000)]
  0x00000207b6e5bd50 JavaThread "Asynchronous log dispatcher for DefaultDaemonConnection: socket connection from /127.0.0.1:63968 to /127.0.0.1:63971" [_thread_blocked, id=23464, stack(0x00000034e9000000,0x00000034e9100000)]
  0x00000207b6e5cbc0 JavaThread "Stdin handler" [_thread_blocked, id=49576, stack(0x00000034e9100000,0x00000034e9200000)]
  0x00000207b6e5b880 JavaThread "Daemon client event forwarder" [_thread_blocked, id=50092, stack(0x00000034e9200000,0x00000034e9300000)]
  0x00000207b6e5da30 JavaThread "Cache worker for journal cache (C:\Users\82104\.gradle\caches\journal-1)" [_thread_blocked, id=43528, stack(0x00000034e9700000,0x00000034e9800000)]
  0x00000207b6e5c6f0 JavaThread "File lock request listener" [_thread_in_native, id=21968, stack(0x00000034e9800000,0x00000034e9900000)]
  0x00000207b6e5c220 JavaThread "Cache worker for file hash cache (C:\Users\82104\.gradle\caches\8.2\fileHashes)" [_thread_blocked, id=17400, stack(0x00000034e9900000,0x00000034e9a00000)]
  0x00000207b6e5d090 JavaThread "File watcher server" daemon [_thread_in_native, id=29248, stack(0x00000034e9a00000,0x00000034e9b00000)]
  0x00000207b6e5aa10 JavaThread "File watcher consumer" daemon [_thread_blocked, id=40476, stack(0x00000034e9b00000,0x00000034e9c00000)]
  0x00000207b6e5aee0 JavaThread "Cache worker for checksums cache (C:\Users\82104\AndroidStudioProjects\petopia11\.gradle\8.2\checksums)" [_thread_blocked, id=48156, stack(0x00000034e9c00000,0x00000034e9d00000)]
  0x00000207b6e5b3b0 JavaThread "Cache worker for cache directory md-rule (C:\Users\82104\.gradle\caches\8.2\md-rule)" [_thread_blocked, id=17504, stack(0x00000034e9d00000,0x00000034e9e00000)]
  0x00000207b6e5a070 JavaThread "Cache worker for file content cache (C:\Users\82104\.gradle\caches\8.2\fileContent)" [_thread_blocked, id=36124, stack(0x00000034e9e00000,0x00000034e9f00000)]

Other Threads:
  0x00000207b10a4040 VMThread "VM Thread" [stack: 0x00000034e7800000,0x00000034e7900000] [id=9936]
  0x00000207952a0ab0 WatcherThread [stack: 0x00000034e8400000,0x00000034e8500000] [id=2736]
  0x00000207952fddb0 GCTaskThread "GC Thread#0" [stack: 0x00000034e7300000,0x00000034e7400000] [id=7376]
  0x00000207b68115d0 GCTaskThread "GC Thread#1" [stack: 0x00000034e8600000,0x00000034e8700000] [id=25652]
  0x00000207b1d6aa50 GCTaskThread "GC Thread#2" [stack: 0x00000034e8700000,0x00000034e8800000] [id=22352]
  0x00000207b60702a0 GCTaskThread "GC Thread#3" [stack: 0x00000034e8800000,0x00000034e8900000] [id=2576]
  0x00000207b6284610 GCTaskThread "GC Thread#4" [stack: 0x00000034e8900000,0x00000034e8a00000] [id=37208]
  0x00000207b77b45d0 GCTaskThread "GC Thread#5" [stack: 0x00000034e9300000,0x00000034e9400000] [id=17444]
  0x00000207b64c7ac0 GCTaskThread "GC Thread#6" [stack: 0x00000034e9400000,0x00000034e9500000] [id=41324]
  0x00000207b6d3c0d0 GCTaskThread "GC Thread#7" [stack: 0x00000034e9500000,0x00000034e9600000] [id=14620]
  0x00000207953114a0 ConcurrentGCThread "G1 Main Marker" [stack: 0x00000034e7400000,0x00000034e7500000] [id=7588]
  0x0000020795311eb0 ConcurrentGCThread "G1 Conc#0" [stack: 0x00000034e7500000,0x00000034e7600000] [id=38236]
  0x00000207b6a7fa60 ConcurrentGCThread "G1 Conc#1" [stack: 0x00000034e9600000,0x00000034e9700000] [id=23852]
  0x000002079535d860 ConcurrentGCThread "G1 Refine#0" [stack: 0x00000034e7600000,0x00000034e7700000] [id=29144]
  0x000002079535e280 ConcurrentGCThread "G1 Service" [stack: 0x00000034e7700000,0x00000034e7800000] [id=34268]

Threads with active compile tasks:
C2 CompilerThread0     6288 2370       4       java.net.URLClassLoader$1::run (5 bytes)
C1 CompilerThread0     6288 2682       3       sun.reflect.annotation.AnnotationParser::parseAnnotations2 (135 bytes)

VM state: not at safepoint (normal execution)

VM Mutex/Monitor currently owned by a thread: None

Heap address: 0x0000000080000000, size: 2048 MB, Compressed Oops mode: 32-bit

CDS archive(s) not mapped
Compressed class space mapped at: 0x0000000100000000-0x0000000140000000, reserved size: 1073741824
Narrow klass base: 0x0000000000000000, Narrow klass shift: 3, Narrow klass range: 0x140000000

GC Precious Log:
 CPUs: 8 total, 8 available
 Memory: 7865M
 Large Page Support: Disabled
 NUMA Support: Disabled
 Compressed Oops: Enabled (32-bit)
 Heap Region Size: 1M
 Heap Min Capacity: 8M
 Heap Initial Capacity: 124M
 Heap Max Capacity: 2G
 Pre-touch: Disabled
 Parallel Workers: 8
 Concurrent Workers: 2
 Concurrent Refinement Workers: 8
 Periodic GC: Disabled

Heap:
 garbage-first heap   total 71680K, used 27547K [0x0000000080000000, 0x0000000100000000)
  region size 1024K, 10 young (10240K), 4 survivors (4096K)
 Metaspace       used 30953K, committed 31296K, reserved 1114112K
  class space    used 4202K, committed 4352K, reserved 1048576K

Heap Regions: E=young(eden), S=young(survivor), O=old, HS=humongous(starts), HC=humongous(continues), CS=collection set, F=free, OA=open archive, CA=closed archive, TAMS=top-at-mark-start (previous, next)
|   0|0x0000000080000000, 0x0000000080100000, 0x0000000080100000|100%|HS|  |TAMS 0x0000000080100000, 0x0000000080000000| Complete 
|   1|0x0000000080100000, 0x0000000080200000, 0x0000000080200000|100%|HC|  |TAMS 0x0000000080200000, 0x0000000080100000| Complete 
|   2|0x0000000080200000, 0x0000000080300000, 0x0000000080300000|100%|HC|  |TAMS 0x0000000080300000, 0x0000000080200000| Complete 
|   3|0x0000000080300000, 0x0000000080400000, 0x0000000080400000|100%|HC|  |TAMS 0x0000000080400000, 0x0000000080300000| Complete 
|   4|0x0000000080400000, 0x0000000080500000, 0x0000000080500000|100%| O|  |TAMS 0x0000000080500000, 0x0000000080400000| Untracked 
|   5|0x0000000080500000, 0x0000000080600000, 0x0000000080600000|100%| O|  |TAMS 0x0000000080600000, 0x0000000080500000| Untracked 
|   6|0x0000000080600000, 0x0000000080700000, 0x0000000080700000|100%| O|  |TAMS 0x0000000080700000, 0x0000000080600000| Untracked 
|   7|0x0000000080700000, 0x0000000080800000, 0x0000000080800000|100%| O|  |TAMS 0x0000000080800000, 0x0000000080700000| Untracked 
|   8|0x0000000080800000, 0x0000000080900000, 0x0000000080900000|100%| O|  |TAMS 0x0000000080900000, 0x0000000080800000| Untracked 
|   9|0x0000000080900000, 0x0000000080a00000, 0x0000000080a00000|100%| O|  |TAMS 0x0000000080a00000, 0x0000000080900000| Untracked 
|  10|0x0000000080a00000, 0x0000000080abd800, 0x0000000080b00000| 74%| O|  |TAMS 0x0000000080abd800, 0x0000000080a00000| Untracked 
|  11|0x0000000080b00000, 0x0000000080c00000, 0x0000000080c00000|100%| O|  |TAMS 0x0000000080b00000, 0x0000000080b00000| Untracked 
|  12|0x0000000080c00000, 0x0000000080d00000, 0x0000000080d00000|100%| O|  |TAMS 0x0000000080c00000, 0x0000000080c00000| Untracked 
|  13|0x0000000080d00000, 0x0000000080e00000, 0x0000000080e00000|100%| O|  |TAMS 0x0000000080d00000, 0x0000000080d00000| Untracked 
|  14|0x0000000080e00000, 0x0000000080f00000, 0x0000000080f00000|100%| O|  |TAMS 0x0000000080e00000, 0x0000000080e00000| Untracked 
|  15|0x0000000080f00000, 0x0000000081000000, 0x0000000081000000|100%| O|  |TAMS 0x0000000080f00000, 0x0000000080f00000| Untracked 
|  16|0x0000000081000000, 0x0000000081100000, 0x0000000081100000|100%| O|  |TAMS 0x0000000081000000, 0x0000000081000000| Untracked 
|  17|0x0000000081100000, 0x0000000081200000, 0x0000000081200000|100%| O|  |TAMS 0x0000000081100000, 0x0000000081100000| Untracked 
|  18|0x0000000081200000, 0x000000008128fe00, 0x0000000081300000| 56%| O|  |TAMS 0x0000000081200000, 0x0000000081200000| Untracked 
|  19|0x0000000081300000, 0x0000000081300000, 0x0000000081400000|  0%| F|  |TAMS 0x0000000081300000, 0x0000000081300000| Untracked 
|  20|0x0000000081400000, 0x0000000081400000, 0x0000000081500000|  0%| F|  |TAMS 0x0000000081400000, 0x0000000081400000| Untracked 
|  21|0x0000000081500000, 0x0000000081500000, 0x0000000081600000|  0%| F|  |TAMS 0x0000000081500000, 0x0000000081500000| Untracked 
|  22|0x0000000081600000, 0x0000000081600000, 0x0000000081700000|  0%| F|  |TAMS 0x0000000081600000, 0x0000000081600000| Untracked 
|  23|0x0000000081700000, 0x0000000081700000, 0x0000000081800000|  0%| F|  |TAMS 0x0000000081700000, 0x0000000081700000| Untracked 
|  24|0x0000000081800000, 0x0000000081800000, 0x0000000081900000|  0%| F|  |TAMS 0x0000000081800000, 0x0000000081800000| Untracked 
|  25|0x0000000081900000, 0x0000000081900000, 0x0000000081a00000|  0%| F|  |TAMS 0x0000000081900000, 0x0000000081900000| Untracked 
|  26|0x0000000081a00000, 0x0000000081a00000, 0x0000000081b00000|  0%| F|  |TAMS 0x0000000081a00000, 0x0000000081a00000| Untracked 
|  27|0x0000000081b00000, 0x0000000081b00000, 0x0000000081c00000|  0%| F|  |TAMS 0x0000000081b00000, 0x0000000081b00000| Untracked 
|  28|0x0000000081c00000, 0x0000000081c00000, 0x0000000081d00000|  0%| F|  |TAMS 0x0000000081c00000, 0x0000000081c00000| Untracked 
|  29|0x0000000081d00000, 0x0000000081d00000, 0x0000000081e00000|  0%| F|  |TAMS 0x0000000081d00000, 0x0000000081d00000| Untracked 
|  30|0x0000000081e00000, 0x0000000081e00000, 0x0000000081f00000|  0%| F|  |TAMS 0x0000000081e00000, 0x0000000081e00000| Untracked 
|  31|0x0000000081f00000, 0x0000000081f00000, 0x0000000082000000|  0%| F|  |TAMS 0x0000000081f00000, 0x0000000081f00000| Untracked 
|  32|0x0000000082000000, 0x0000000082000000, 0x0000000082100000|  0%| F|  |TAMS 0x0000000082000000, 0x0000000082000000| Untracked 
|  33|0x0000000082100000, 0x0000000082100000, 0x0000000082200000|  0%| F|  |TAMS 0x0000000082100000, 0x0000000082100000| Untracked 
|  34|0x0000000082200000, 0x0000000082200000, 0x0000000082300000|  0%| F|  |TAMS 0x0000000082200000, 0x0000000082200000| Untracked 
|  35|0x0000000082300000, 0x0000000082300000, 0x0000000082400000|  0%| F|  |TAMS 0x0000000082300000, 0x0000000082300000| Untracked 
|  36|0x0000000082400000, 0x0000000082400000, 0x0000000082500000|  0%| F|  |TAMS 0x0000000082400000, 0x0000000082400000| Untracked 
|  37|0x0000000082500000, 0x00000000825998b0, 0x0000000082600000| 59%| S|CS|TAMS 0x0000000082500000, 0x0000000082500000| Complete 
|  38|0x0000000082600000, 0x0000000082700000, 0x0000000082700000|100%| S|CS|TAMS 0x0000000082600000, 0x0000000082600000| Complete 
|  39|0x0000000082700000, 0x0000000082800000, 0x0000000082800000|100%| S|CS|TAMS 0x0000000082700000, 0x0000000082700000| Complete 
|  40|0x0000000082800000, 0x0000000082900000, 0x0000000082900000|100%| S|CS|TAMS 0x0000000082800000, 0x0000000082800000| Complete 
|  41|0x0000000082900000, 0x0000000082900000, 0x0000000082a00000|  0%| F|  |TAMS 0x0000000082900000, 0x0000000082900000| Untracked 
|  42|0x0000000082a00000, 0x0000000082a00000, 0x0000000082b00000|  0%| F|  |TAMS 0x0000000082a00000, 0x0000000082a00000| Untracked 
|  43|0x0000000082b00000, 0x0000000082b00000, 0x0000000082c00000|  0%| F|  |TAMS 0x0000000082b00000, 0x0000000082b00000| Untracked 
|  44|0x0000000082c00000, 0x0000000082c00000, 0x0000000082d00000|  0%| F|  |TAMS 0x0000000082c00000, 0x0000000082c00000| Untracked 
|  45|0x0000000082d00000, 0x0000000082d00000, 0x0000000082e00000|  0%| F|  |TAMS 0x0000000082d00000, 0x0000000082d00000| Untracked 
|  46|0x0000000082e00000, 0x0000000082e00000, 0x0000000082f00000|  0%| F|  |TAMS 0x0000000082e00000, 0x0000000082e00000| Untracked 
|  47|0x0000000082f00000, 0x0000000082f00000, 0x0000000083000000|  0%| F|  |TAMS 0x0000000082f00000, 0x0000000082f00000| Untracked 
|  48|0x0000000083000000, 0x0000000083000000, 0x0000000083100000|  0%| F|  |TAMS 0x0000000083000000, 0x0000000083000000| Untracked 
|  49|0x0000000083100000, 0x0000000083100000, 0x0000000083200000|  0%| F|  |TAMS 0x0000000083100000, 0x0000000083100000| Untracked 
|  50|0x0000000083200000, 0x0000000083200000, 0x0000000083300000|  0%| F|  |TAMS 0x0000000083200000, 0x0000000083200000| Untracked 
|  51|0x0000000083300000, 0x0000000083300000, 0x0000000083400000|  0%| F|  |TAMS 0x0000000083300000, 0x0000000083300000| Untracked 
|  52|0x0000000083400000, 0x0000000083400000, 0x0000000083500000|  0%| F|  |TAMS 0x0000000083400000, 0x0000000083400000| Untracked 
|  53|0x0000000083500000, 0x0000000083500000, 0x0000000083600000|  0%| F|  |TAMS 0x0000000083500000, 0x0000000083500000| Untracked 
|  54|0x0000000083600000, 0x0000000083600000, 0x0000000083700000|  0%| F|  |TAMS 0x0000000083600000, 0x0000000083600000| Untracked 
|  55|0x0000000083700000, 0x0000000083700000, 0x0000000083800000|  0%| F|  |TAMS 0x0000000083700000, 0x0000000083700000| Untracked 
|  56|0x0000000083800000, 0x0000000083800000, 0x0000000083900000|  0%| F|  |TAMS 0x0000000083800000, 0x0000000083800000| Untracked 
|  57|0x0000000083900000, 0x0000000083900000, 0x0000000083a00000|  0%| F|  |TAMS 0x0000000083900000, 0x0000000083900000| Untracked 
|  58|0x0000000083a00000, 0x0000000083a00000, 0x0000000083b00000|  0%| F|  |TAMS 0x0000000083a00000, 0x0000000083a00000| Untracked 
|  59|0x0000000083b00000, 0x0000000083b00000, 0x0000000083c00000|  0%| F|  |TAMS 0x0000000083b00000, 0x0000000083b00000| Untracked 
|  66|0x0000000084200000, 0x0000000084200000, 0x0000000084300000|  0%| F|  |TAMS 0x0000000084200000, 0x0000000084200000| Untracked 
|  67|0x0000000084300000, 0x0000000084300000, 0x0000000084400000|  0%| F|  |TAMS 0x0000000084300000, 0x0000000084300000| Untracked 
|  68|0x0000000084400000, 0x0000000084400000, 0x0000000084500000|  0%| F|  |TAMS 0x0000000084400000, 0x0000000084400000| Untracked 
|  69|0x0000000084500000, 0x0000000084500000, 0x0000000084600000|  0%| F|  |TAMS 0x0000000084500000, 0x0000000084500000| Untracked 
|  70|0x0000000084600000, 0x00000000846cf218, 0x0000000084700000| 80%| E|  |TAMS 0x0000000084600000, 0x0000000084600000| Complete 
|  71|0x0000000084700000, 0x0000000084800000, 0x0000000084800000|100%| E|CS|TAMS 0x0000000084700000, 0x0000000084700000| Complete 
|  72|0x0000000084800000, 0x0000000084900000, 0x0000000084900000|100%| E|CS|TAMS 0x0000000084800000, 0x0000000084800000| Complete 
|  73|0x0000000084900000, 0x0000000084a00000, 0x0000000084a00000|100%| E|CS|TAMS 0x0000000084900000, 0x0000000084900000| Complete 
|  74|0x0000000084a00000, 0x0000000084b00000, 0x0000000084b00000|100%| E|CS|TAMS 0x0000000084a00000, 0x0000000084a00000| Complete 
| 123|0x0000000087b00000, 0x0000000087c00000, 0x0000000087c00000|100%| E|CS|TAMS 0x0000000087b00000, 0x0000000087b00000| Complete 

Card table byte_map: [0x00000207a9db0000,0x00000207aa1b0000] _byte_map_base: 0x00000207a99b0000

Marking Bits (Prev, Next): (CMBitMap*) 0x00000207952fe400, (CMBitMap*) 0x00000207952fe3c0
 Prev Bits: [0x00000207ac5b0000, 0x00000207ae5b0000)
 Next Bits: [0x00000207aa5b0000, 0x00000207ac5b0000)

Polling page: 0x0000020795360000

Metaspace:

Usage:
  Non-class:     26.16 MB used.
      Class:      4.11 MB used.
       Both:     30.27 MB used.

Virtual space:
  Non-class space:       64.00 MB reserved,      26.38 MB ( 41%) committed,  1 nodes.
      Class space:        1.00 GB reserved,       4.25 MB ( <1%) committed,  1 nodes.
             Both:        1.06 GB reserved,      30.62 MB (  3%) committed. 

Chunk freelists:
   Non-Class:  5.61 MB
       Class:  11.59 MB
        Both:  17.20 MB

MaxMetaspaceSize: unlimited
CompressedClassSpaceSize: 1.00 GB
Initial GC threshold: 21.00 MB
Current GC threshold: 35.25 MB
CDS: off
MetaspaceReclaimPolicy: balanced
 - commit_granule_bytes: 65536.
 - commit_granule_words: 8192.
 - virtual_space_node_default_size: 8388608.
 - enlarge_chunks_in_place: 1.
 - new_chunks_are_fully_committed: 0.
 - uncommit_free_chunks: 1.
 - use_allocation_guard: 0.
 - handle_deallocations: 1.


Internal statistics:

num_allocs_failed_limit: 3.
num_arena_births: 230.
num_arena_deaths: 0.
num_vsnodes_births: 2.
num_vsnodes_deaths: 0.
num_space_committed: 490.
num_space_uncommitted: 0.
num_chunks_returned_to_freelist: 3.
num_chunks_taken_from_freelist: 1039.
num_chunk_merges: 3.
num_chunk_splits: 694.
num_chunks_enlarged: 501.
num_inconsistent_stats: 0.

CodeHeap 'non-profiled nmethods': size=120000Kb used=1353Kb max_used=1353Kb free=118646Kb
 bounds [0x00000207a1a20000, 0x00000207a1c90000, 0x00000207a8f50000]
CodeHeap 'profiled nmethods': size=120000Kb used=5576Kb max_used=5576Kb free=114423Kb
 bounds [0x0000020799f50000, 0x000002079a4d0000, 0x00000207a1480000]
CodeHeap 'non-nmethods': size=5760Kb used=1247Kb max_used=1287Kb free=4512Kb
 bounds [0x00000207a1480000, 0x00000207a16f0000, 0x00000207a1a20000]
 total_blobs=3216 nmethods=2673 adapters=455
 compilation: enabled
              stopped_count=0, restarted_count=0
 full_count=0

Compilation events (20 events):
Event: 6.211 Thread 0x00000207b125e9c0 nmethod 2602 0x00000207a1b6fb90 code [0x00000207a1b6fd20, 0x00000207a1b6fdf8]
Event: 6.219 Thread 0x00000207b125e9c0 2606   !   3       java.util.concurrent.ConcurrentHashMap::replaceNode (437 bytes)
Event: 6.220 Thread 0x00000207b125e9c0 nmethod 2606 0x000002079a48f990 code [0x000002079a48fce0, 0x000002079a491578]
Event: 6.224 Thread 0x00000207b125e9c0 2607       3       com.google.common.cache.LongAdder::<init> (5 bytes)
Event: 6.224 Thread 0x00000207b125e9c0 nmethod 2607 0x000002079a492290 code [0x000002079a492440, 0x000002079a492678]
Event: 6.224 Thread 0x00000207b125e9c0 2608       3       com.google.common.cache.Striped64::<init> (5 bytes)
Event: 6.224 Thread 0x00000207b125e9c0 nmethod 2608 0x000002079a492790 code [0x000002079a492940, 0x000002079a492af8]
Event: 6.228 Thread 0x00000207b125e9c0 2609       1       org.gradle.internal.event.DefaultListenerManager::access$100 (5 bytes)
Event: 6.228 Thread 0x00000207b125e9c0 nmethod 2609 0x00000207a1b6fe90 code [0x00000207a1b70020, 0x00000207a1b700d8]
Event: 6.228 Thread 0x00000207b125e9c0 2610       3       java.util.Collections::singletonIterator (9 bytes)
Event: 6.228 Thread 0x00000207b125e9c0 nmethod 2610 0x000002079a492c10 code [0x000002079a492dc0, 0x000002079a493018]
Event: 6.228 Thread 0x00000207b125e9c0 2611       3       java.util.Collections$1::<init> (15 bytes)
Event: 6.229 Thread 0x00000207b125e9c0 nmethod 2611 0x000002079a493110 code [0x000002079a4932a0, 0x000002079a493478]
Event: 6.234 Thread 0x00000207b125e9c0 2612       3       jdk.internal.reflect.Reflection::filter (163 bytes)
Event: 6.235 Thread 0x00000207b125e9c0 nmethod 2612 0x000002079a493510 code [0x000002079a493780, 0x000002079a4944c8]
Event: 6.235 Thread 0x00000207b125e9c0 2613       3       org.gradle.internal.reflect.MethodSet$MethodKey::equals (89 bytes)
Event: 6.235 Thread 0x00000207b125e9c0 nmethod 2613 0x000002079a494890 code [0x000002079a494aa0, 0x000002079a495378]
Event: 6.235 Thread 0x00000207b125e9c0 2615   !   3       sun.reflect.annotation.AnnotationParser::parseAnnotation2 (271 bytes)
Event: 6.236 Thread 0x00000207b125e9c0 nmethod 2615 0x000002079a495610 code [0x000002079a495a20, 0x000002079a497628]
Event: 6.236 Thread 0x00000207b125e9c0 2619       3       org.objectweb.asm.Type::getReturnTypeOffset (64 bytes)

GC Heap History (10 events):
Event: 1.202 GC heap before
{Heap before GC invocations=0 (full 0):
 garbage-first heap   total 126976K, used 26624K [0x0000000080000000, 0x0000000100000000)
  region size 1024K, 23 young (23552K), 0 survivors (0K)
 Metaspace       used 10438K, committed 10624K, reserved 1114112K
  class space    used 1084K, committed 1152K, reserved 1048576K
}
Event: 1.209 GC heap after
{Heap after GC invocations=1 (full 0):
 garbage-first heap   total 126976K, used 10766K [0x0000000080000000, 0x0000000100000000)
  region size 1024K, 3 young (3072K), 3 survivors (3072K)
 Metaspace       used 10438K, committed 10624K, reserved 1114112K
  class space    used 1084K, committed 1152K, reserved 1048576K
}
Event: 1.922 GC heap before
{Heap before GC invocations=1 (full 0):
 garbage-first heap   total 126976K, used 38414K [0x0000000080000000, 0x0000000100000000)
  region size 1024K, 30 young (30720K), 3 survivors (3072K)
 Metaspace       used 11462K, committed 11648K, reserved 1114112K
  class space    used 1197K, committed 1280K, reserved 1048576K
}
Event: 1.927 GC heap after
{Heap after GC invocations=2 (full 0):
 garbage-first heap   total 126976K, used 13192K [0x0000000080000000, 0x0000000100000000)
  region size 1024K, 3 young (3072K), 3 survivors (3072K)
 Metaspace       used 11462K, committed 11648K, reserved 1114112K
  class space    used 1197K, committed 1280K, reserved 1048576K
}
Event: 4.736 GC heap before
{Heap before GC invocations=2 (full 0):
 garbage-first heap   total 126976K, used 60296K [0x0000000080000000, 0x0000000100000000)
  region size 1024K, 49 young (50176K), 3 survivors (3072K)
 Metaspace       used 21339K, committed 21504K, reserved 1114112K
  class space    used 2576K, committed 2624K, reserved 1048576K
}
Event: 4.744 GC heap after
{Heap after GC invocations=3 (full 0):
 garbage-first heap   total 126976K, used 19275K [0x0000000080000000, 0x0000000100000000)
  region size 1024K, 9 young (9216K), 9 survivors (9216K)
 Metaspace       used 21339K, committed 21504K, reserved 1114112K
  class space    used 2576K, committed 2624K, reserved 1048576K
}
Event: 5.656 GC heap before
{Heap before GC invocations=4 (full 0):
 garbage-first heap   total 71680K, used 53067K [0x0000000080000000, 0x0000000100000000)
  region size 1024K, 42 young (43008K), 9 survivors (9216K)
 Metaspace       used 26160K, committed 26432K, reserved 1114112K
  class space    used 3419K, committed 3520K, reserved 1048576K
}
Event: 5.662 GC heap after
{Heap after GC invocations=5 (full 0):
 garbage-first heap   total 71680K, used 21099K [0x0000000080000000, 0x0000000100000000)
  region size 1024K, 3 young (3072K), 3 survivors (3072K)
 Metaspace       used 26160K, committed 26432K, reserved 1114112K
  class space    used 3419K, committed 3520K, reserved 1048576K
}
Event: 6.196 GC heap before
{Heap before GC invocations=5 (full 0):
 garbage-first heap   total 71680K, used 50795K [0x0000000080000000, 0x0000000100000000)
  region size 1024K, 32 young (32768K), 3 survivors (3072K)
 Metaspace       used 30213K, committed 30528K, reserved 1114112K
  class space    used 4084K, committed 4224K, reserved 1048576K
}
Event: 6.200 GC heap after
{Heap after GC invocations=6 (full 0):
 garbage-first heap   total 71680K, used 22427K [0x0000000080000000, 0x0000000100000000)
  region size 1024K, 4 young (4096K), 4 survivors (4096K)
 Metaspace       used 30213K, committed 30528K, reserved 1114112K
  class space    used 4084K, committed 4224K, reserved 1048576K
}

Dll operation events (3 events):
Event: 0.048 Loaded shared library C:\Program Files\Android\Android Studio\jbr\bin\java.dll
Event: 0.329 Loaded shared library C:\Program Files\Android\Android Studio\jbr\bin\zip.dll
Event: 0.709 Loaded shared library C:\Program Files\Android\Android Studio\jbr\bin\verify.dll

Deoptimization events (20 events):
Event: 5.037 Thread 0x00000207b77d8cb0 Uncommon trap: trap_request=0xffffff45 fr.pc=0x00000207a1aaa0dc relative=0x000000000000073c
Event: 5.037 Thread 0x00000207b77d8cb0 Uncommon trap: reason=unstable_if action=reinterpret pc=0x00000207a1aaa0dc method=java.util.ArrayList.grow(I)[Ljava/lang/Object; @ 17 c2
Event: 5.037 Thread 0x00000207b77d8cb0 DEOPT PACKING pc=0x00000207a1aaa0dc sp=0x00000034e8ffcc40
Event: 5.037 Thread 0x00000207b77d8cb0 DEOPT UNPACKING pc=0x00000207a14da1a3 sp=0x00000034e8ffcad8 mode 2
Event: 5.078 Thread 0x00000207b77d8cb0 Uncommon trap: trap_request=0xffffff45 fr.pc=0x00000207a1a41e94 relative=0x0000000000000ab4
Event: 5.078 Thread 0x00000207b77d8cb0 Uncommon trap: reason=unstable_if action=reinterpret pc=0x00000207a1a41e94 method=java.io.WinNTFileSystem.resolve(Ljava/lang/String;Ljava/lang/String;)Ljava/lang/String; @ 19 c2
Event: 5.078 Thread 0x00000207b77d8cb0 DEOPT PACKING pc=0x00000207a1a41e94 sp=0x00000034e8ffcb10
Event: 5.078 Thread 0x00000207b77d8cb0 DEOPT UNPACKING pc=0x00000207a14da1a3 sp=0x00000034e8ffcac8 mode 2
Event: 5.087 Thread 0x00000207b77d8cb0 Uncommon trap: trap_request=0xffffff45 fr.pc=0x00000207a1a9c91c relative=0x00000000000005fc
Event: 5.087 Thread 0x00000207b77d8cb0 Uncommon trap: reason=unstable_if action=reinterpret pc=0x00000207a1a9c91c method=java.io.File.getName()Ljava/lang/String; @ 16 c2
Event: 5.087 Thread 0x00000207b77d8cb0 DEOPT PACKING pc=0x00000207a1a9c91c sp=0x00000034e8ffcac0
Event: 5.087 Thread 0x00000207b77d8cb0 DEOPT UNPACKING pc=0x00000207a14da1a3 sp=0x00000034e8ffca90 mode 2
Event: 5.650 Thread 0x00000207b77d8cb0 Uncommon trap: trap_request=0xffffff45 fr.pc=0x00000207a1b52874 relative=0x00000000000003b4
Event: 5.650 Thread 0x00000207b77d8cb0 Uncommon trap: reason=unstable_if action=reinterpret pc=0x00000207a1b52874 method=java.util.HashMap.getNode(Ljava/lang/Object;)Ljava/util/HashMap$Node; @ 131 c2
Event: 5.650 Thread 0x00000207b77d8cb0 DEOPT PACKING pc=0x00000207a1b52874 sp=0x00000034e8ffaaf0
Event: 5.650 Thread 0x00000207b77d8cb0 DEOPT UNPACKING pc=0x00000207a14da1a3 sp=0x00000034e8ffaa00 mode 2
Event: 6.007 Thread 0x00000207b77d8cb0 Uncommon trap: trap_request=0xffffff45 fr.pc=0x00000207a1af9d38 relative=0x00000000000005b8
Event: 6.007 Thread 0x00000207b77d8cb0 Uncommon trap: reason=unstable_if action=reinterpret pc=0x00000207a1af9d38 method=java.util.Properties$LineReader.readLine()I @ 95 c2
Event: 6.007 Thread 0x00000207b77d8cb0 DEOPT PACKING pc=0x00000207a1af9d38 sp=0x00000034e8ffb070
Event: 6.007 Thread 0x00000207b77d8cb0 DEOPT UNPACKING pc=0x00000207a14da1a3 sp=0x00000034e8ffb020 mode 2

Classes unloaded (0 events):
No events

Classes redefined (0 events):
No events

Internal exceptions (20 events):
Event: 4.755 Thread 0x00000207b77d8cb0 Exception <a 'java/lang/NoSuchMethodError'{0x0000000087bd3a18}: 'java.lang.Object java.lang.invoke.Invokers$Holder.invoker(java.lang.Object, java.lang.Object, java.lang.Object, java.lang.Object, java.lang.Object, java.lang.Object, java.lang.Object, java.lang.Object, java.lang.Object, java.lang.Object)'> (0x0000000087bd3a18) 
thrown [s\src\hotspot\share\interpreter\linkResolver.cpp, line 771]
Event: 4.756 Thread 0x00000207b77d8cb0 Exception <a 'java/lang/NoSuchMethodError'{0x0000000087bd9620}: 'java.lang.Object java.lang.invoke.DirectMethodHandle$Holder.invokeSpecial(java.lang.Object, java.lang.Object, java.lang.Object, java.lang.Object, java.lang.Object, java.lang.Object, java.lang.Object, java.lang.Object, java.lang.Object, java.lang.Object, java.lang.Object)'> (0x0000000087bd9620) 
thrown [s\src\hotspot\share\interpreter\linkResolver.cpp, line 771]
Event: 4.926 Thread 0x00000207b77d8cb0 Exception <a 'java/lang/NoSuchMethodError'{0x0000000083646e70}: 'void java.lang.invoke.DirectMethodHandle$Holder.invokeStaticInit(java.lang.Object)'> (0x0000000083646e70) 
thrown [s\src\hotspot\share\interpreter\linkResolver.cpp, line 771]
Event: 4.951 Thread 0x00000207b77d8cb0 Exception <a 'java/lang/NoSuchMethodError'{0x00000000836f5d50}: 'java.lang.Object java.lang.invoke.DirectMethodHandle$Holder.newInvokeSpecial(java.lang.Object, java.lang.Object, java.lang.Object, int)'> (0x00000000836f5d50) 
thrown [s\src\hotspot\share\interpreter\linkResolver.cpp, line 771]
Event: 4.951 Thread 0x00000207b77d8cb0 Exception <a 'java/lang/NoSuchMethodError'{0x00000000836fa680}: 'java.lang.Object java.lang.invoke.DirectMethodHandle$Holder.invokeSpecial(java.lang.Object, java.lang.Object, java.lang.Object, java.lang.Object, int)'> (0x00000000836fa680) 
thrown [s\src\hotspot\share\interpreter\linkResolver.cpp, line 771]
Event: 4.951 Thread 0x00000207b77d8cb0 Exception <a 'java/lang/NoSuchMethodError'{0x00000000836fe798}: 'java.lang.Object java.lang.invoke.Invokers$Holder.linkToTargetMethod(java.lang.Object, java.lang.Object, int, java.lang.Object)'> (0x00000000836fe798) 
thrown [s\src\hotspot\share\interpreter\linkResolver.cpp, line 771]
Event: 5.436 Thread 0x00000207b77d8cb0 Exception <a 'java/lang/NoSuchMethodError'{0x00000000827314a0}: 'int java.lang.invoke.DirectMethodHandle$Holder.invokeSpecialIFC(java.lang.Object, java.lang.Object, java.lang.Object, java.lang.Object)'> (0x00000000827314a0) 
thrown [s\src\hotspot\share\interpreter\linkResolver.cpp, line 771]
Event: 5.437 Thread 0x00000207b77d8cb0 Exception <a 'java/lang/NoSuchMethodError'{0x00000000827404f8}: 'java.lang.Object java.lang.invoke.DirectMethodHandle$Holder.invokeInterface(java.lang.Object, java.lang.Object, java.lang.Object)'> (0x00000000827404f8) 
thrown [s\src\hotspot\share\interpreter\linkResolver.cpp, line 771]
Event: 5.438 Thread 0x00000207b77d8cb0 Exception <a 'java/lang/IncompatibleClassChangeError'{0x0000000082744110}: Found class java.lang.Object, but interface was expected> (0x0000000082744110) 
thrown [s\src\hotspot\share\interpreter\linkResolver.cpp, line 838]
Event: 5.461 Thread 0x00000207b77d8cb0 Exception <a 'java/lang/NoSuchMethodError'{0x000000008263a600}: 'int java.lang.invoke.DirectMethodHandle$Holder.invokeStatic(java.lang.Object, java.lang.Object, java.lang.Object, java.lang.Object)'> (0x000000008263a600) 
thrown [s\src\hotspot\share\interpreter\linkResolver.cpp, line 771]
Event: 5.461 Thread 0x00000207b77d8cb0 Exception <a 'java/lang/NoSuchMethodError'{0x000000008263e228}: 'java.lang.Object java.lang.invoke.Invokers$Holder.invokeExact_MT(java.lang.Object, java.lang.Object, java.lang.Object, java.lang.Object, java.lang.Object, java.lang.Object)'> (0x000000008263e228) 
thrown [s\src\hotspot\share\interpreter\linkResolver.cpp, line 771]
Event: 5.534 Thread 0x00000207b77d8cb0 Exception <a 'java/lang/NoSuchMethodError'{0x00000000823f5f50}: 'java.lang.Object java.lang.invoke.DirectMethodHandle$Holder.invokeSpecial(java.lang.Object, java.lang.Object, java.lang.Object, java.lang.Object, java.lang.Object, java.lang.Object, java.lang.Object, java.lang.Object, java.lang.Object)'> (0x00000000823f5f50) 
thrown [s\src\hotspot\share\interpreter\linkResolver.cpp, line 771]
Event: 5.635 Thread 0x00000207b77d8cb0 Exception <a 'java/lang/NoSuchMethodError'{0x0000000081dd9740}: 'java.lang.Object java.lang.invoke.DirectMethodHandle$Holder.invokeVirtual(java.lang.Object, java.lang.Object, java.lang.Object, java.lang.Object)'> (0x0000000081dd9740) 
thrown [s\src\hotspot\share\interpreter\linkResolver.cpp, line 771]
Event: 5.669 Thread 0x00000207b77d8cb0 Exception <a 'java/lang/NoSuchMethodError'{0x0000000087b3f080}: 'java.lang.Object java.lang.invoke.DirectMethodHandle$Holder.newInvokeSpecial(java.lang.Object, java.lang.Object, java.lang.Object, java.lang.Object, java.lang.Object, java.lang.Object, java.lang.Object)'> (0x0000000087b3f080) 
thrown [s\src\hotspot\share\interpreter\linkResolver.cpp, line 771]
Event: 5.669 Thread 0x00000207b77d8cb0 Exception <a 'java/lang/NoSuchMethodError'{0x0000000087b43d50}: 'java.lang.Object java.lang.invoke.Invokers$Holder.linkToTargetMethod(java.lang.Object, java.lang.Object, java.lang.Object, java.lang.Object, java.lang.Object, java.lang.Object, java.lang.Object)'> (0x0000000087b43d50) 
thrown [s\src\hotspot\share\interpreter\linkResolver.cpp, line 771]
Event: 5.963 Thread 0x00000207b77d8cb0 Exception <a 'java/lang/NoSuchMethodError'{0x00000000835c4910}: 'void java.lang.invoke.DirectMethodHandle$Holder.invokeStatic(java.lang.Object, java.lang.Object, java.lang.Object, java.lang.Object)'> (0x00000000835c4910) 
thrown [s\src\hotspot\share\interpreter\linkResolver.cpp, line 771]
Event: 5.965 Thread 0x00000207b77d8cb0 Exception <a 'java/lang/NoSuchMethodError'{0x00000000835d92d0}: 'int java.lang.invoke.DirectMethodHandle$Holder.invokeVirtual(java.lang.Object, java.lang.Object)'> (0x00000000835d92d0) 
thrown [s\src\hotspot\share\interpreter\linkResolver.cpp, line 771]
Event: 5.967 Thread 0x00000207b77d8cb0 Exception <a 'java/lang/NoSuchMethodError'{0x00000000835ebbd0}: 'java.lang.Object java.lang.invoke.DirectMethodHandle$Holder.invokeStaticInit(java.lang.Object, java.lang.Object, java.lang.Object)'> (0x00000000835ebbd0) 
thrown [s\src\hotspot\share\interpreter\linkResolver.cpp, line 771]
Event: 5.970 Thread 0x00000207b77d8cb0 Exception <a 'java/lang/NoSuchMethodError'{0x0000000083413818}: 'int java.lang.invoke.DirectMethodHandle$Holder.invokeVirtual(java.lang.Object, java.lang.Object, java.lang.Object)'> (0x0000000083413818) 
thrown [s\src\hotspot\share\interpreter\linkResolver.cpp, line 771]
Event: 6.176 Thread 0x00000207b77d8cb0 Exception <a 'java/lang/NoSuchMethodError'{0x0000000082acb798}: 'java.lang.Object java.lang.invoke.DirectMethodHandle$Holder.invokeSpecialIFC(java.lang.Object, java.lang.Object, java.lang.Object, java.lang.Object)'> (0x0000000082acb798) 
thrown [s\src\hotspot\share\interpreter\linkResolver.cpp, line 771]

VM Operations (20 events):
Event: 4.715 Executing VM operation: HandshakeAllThreads
Event: 4.715 Executing VM operation: HandshakeAllThreads done
Event: 4.715 Executing VM operation: Cleanup
Event: 4.715 Executing VM operation: Cleanup done
Event: 4.736 Executing VM operation: CollectForMetadataAllocation
Event: 4.744 Executing VM operation: CollectForMetadataAllocation done
Event: 4.749 Executing VM operation: G1Concurrent
Event: 4.751 Executing VM operation: G1Concurrent done
Event: 4.752 Executing VM operation: G1Concurrent
Event: 4.757 Executing VM operation: G1Concurrent done
Event: 5.253 Executing VM operation: HandshakeAllThreads
Event: 5.253 Executing VM operation: HandshakeAllThreads done
Event: 5.253 Executing VM operation: HandshakeAllThreads
Event: 5.253 Executing VM operation: HandshakeAllThreads done
Event: 5.656 Executing VM operation: G1CollectForAllocation
Event: 5.663 Executing VM operation: G1CollectForAllocation done
Event: 6.014 Executing VM operation: HandshakeAllThreads
Event: 6.014 Executing VM operation: HandshakeAllThreads done
Event: 6.195 Executing VM operation: G1CollectForAllocation
Event: 6.200 Executing VM operation: G1CollectForAllocation done

Events (20 events):
Event: 5.610 loading class org/xml/sax/ErrorHandler done
Event: 5.909 loading class java/util/function/UnaryOperator
Event: 5.909 loading class java/util/function/UnaryOperator done
Event: 5.927 loading class java/util/concurrent/TimeoutException
Event: 5.927 loading class java/util/concurrent/TimeoutException done
Event: 5.927 loading class java/util/concurrent/CancellationException
Event: 5.927 loading class java/util/concurrent/CancellationException done
Event: 5.930 loading class java/util/ServiceConfigurationError
Event: 5.930 loading class java/util/ServiceConfigurationError done
Event: 5.955 Thread 0x00000207b6e5d090 Thread added: 0x00000207b6e5d090
Event: 5.955 loading class java/util/concurrent/locks/AbstractQueuedSynchronizer$SharedNode
Event: 5.955 loading class java/util/concurrent/locks/AbstractQueuedSynchronizer$SharedNode done
Event: 5.961 loading class java/io/InterruptedIOException
Event: 5.961 loading class java/io/InterruptedIOException done
Event: 5.964 Thread 0x00000207b6e5aa10 Thread added: 0x00000207b6e5aa10
Event: 5.968 loading class java/util/ArrayDeque$DeqSpliterator
Event: 5.968 loading class java/util/ArrayDeque$DeqSpliterator done
Event: 6.167 Thread 0x00000207b6e5aee0 Thread added: 0x00000207b6e5aee0
Event: 6.202 Thread 0x00000207b6e5b3b0 Thread added: 0x00000207b6e5b3b0
Event: 6.224 Thread 0x00000207b6e5a070 Thread added: 0x00000207b6e5a070


Dynamic libraries:
0x00007ff6bca00000 - 0x00007ff6bca0a000 	C:\Program Files\Android\Android Studio\jbr\bin\java.exe
0x00007ffdd0050000 - 0x00007ffdd0267000 	C:\WINDOWS\SYSTEM32\ntdll.dll
0x00007ffdcf0d0000 - 0x00007ffdcf194000 	C:\WINDOWS\System32\KERNEL32.DLL
0x00007ffdcd470000 - 0x00007ffdcd829000 	C:\WINDOWS\System32\KERNELBASE.dll
0x00007ffdcd830000 - 0x00007ffdcd941000 	C:\WINDOWS\System32\ucrtbase.dll
0x00007ffdbf360000 - 0x00007ffdbf377000 	C:\Program Files\Android\Android Studio\jbr\bin\jli.dll
0x00007ffdba8b0000 - 0x00007ffdba8cb000 	C:\Program Files\Android\Android Studio\jbr\bin\VCRUNTIME140.dll
0x00007ffdcfda0000 - 0x00007ffdcff4e000 	C:\WINDOWS\System32\USER32.dll
0x00007ffdcdb60000 - 0x00007ffdcdb86000 	C:\WINDOWS\System32\win32u.dll
0x00007ffdcfd70000 - 0x00007ffdcfd99000 	C:\WINDOWS\System32\GDI32.dll
0x00007ffdcdc50000 - 0x00007ffdcdd6b000 	C:\WINDOWS\System32\gdi32full.dll
0x00007ffdcd350000 - 0x00007ffdcd3ea000 	C:\WINDOWS\System32\msvcp_win.dll
0x00007ffdc2600000 - 0x00007ffdc2892000 	C:\WINDOWS\WinSxS\amd64_microsoft.windows.common-controls_6595b64144ccf1df_6.0.22621.4391_none_2715d37f73803e96\COMCTL32.dll
0x00007ffdcf020000 - 0x00007ffdcf0c7000 	C:\WINDOWS\System32\msvcrt.dll
0x00007ffdcdd70000 - 0x00007ffdcdda1000 	C:\WINDOWS\System32\IMM32.DLL
0x00007ffdbb2b0000 - 0x00007ffdbb2bc000 	C:\Program Files\Android\Android Studio\jbr\bin\vcruntime140_1.dll
0x00007ffd8ad00000 - 0x00007ffd8ad8d000 	C:\Program Files\Android\Android Studio\jbr\bin\msvcp140.dll
0x00007ffd7bdc0000 - 0x00007ffd7ca40000 	C:\Program Files\Android\Android Studio\jbr\bin\server\jvm.dll
0x00007ffdcff50000 - 0x00007ffdd0002000 	C:\WINDOWS\System32\ADVAPI32.dll
0x00007ffdcf1a0000 - 0x00007ffdcf247000 	C:\WINDOWS\System32\sechost.dll
0x00007ffdcdac0000 - 0x00007ffdcdae8000 	C:\WINDOWS\System32\bcrypt.dll
0x00007ffdce060000 - 0x00007ffdce174000 	C:\WINDOWS\System32\RPCRT4.dll
0x00007ffdacd80000 - 0x00007ffdacd89000 	C:\WINDOWS\SYSTEM32\WSOCK32.dll
0x00007ffdc7800000 - 0x00007ffdc7834000 	C:\WINDOWS\SYSTEM32\WINMM.dll
0x00007ffdbec30000 - 0x00007ffdbec3a000 	C:\WINDOWS\SYSTEM32\VERSION.dll
0x00007ffdcfcf0000 - 0x00007ffdcfd61000 	C:\WINDOWS\System32\ws2_32.DLL
0x00007ffdcc480000 - 0x00007ffdcc498000 	C:\WINDOWS\SYSTEM32\kernel.appcore.dll
0x00007ffdc7970000 - 0x00007ffdc797a000 	C:\Program Files\Android\Android Studio\jbr\bin\jimage.dll
0x00007ffdcac20000 - 0x00007ffdcae52000 	C:\WINDOWS\SYSTEM32\DBGHELP.DLL
0x00007ffdcec90000 - 0x00007ffdcf01f000 	C:\WINDOWS\System32\combase.dll
0x00007ffdcf340000 - 0x00007ffdcf417000 	C:\WINDOWS\System32\OLEAUT32.dll
0x00007ffdbfee0000 - 0x00007ffdbff12000 	C:\WINDOWS\SYSTEM32\dbgcore.DLL
0x00007ffdcd3f0000 - 0x00007ffdcd46b000 	C:\WINDOWS\System32\bcryptPrimitives.dll
0x00007ffdc2380000 - 0x00007ffdc238e000 	C:\Program Files\Android\Android Studio\jbr\bin\instrument.dll
0x00007ffdc5e50000 - 0x00007ffdc5e75000 	C:\Program Files\Android\Android Studio\jbr\bin\java.dll
0x00007ffdc5e30000 - 0x00007ffdc5e48000 	C:\Program Files\Android\Android Studio\jbr\bin\zip.dll
0x00007ffdce260000 - 0x00007ffdcead6000 	C:\WINDOWS\System32\SHELL32.dll
0x00007ffdcb290000 - 0x00007ffdcbb93000 	C:\WINDOWS\SYSTEM32\windows.storage.dll
0x00007ffdcb150000 - 0x00007ffdcb28f000 	C:\WINDOWS\SYSTEM32\wintypes.dll
0x00007ffdceb80000 - 0x00007ffdcec79000 	C:\WINDOWS\System32\SHCORE.dll
0x00007ffdcf250000 - 0x00007ffdcf2ae000 	C:\WINDOWS\System32\shlwapi.dll
0x00007ffdcd280000 - 0x00007ffdcd2ab000 	C:\WINDOWS\SYSTEM32\profapi.dll
0x00007ffdc5dd0000 - 0x00007ffdc5de9000 	C:\Program Files\Android\Android Studio\jbr\bin\net.dll
0x00007ffdc8c70000 - 0x00007ffdc8da6000 	C:\WINDOWS\SYSTEM32\WINHTTP.dll
0x00007ffdcc900000 - 0x00007ffdcc969000 	C:\WINDOWS\system32\mswsock.dll
0x00007ffdc2470000 - 0x00007ffdc2486000 	C:\Program Files\Android\Android Studio\jbr\bin\nio.dll
0x00007ffdc7960000 - 0x00007ffdc7970000 	C:\Program Files\Android\Android Studio\jbr\bin\verify.dll
0x00007ffdc7840000 - 0x00007ffdc7867000 	C:\Users\82104\.gradle\native\68d5fa5c4cc2d200863cafc0d521ce42e7d3e7ee720ec0a83991735586a16f82\windows-amd64\native-platform.dll
0x00007ffd796f0000 - 0x00007ffd79834000 	C:\Users\82104\.gradle\native\e376f236ea51e6404a007f0833ffe2c6e607c4080706a723a18a27aeea778392\windows-amd64\native-platform-file-events.dll
0x00007ffdc78a0000 - 0x00007ffdc78a9000 	C:\Program Files\Android\Android Studio\jbr\bin\management.dll
0x00007ffdc2460000 - 0x00007ffdc246b000 	C:\Program Files\Android\Android Studio\jbr\bin\management_ext.dll
0x00007ffdcf420000 - 0x00007ffdcf428000 	C:\WINDOWS\System32\PSAPI.DLL
0x00007ffdccb50000 - 0x00007ffdccb6b000 	C:\WINDOWS\SYSTEM32\CRYPTSP.dll
0x00007ffdcc3e0000 - 0x00007ffdcc415000 	C:\WINDOWS\system32\rsaenh.dll
0x00007ffdcc9f0000 - 0x00007ffdcca18000 	C:\WINDOWS\SYSTEM32\USERENV.dll
0x00007ffdccb70000 - 0x00007ffdccb7c000 	C:\WINDOWS\SYSTEM32\CRYPTBASE.dll
0x00007ffdcbf00000 - 0x00007ffdcbf2d000 	C:\WINDOWS\SYSTEM32\IPHLPAPI.DLL
0x00007ffdcec80000 - 0x00007ffdcec89000 	C:\WINDOWS\System32\NSI.dll
0x00007ffdc8c50000 - 0x00007ffdc8c69000 	C:\WINDOWS\SYSTEM32\dhcpcsvc6.DLL
0x00007ffdc8c30000 - 0x00007ffdc8c4f000 	C:\WINDOWS\SYSTEM32\dhcpcsvc.DLL
0x00007ffdcbf30000 - 0x00007ffdcc032000 	C:\WINDOWS\SYSTEM32\DNSAPI.dll
0x00007ffdb1270000 - 0x00007ffdb1278000 	C:\WINDOWS\system32\wshunix.dll

dbghelp: loaded successfully - version: 4.0.5 - missing functions: none
symbol engine: initialized successfully - sym options: 0x614 - pdb path: .;C:\Program Files\Android\Android Studio\jbr\bin;C:\WINDOWS\SYSTEM32;C:\WINDOWS\WinSxS\amd64_microsoft.windows.common-controls_6595b64144ccf1df_6.0.22621.4391_none_2715d37f73803e96;C:\Program Files\Android\Android Studio\jbr\bin\server;C:\Users\82104\.gradle\native\68d5fa5c4cc2d200863cafc0d521ce42e7d3e7ee720ec0a83991735586a16f82\windows-amd64;C:\Users\82104\.gradle\native\e376f236ea51e6404a007f0833ffe2c6e607c4080706a723a18a27aeea778392\windows-amd64

VM Arguments:
jvm_args: --add-opens=java.base/java.util=ALL-UNNAMED --add-opens=java.base/java.lang=ALL-UNNAMED --add-opens=java.base/java.lang.invoke=ALL-UNNAMED --add-opens=java.prefs/java.util.prefs=ALL-UNNAMED --add-opens=java.base/java.nio.charset=ALL-UNNAMED --add-opens=java.base/java.net=ALL-UNNAMED --add-opens=java.base/java.util.concurrent.atomic=ALL-UNNAMED -Xmx2048m -Dfile.encoding=UTF-8 -Duser.country=KR -Duser.language=ko -Duser.variant -javaagent:C:\Users\82104\.gradle\wrapper\dists\gradle-8.2-bin\bbg7u40eoinfdyxsxr3z4i7ta\gradle-8.2\lib\agents\gradle-instrumentation-agent-8.2.jar 
java_command: org.gradle.launcher.daemon.bootstrap.GradleDaemon 8.2
java_class_path (initial): C:\Users\82104\.gradle\wrapper\dists\gradle-8.2-bin\bbg7u40eoinfdyxsxr3z4i7ta\gradle-8.2\lib\gradle-launcher-8.2.jar
Launcher Type: SUN_STANDARD

[Global flags]
     intx CICompilerCount                          = 4                                         {product} {ergonomic}
     uint ConcGCThreads                            = 2                                         {product} {ergonomic}
     uint G1ConcRefinementThreads                  = 8                                         {product} {ergonomic}
   size_t G1HeapRegionSize                         = 1048576                                   {product} {ergonomic}
    uintx GCDrainStackTargetSize                   = 64                                        {product} {ergonomic}
   size_t InitialHeapSize                          = 130023424                                 {product} {ergonomic}
   size_t MarkStackSize                            = 4194304                                   {product} {ergonomic}
   size_t MaxHeapSize                              = 2147483648                                {product} {command line}
   size_t MaxNewSize                               = 1287651328                                {product} {ergonomic}
   size_t MinHeapDeltaBytes                        = 1048576                                   {product} {ergonomic}
   size_t MinHeapSize                              = 8388608                                   {product} {ergonomic}
    uintx NonNMethodCodeHeapSize                   = 5839372                                {pd product} {ergonomic}
    uintx NonProfiledCodeHeapSize                  = 122909434                              {pd product} {ergonomic}
    uintx ProfiledCodeHeapSize                     = 122909434                              {pd product} {ergonomic}
    uintx ReservedCodeCacheSize                    = 251658240                              {pd product} {ergonomic}
     bool SegmentedCodeCache                       = true                                      {product} {ergonomic}
   size_t SoftMaxHeapSize                          = 2147483648                             {manageable} {ergonomic}
     bool UseCompressedClassPointers               = true                           {product lp64_product} {ergonomic}
     bool UseCompressedOops                        = true                           {product lp64_product} {ergonomic}
     bool UseG1GC                                  = true                                      {product} {ergonomic}
     bool UseLargePagesIndividualAllocation        = false                                  {pd product} {ergonomic}

Logging:
Log output configuration:
 #0: stdout all=warning uptime,level,tags
 #1: stderr all=off uptime,level,tags

Environment Variables:
PATH=C:\WINDOWS\system32;C:\WINDOWS;C:\WINDOWS\System32\Wbem;C:\WINDOWS\System32\WindowsPowerShell\v1.0\;C:\WINDOWS\System32\OpenSSH\;C:\Program Files (x86)\Windows Kits\10\Windows Performance Toolkit\;C:\Program Files\nodejs\;C:\Program Files\Git\cmd;C:\Users\82104\AppData\Local\Programs\Python\Python310\Scripts\;C:\Users\82104\AppData\Local\Programs\Python\Python310\;C:\Users\82104\AppData\Local\Programs\Python\Python39\Scripts\;C:\Users\82104\AppData\Local\Programs\Python\Python39\;C:\Users\82104\AppData\Local\Programs\Python\Python311\Scripts\;C:\Users\82104\AppData\Local\Programs\Python\Python311\;C:\Users\82104\AppData\Local\Microsoft\WindowsApps;C:\Program Files\JetBrains\PyCharm 2023.3.4\bin;;C:\Program Files\JetBrains\PyCharm Community Edition 2023.3.4\bin;;C:\Users\82104\AppData\Local\Programs\Microsoft VS Code\bin;C:\Users\82104\AppData\Roaming\npm;C:\Users\82104\AppData\Local\GitHubDesktop\bin
USERNAME=82104
OS=Windows_NT
PROCESSOR_IDENTIFIER=Intel64 Family 6 Model 140 Stepping 1, GenuineIntel
TMP=C:\Users\82104\AppData\Local\Temp
TEMP=C:\Users\82104\AppData\Local\Temp


JNI global refs:
JNI global refs: 25, weak refs: 3

JNI global refs memory usage: 843, weak refs: 841

OOME stack traces (most recent first):
Classloader memory used:
Loader bootstrap                                                                       : 1860K
Loader org.gradle.internal.classloader.VisitableURLClassLoader                         : 1670K
Loader org.gradle.initialization.MixInLegacyTypesClassLoader                           : 310K
Loader jdk.internal.loader.ClassLoaders$AppClassLoader                                 : 28450B
Loader jdk.internal.loader.ClassLoaders$PlatformClassLoader                            : 16670B
Loader jdk.internal.reflect.DelegatingClassLoader                                      : 3102B

Classes loaded by more than one classloader:
Class org.gradle.internal.installation.GradleInstallation                             : loaded 2 times (x 73B)
Class org.gradle.internal.classpath.ClassPath                                         : loaded 2 times (x 68B)
Class org.gradle.api.internal.classpath.DefaultModuleRegistry                         : loaded 2 times (x 84B)
Class org.gradle.api.Action                                                           : loaded 2 times (x 68B)
Class org.gradle.api.internal.DefaultClassPathProvider                                : loaded 2 times (x 74B)
Class org.gradle.internal.installation.GradleInstallation$1                           : loaded 2 times (x 73B)
Class org.gradle.internal.classloader.FilteringClassLoader                            : loaded 2 times (x 102B)
Class org.gradle.internal.classpath.DefaultClassPath$ImmutableUniqueList$Builder      : loaded 2 times (x 73B)
Class org.gradle.internal.classloader.ClassLoaderVisitor                              : loaded 2 times (x 74B)
Class org.gradle.internal.service.DefaultServiceLocator                               : loaded 2 times (x 81B)
Class org.gradle.internal.service.UnknownServiceException                             : loaded 2 times (x 81B)
Class org.gradle.internal.classloader.DefaultClassLoaderFactory                       : loaded 2 times (x 80B)
Class org.gradle.internal.classloader.VisitableURLClassLoader$Spec                    : loaded 2 times (x 72B)
Class org.gradle.api.GradleException                                                  : loaded 2 times (x 80B)
Class org.gradle.api.internal.classpath.ModuleRegistry                                : loaded 2 times (x 68B)
Class org.gradle.api.internal.ClassPathProvider                                       : loaded 2 times (x 68B)
Class org.gradle.internal.classloader.ClasspathUtil$1                                 : loaded 2 times (x 74B)
Class org.gradle.internal.classloader.ClassLoaderFactory                              : loaded 2 times (x 68B)
Class org.gradle.api.internal.classpath.ManifestUtil                                  : loaded 2 times (x 69B)
Class org.gradle.api.specs.Spec                                                       : loaded 2 times (x 68B)
Class org.gradle.internal.IoActions                                                   : loaded 2 times (x 69B)
Class org.gradle.api.internal.classpath.EffectiveClassPath                            : loaded 2 times (x 88B)
Class org.gradle.internal.installation.CurrentGradleInstallation                      : loaded 2 times (x 71B)
Class org.gradle.internal.agents.InstrumentingClassLoader                             : loaded 2 times (x 68B)
Class org.gradle.internal.installation.CurrentGradleInstallationLocator               : loaded 2 times (x 69B)
Class org.gradle.api.internal.classpath.Module                                        : loaded 2 times (x 68B)
Class org.gradle.internal.service.CachingServiceLocator                               : loaded 2 times (x 80B)
Class org.gradle.internal.classpath.DefaultClassPath                                  : loaded 2 times (x 88B)
Class org.gradle.internal.classloader.SystemClassLoaderSpec                           : loaded 2 times (x 69B)
Class org.gradle.api.UncheckedIOException                                             : loaded 2 times (x 80B)
Class org.gradle.internal.classloader.ClasspathUtil                                   : loaded 2 times (x 69B)
Class org.gradle.api.internal.DefaultClassPathRegistry                                : loaded 2 times (x 74B)
Class org.gradle.api.internal.classpath.DefaultModuleRegistry$DefaultModule           : loaded 2 times (x 84B)
Class org.gradle.api.internal.classpath.UnknownModuleException                        : loaded 2 times (x 80B)
Class org.gradle.internal.service.ServiceLookupException                              : loaded 2 times (x 80B)
Class org.gradle.cache.GlobalCache                                                    : loaded 2 times (x 68B)
Class [Lorg.gradle.api.internal.ClassPathProvider;                                    : loaded 2 times (x 67B)
Class org.gradle.util.internal.GUtil                                                  : loaded 2 times (x 69B)
Class org.gradle.internal.classloader.ClassLoaderSpec                                 : loaded 2 times (x 69B)
Class org.gradle.internal.classloader.VisitableURLClassLoader                         : loaded 2 times (x 114B)
Class org.gradle.internal.Cast                                                        : loaded 2 times (x 69B)
Class org.gradle.api.internal.ClassPathRegistry                                       : loaded 2 times (x 68B)
Class org.gradle.internal.classloader.VisitableURLClassLoader$InstrumentingVisitableURLClassLoader: loaded 2 times (x 120B)
Class org.gradle.internal.classloader.ClassLoaderHierarchy                            : loaded 2 times (x 68B)
Class org.gradle.internal.InternalTransformer                                         : loaded 2 times (x 68B)
Class org.gradle.internal.service.ServiceLocator                                      : loaded 2 times (x 68B)
Class org.gradle.internal.classpath.DefaultClassPath$ImmutableUniqueList              : loaded 2 times (x 159B)
Class org.gradle.internal.classpath.TransformedClassPath                              : loaded 2 times (x 94B)


---------------  S Y S T E M  ---------------

OS:
 Windows 11 , 64 bit Build 22621 (10.0.22621.4391)
OS uptime: 5 days 19:03 hours

CPU: total 8 (initial active 8) (4 cores per cpu, 2 threads per core) family 6 model 140 stepping 1 microcode 0xb4, cx8, cmov, fxsr, ht, mmx, 3dnowpref, sse, sse2, sse3, ssse3, sse4.1, sse4.2, popcnt, lzcnt, tsc, tscinvbit, avx, avx2, aes, erms, clmul, bmi1, bmi2, adx, avx512f, avx512dq, avx512cd, avx512bw, avx512vl, sha, fma, vzeroupper, avx512_vpopcntdq, avx512_vpclmulqdq, avx512_vaes, avx512_vnni, clflush, clflushopt, clwb, avx512_vbmi2, avx512_vbmi

Memory: 4k page, system-wide physical 7865M (358M free)
TotalPageFile size 32441M (AvailPageFile size 13M)
current process WorkingSet (physical memory assigned to process): 181M, peak: 182M
current process commit charge ("private bytes"): 226M, peak: 262M

vm_info: OpenJDK 64-Bit Server VM (17.0.7+0-b2043.56-10550314) for windows-amd64 JRE (17.0.7+0-b2043.56-10550314), built on Jul 24 2023 18:27:45 by "androidbuild" with MS VC++ 16.10 / 16.11 (VS2019)

END.
